Log file open, 02/19/21 15:29:15
LogInit: Display: Running engine for game: CubeLord_Adrian
LogPlatformFile: Not using cached read wrapper
LogTaskGraph: Started task graph with 5 named threads and 35 total threads with 3 sets of task threads.
LogStats: Stats thread started at 3.090857
LogD3D11RHI: Loaded GFSDK_Aftermath_Lib.x64.dll
LogICUInternationalization: ICU TimeZone Detection - Raw Offset: +1:00, Platform Override: ''
LogPluginManager: Mounting plugin Paper2D
LogPluginManager: Mounting plugin AISupport
LogPluginManager: Mounting plugin LightPropagationVolume
LogPluginManager: Mounting plugin CameraShakePreviewer
LogPluginManager: Mounting plugin ActorLayerUtilities
LogPluginManager: Mounting plugin AnimationSharing
LogPluginManager: Mounting plugin CLionSourceCodeAccess
LogPluginManager: Mounting plugin CodeLiteSourceCodeAccess
LogPluginManager: Mounting plugin GitSourceControl
LogPluginManager: Mounting plugin KDevelopSourceCodeAccess
LogPluginManager: Mounting plugin NullSourceCodeAccess
LogPluginManager: Mounting plugin PerforceSourceControl
LogPluginManager: Mounting plugin PlasticSourceControl
LogPluginManager: Mounting plugin RiderSourceCodeAccess
LogPluginManager: Mounting plugin SubversionSourceControl
LogPluginManager: Mounting plugin UObjectPlugin
LogPluginManager: Mounting plugin VisualStudioCodeSourceCodeAccess
LogPluginManager: Mounting plugin VisualStudioSourceCodeAccess
LogPluginManager: Mounting plugin XCodeSourceCodeAccess
LogPluginManager: Mounting plugin AssetManagerEditor
LogPluginManager: Mounting plugin CryptoKeys
LogPluginManager: Mounting plugin CurveEditorTools
LogPluginManager: Mounting plugin DataValidation
LogPluginManager: Mounting plugin EditorScriptingUtilities
LogPluginManager: Mounting plugin FacialAnimation
LogPluginManager: Mounting plugin GameplayTagsEditor
LogPluginManager: Mounting plugin GeometryMode
LogPluginManager: Mounting plugin MacGraphicsSwitching
LogPluginManager: Mounting plugin MaterialAnalyzer
LogPluginManager: Mounting plugin MobileLauncherProfileWizard
LogPluginManager: Mounting plugin PluginBrowser
LogPluginManager: Mounting plugin SpeedTreeImporter
LogPluginManager: Mounting plugin DatasmithContent
LogPluginManager: Mounting plugin VariantManagerContent
LogPluginManager: Mounting plugin AlembicImporter
LogPluginManager: Mounting plugin AutomationUtils
LogPluginManager: Mounting plugin BackChannel
LogPluginManager: Mounting plugin ChaosCloth
LogPluginManager: Mounting plugin ChaosClothEditor
LogPluginManager: Mounting plugin ChaosEditor
LogPluginManager: Mounting plugin ChaosNiagara
LogPluginManager: Mounting plugin ChaosSolverPlugin
LogPluginManager: Mounting plugin CharacterAI
LogPluginManager: Mounting plugin GeometryCache
LogPluginManager: Mounting plugin GeometryCollectionPlugin
LogPluginManager: Mounting plugin GeometryProcessing
LogPluginManager: Mounting plugin PlanarCut
LogPluginManager: Mounting plugin PlatformCrypto
LogPluginManager: Mounting plugin ProxyLODPlugin
LogPluginManager: Mounting plugin SkeletalReduction
LogPluginManager: Mounting plugin Niagara
LogPluginManager: Mounting plugin MagicLeap
LogPluginManager: Mounting plugin MagicLeapLightEstimation
LogPluginManager: Mounting plugin MagicLeapMedia
LogPluginManager: Mounting plugin MagicLeapPassableWorld
LogPluginManager: Mounting plugin MLSDK
LogPluginManager: Mounting plugin AndroidMedia
LogPluginManager: Mounting plugin AvfMedia
LogPluginManager: Mounting plugin ImgMedia
LogPluginManager: Mounting plugin MediaCompositing
LogPluginManager: Mounting plugin MediaPlayerEditor
LogPluginManager: Mounting plugin WebMMedia
LogPluginManager: Mounting plugin WmfMedia
LogPluginManager: Mounting plugin MeshPainting
LogPluginManager: Mounting plugin TcpMessaging
LogPluginManager: Mounting plugin UdpMessaging
LogPluginManager: Mounting plugin ActorSequence
LogPluginManager: Mounting plugin LevelSequenceEditor
LogPluginManager: Mounting plugin MatineeToLevelSequence
LogPluginManager: Mounting plugin MovieRenderPipeline
LogPluginManager: Mounting plugin TemplateSequence
LogPluginManager: Mounting plugin NetcodeUnitTest
LogPluginManager: Mounting plugin NUTUnrealEngine4
LogPluginManager: Mounting plugin OnlineSubsystemGooglePlay
LogPluginManager: Mounting plugin OnlineSubsystemIOS
LogPluginManager: Mounting plugin OnlineSubsystem
LogPluginManager: Mounting plugin OnlineSubsystemNull
LogPluginManager: Mounting plugin OnlineSubsystemUtils
LogPluginManager: Mounting plugin LauncherChunkInstaller
LogPluginManager: Mounting plugin AndroidDeviceProfileSelector
LogPluginManager: Mounting plugin AndroidMoviePlayer
LogPluginManager: Mounting plugin AndroidPermission
LogPluginManager: Mounting plugin AppleImageUtils
LogPluginManager: Mounting plugin AppleMoviePlayer
LogPluginManager: Mounting plugin ArchVisCharacter
LogPluginManager: Mounting plugin AssetTags
LogPluginManager: Mounting plugin AudioCapture
LogPluginManager: Mounting plugin CableComponent
LogPluginManager: Mounting plugin CustomMeshComponent
LogPluginManager: Mounting plugin EditableMesh
LogPluginManager: Mounting plugin ExampleDeviceProfileSelector
LogPluginManager: Mounting plugin GoogleCloudMessaging
LogPluginManager: Mounting plugin GooglePAD
LogPluginManager: Mounting plugin IOSDeviceProfileSelector
LogPluginManager: Mounting plugin LinuxDeviceProfileSelector
LogPluginManager: Mounting plugin LocationServicesBPLibrary
LogPluginManager: Mounting plugin MobilePatchingUtils
LogPluginManager: Mounting plugin OculusVR
LogPluginManager: Mounting plugin PhysXVehicles
LogPluginManager: Mounting plugin PostSplashScreen
LogPluginManager: Mounting plugin ProceduralMeshComponent
LogPluginManager: Mounting plugin RuntimePhysXCooking
LogPluginManager: Mounting plugin SignificanceManager
LogPluginManager: Mounting plugin SoundFields
LogPluginManager: Mounting plugin SteamVR
LogPluginManager: Mounting plugin Synthesis
LogPluginManager: Mounting plugin WebMMoviePlayer
LogPluginManager: Mounting plugin WindowsMoviePlayer
LogPluginManager: Mounting plugin ScreenshotTools
LogInit: Using libcurl 7.55.1-DEV
LogInit:  - built for x86_64-pc-win32
LogInit:  - supports SSL with OpenSSL/1.1.1
LogInit:  - supports HTTP deflate (compression) using libz 1.2.8
LogInit:  - other features:
LogInit:      CURL_VERSION_SSL
LogInit:      CURL_VERSION_LIBZ
LogInit:      CURL_VERSION_IPV6
LogInit:      CURL_VERSION_ASYNCHDNS
LogInit:      CURL_VERSION_LARGEFILE
LogInit:      CURL_VERSION_IDN
LogInit:  CurlRequestOptions (configurable via config and command line):
LogInit:  - bVerifyPeer = true  - Libcurl will verify peer certificate
LogInit:  - bUseHttpProxy = false  - Libcurl will NOT use HTTP proxy
LogInit:  - bDontReuseConnections = false  - Libcurl will reuse connections
LogInit:  - MaxHostConnections = 16  - Libcurl will limit the number of connections to a host
LogInit:  - LocalHostAddr = Default
LogInit:  - BufferSize = 65536
LogOnline: OSS: Creating online subsystem instance for: NULL
LogInit: WinSock: version 1.1 (2.2), MaxSocks=32767, MaxUdp=65467
LogOnline: OSS: TryLoadSubsystemAndSetDefault: Loaded subsystem for module [NULL]
LogInit: Build: ++UE4+Release-4.25-CL-14469661
LogInit: Engine Version: 4.25.4-14469661+++UE4+Release-4.25
LogInit: Compatible Engine Version: 4.25.0-13144385+++UE4+Release-4.25
LogInit: Net CL: 13144385
LogInit: OS: Windows 10 (Release 2004) (), CPU: Intel(R) Core(TM) i7-8700K CPU @ 3.70GHz, GPU: NVIDIA GeForce GTX 970
LogInit: Compiled (64-bit): Oct 11 2020 08:10:49
LogInit: Compiled with Visual C++: 19.24.28315.00
LogInit: Build Configuration: Development
LogInit: Branch Name: ++UE4+Release-4.25
LogInit: Command Line: 
LogInit: Base Directory: D:/EpicGames/UE_4.25/Engine/Binaries/Win64/
LogInit: Allocator: TBB
LogInit: Installed Engine Build: 1
LogDevObjectVersion: Number of dev versions registered: 26
LogDevObjectVersion:   Dev-Blueprints (B0D832E4-1F89-4F0D-ACCF-7EB736FD4AA2): 10
LogDevObjectVersion:   Dev-Build (E1C64328-A22C-4D53-A36C-8E866417BD8C): 0
LogDevObjectVersion:   Dev-Core (375EC13C-06E4-48FB-B500-84F0262A717E): 4
LogDevObjectVersion:   Dev-Editor (E4B068ED-F494-42E9-A231-DA0B2E46BB41): 38
LogDevObjectVersion:   Dev-Framework (CFFC743F-43B0-4480-9391-14DF171D2073): 37
LogDevObjectVersion:   Dev-Mobile (B02B49B5-BB20-44E9-A304-32B752E40360): 2
LogDevObjectVersion:   Dev-Networking (A4E4105C-59A1-49B5-A7C5-40C4547EDFEE): 0
LogDevObjectVersion:   Dev-Online (39C831C9-5AE6-47DC-9A44-9C173E1C8E7C): 0
LogDevObjectVersion:   Dev-Physics (78F01B33-EBEA-4F98-B9B4-84EACCB95AA2): 4
LogDevObjectVersion:   Dev-Platform (6631380F-2D4D-43E0-8009-CF276956A95A): 0
LogDevObjectVersion:   Dev-Rendering (12F88B9F-8875-4AFC-A67C-D90C383ABD29): 43
LogDevObjectVersion:   Dev-Sequencer (7B5AE74C-D270-4C10-A958-57980B212A5A): 12
LogDevObjectVersion:   Dev-VR (D7296918-1DD6-4BDD-9DE2-64A83CC13884): 3
LogDevObjectVersion:   Dev-LoadTimes (C2A15278-BFE7-4AFE-6C17-90FF531DF755): 1
LogDevObjectVersion:   Private-Geometry (6EACA3D4-40EC-4CC1-B786-8BED09428FC5): 3
LogDevObjectVersion:   Dev-AnimPhys (29E575DD-E0A3-4627-9D10-D276232CDCEA): 17
LogDevObjectVersion:   Dev-Anim (AF43A65D-7FD3-4947-9873-3E8ED9C1BB05): 7
LogDevObjectVersion:   Dev-ReflectionCapture (6B266CEC-1EC7-4B8F-A30B-E4D90942FC07): 1
LogDevObjectVersion:   Dev-Automation (0DF73D61-A23F-47EA-B727-89E90C41499A): 1
LogDevObjectVersion:   FortniteMain (601D1886-AC64-4F84-AA16-D3DE0DEAC7D6): 31
LogDevObjectVersion:   Dev-Enterprise (9DFFBCD6-494F-0158-E221-12823C92A888): 10
LogDevObjectVersion:   Dev-Niagara (F2AED0AC-9AFE-416F-8664-AA7FFA26D6FC): 1
LogDevObjectVersion:   Dev-Destruction (174F1F0B-B4C6-45A5-B13F-2EE8D0FB917D): 10
LogDevObjectVersion:   Dev-Physics-Ext (35F94A83-E258-406C-A318-09F59610247C): 37
LogDevObjectVersion:   Dev-PhysicsMaterial-Chaos (B68FC16E-8B1B-42E2-B453-215C058844FE): 1
LogDevObjectVersion:   Dev-CineCamera (B2E18506-4273-CFC2-A54E-F4BB758BBA07): 1
LogInit: Presizing for max 25165824 objects, including 0 objects not considered by GC, pre-allocating 0 bytes for permanent pool.
LogConfig: Applying CVar settings from Section [/Script/Engine.StreamingSettings] File [D:/Dropbox/_Innlandet/Game_Design/CubeLord_Adrian/Saved/Config/Windows/Engine.ini]
LogConfig: Setting CVar [[s.MinBulkDataSizeForAsyncLoading:131072]]
LogConfig: Setting CVar [[s.AsyncLoadingThreadEnabled:0]]
LogConfig: Setting CVar [[s.EventDrivenLoaderEnabled:1]]
LogConfig: Setting CVar [[s.WarnIfTimeLimitExceeded:0]]
LogConfig: Setting CVar [[s.TimeLimitExceededMultiplier:1.5]]
LogConfig: Setting CVar [[s.TimeLimitExceededMinTime:0.005]]
LogConfig: Setting CVar [[s.UseBackgroundLevelStreaming:1]]
LogConfig: Setting CVar [[s.PriorityAsyncLoadingExtraTime:15.0]]
LogConfig: Setting CVar [[s.LevelStreamingActorsUpdateTimeLimit:5.0]]
LogConfig: Setting CVar [[s.PriorityLevelStreamingActorsUpdateExtraTime:5.0]]
LogConfig: Setting CVar [[s.LevelStreamingComponentsRegistrationGranularity:10]]
LogConfig: Setting CVar [[s.UnregisterComponentsTimeLimit:1.0]]
LogConfig: Setting CVar [[s.LevelStreamingComponentsUnregistrationGranularity:5]]
LogConfig: Setting CVar [[s.FlushStreamingOnExit:1]]
LogInit: Object subsystem initialized
LogConfig: Setting CVar [[con.DebugEarlyDefault:1]]
LogConfig: Setting CVar [[r.setres:1280x720]]
[2021.02.19-14.29.15:362][  0]LogConfig: Setting CVar [[r.VSync:0]]
[2021.02.19-14.29.15:362][  0]LogConfig: Setting CVar [[r.RHICmdBypass:0]]
[2021.02.19-14.29.15:362][  0]LogConfig: Applying CVar settings from Section [/Script/Engine.RendererSettings] File [D:/Dropbox/_Innlandet/Game_Design/CubeLord_Adrian/Saved/Config/Windows/Engine.ini]
[2021.02.19-14.29.15:362][  0]LogConfig: Setting CVar [[r.GPUCrashDebugging:0]]
[2021.02.19-14.29.15:362][  0]LogConfig: Applying CVar settings from Section [/Script/Engine.RendererOverrideSettings] File [D:/Dropbox/_Innlandet/Game_Design/CubeLord_Adrian/Saved/Config/Windows/Engine.ini]
[2021.02.19-14.29.15:362][  0]LogConfig: Applying CVar settings from Section [/Script/Engine.StreamingSettings] File [D:/Dropbox/_Innlandet/Game_Design/CubeLord_Adrian/Saved/Config/Windows/Engine.ini]
[2021.02.19-14.29.15:362][  0]LogConfig: Setting CVar [[s.MinBulkDataSizeForAsyncLoading:131072]]
[2021.02.19-14.29.15:362][  0]LogConfig: Setting CVar [[s.AsyncLoadingThreadEnabled:0]]
[2021.02.19-14.29.15:362][  0]LogConfig: Setting CVar [[s.EventDrivenLoaderEnabled:1]]
[2021.02.19-14.29.15:362][  0]LogConfig: Setting CVar [[s.WarnIfTimeLimitExceeded:0]]
[2021.02.19-14.29.15:362][  0]LogConfig: Setting CVar [[s.TimeLimitExceededMultiplier:1.5]]
[2021.02.19-14.29.15:362][  0]LogConfig: Setting CVar [[s.TimeLimitExceededMinTime:0.005]]
[2021.02.19-14.29.15:362][  0]LogConfig: Setting CVar [[s.UseBackgroundLevelStreaming:1]]
[2021.02.19-14.29.15:362][  0]LogConfig: Setting CVar [[s.PriorityAsyncLoadingExtraTime:15.0]]
[2021.02.19-14.29.15:362][  0]LogConfig: Setting CVar [[s.LevelStreamingActorsUpdateTimeLimit:5.0]]
[2021.02.19-14.29.15:362][  0]LogConfig: Setting CVar [[s.PriorityLevelStreamingActorsUpdateExtraTime:5.0]]
[2021.02.19-14.29.15:362][  0]LogConfig: Setting CVar [[s.LevelStreamingComponentsRegistrationGranularity:10]]
[2021.02.19-14.29.15:362][  0]LogConfig: Setting CVar [[s.UnregisterComponentsTimeLimit:1.0]]
[2021.02.19-14.29.15:362][  0]LogConfig: Setting CVar [[s.LevelStreamingComponentsUnregistrationGranularity:5]]
[2021.02.19-14.29.15:362][  0]LogConfig: Setting CVar [[s.FlushStreamingOnExit:1]]
[2021.02.19-14.29.15:362][  0]LogConfig: Applying CVar settings from Section [/Script/Engine.GarbageCollectionSettings] File [D:/Dropbox/_Innlandet/Game_Design/CubeLord_Adrian/Saved/Config/Windows/Engine.ini]
[2021.02.19-14.29.15:362][  0]LogConfig: Setting CVar [[gc.MaxObjectsNotConsideredByGC:1]]
[2021.02.19-14.29.15:362][  0]LogConfig: Setting CVar [[gc.SizeOfPermanentObjectPool:0]]
[2021.02.19-14.29.15:362][  0]LogConfig: Setting CVar [[gc.FlushStreamingOnGC:0]]
[2021.02.19-14.29.15:362][  0]LogConfig: Setting CVar [[gc.NumRetriesBeforeForcingGC:10]]
[2021.02.19-14.29.15:362][  0]LogConfig: Setting CVar [[gc.AllowParallelGC:1]]
[2021.02.19-14.29.15:362][  0]LogConfig: Setting CVar [[gc.TimeBetweenPurgingPendingKillObjects:61.1]]
[2021.02.19-14.29.15:362][  0]LogConfig: Setting CVar [[gc.MaxObjectsInEditor:25165824]]
[2021.02.19-14.29.15:362][  0]LogConfig: Setting CVar [[gc.IncrementalBeginDestroyEnabled:1]]
[2021.02.19-14.29.15:362][  0]LogConfig: Setting CVar [[gc.CreateGCClusters:1]]
[2021.02.19-14.29.15:362][  0]LogConfig: Setting CVar [[gc.MinGCClusterSize:5]]
[2021.02.19-14.29.15:362][  0]LogConfig: Setting CVar [[gc.ActorClusteringEnabled:0]]
[2021.02.19-14.29.15:362][  0]LogConfig: Setting CVar [[gc.BlueprintClusteringEnabled:0]]
[2021.02.19-14.29.15:362][  0]LogConfig: Setting CVar [[gc.UseDisregardForGCOnDedicatedServers:0]]
[2021.02.19-14.29.15:362][  0]LogConfig: Applying CVar settings from Section [/Script/Engine.NetworkSettings] File [D:/Dropbox/_Innlandet/Game_Design/CubeLord_Adrian/Saved/Config/Windows/Engine.ini]
[2021.02.19-14.29.15:362][  0]LogConfig: Applying CVar settings from Section [/Script/UnrealEd.CookerSettings] File [D:/Dropbox/_Innlandet/Game_Design/CubeLord_Adrian/Saved/Config/Windows/Engine.ini]
[2021.02.19-14.29.15:366][  0]LogConfig: Applying CVar settings from Section [ViewDistanceQuality@3] File [D:/Dropbox/_Innlandet/Game_Design/CubeLord_Adrian/Saved/Config/Windows/Scalability.ini]
[2021.02.19-14.29.15:366][  0]LogConfig: Setting CVar [[r.SkeletalMeshLODBias:0]]
[2021.02.19-14.29.15:366][  0]LogConfig: Setting CVar [[r.ViewDistanceScale:1.0]]
[2021.02.19-14.29.15:366][  0]LogConfig: Applying CVar settings from Section [AntiAliasingQuality@3] File [D:/Dropbox/_Innlandet/Game_Design/CubeLord_Adrian/Saved/Config/Windows/Scalability.ini]
[2021.02.19-14.29.15:366][  0]LogConfig: Setting CVar [[r.PostProcessAAQuality:4]]
[2021.02.19-14.29.15:366][  0]LogConfig: Applying CVar settings from Section [ShadowQuality@3] File [D:/Dropbox/_Innlandet/Game_Design/CubeLord_Adrian/Saved/Config/Windows/Scalability.ini]
[2021.02.19-14.29.15:366][  0]LogConfig: Setting CVar [[r.LightFunctionQuality:1]]
[2021.02.19-14.29.15:366][  0]LogConfig: Setting CVar [[r.ShadowQuality:5]]
[2021.02.19-14.29.15:367][  0]LogConfig: Setting CVar [[r.Shadow.CSM.MaxCascades:10]]
[2021.02.19-14.29.15:367][  0]LogConfig: Setting CVar [[r.Shadow.MaxResolution:2048]]
[2021.02.19-14.29.15:367][  0]LogConfig: Setting CVar [[r.Shadow.MaxCSMResolution:2048]]
[2021.02.19-14.29.15:367][  0]LogConfig: Setting CVar [[r.Shadow.RadiusThreshold:0.01]]
[2021.02.19-14.29.15:367][  0]LogConfig: Setting CVar [[r.Shadow.DistanceScale:1.0]]
[2021.02.19-14.29.15:367][  0]LogConfig: Setting CVar [[r.Shadow.CSM.TransitionScale:1.0]]
[2021.02.19-14.29.15:367][  0]LogConfig: Setting CVar [[r.Shadow.PreShadowResolutionFactor:1.0]]
[2021.02.19-14.29.15:367][  0]LogConfig: Setting CVar [[r.DistanceFieldShadowing:1]]
[2021.02.19-14.29.15:367][  0]LogConfig: Setting CVar [[r.DistanceFieldAO:1]]
[2021.02.19-14.29.15:367][  0]LogConfig: Setting CVar [[r.AOQuality:2]]
[2021.02.19-14.29.15:367][  0]LogConfig: Setting CVar [[r.VolumetricFog:1]]
[2021.02.19-14.29.15:367][  0]LogConfig: Setting CVar [[r.VolumetricFog.GridPixelSize:8]]
[2021.02.19-14.29.15:367][  0]LogConfig: Setting CVar [[r.VolumetricFog.GridSizeZ:128]]
[2021.02.19-14.29.15:367][  0]LogConfig: Setting CVar [[r.VolumetricFog.HistoryMissSupersampleCount:4]]
[2021.02.19-14.29.15:367][  0]LogConfig: Setting CVar [[r.LightMaxDrawDistanceScale:1]]
[2021.02.19-14.29.15:367][  0]LogConfig: Setting CVar [[r.CapsuleShadows:1]]
[2021.02.19-14.29.15:367][  0]LogConfig: Applying CVar settings from Section [PostProcessQuality@3] File [D:/Dropbox/_Innlandet/Game_Design/CubeLord_Adrian/Saved/Config/Windows/Scalability.ini]
[2021.02.19-14.29.15:367][  0]LogConfig: Setting CVar [[r.MotionBlurQuality:4]]
[2021.02.19-14.29.15:367][  0]LogConfig: Setting CVar [[r.AmbientOcclusionMipLevelFactor:0.4]]
[2021.02.19-14.29.15:367][  0]LogConfig: Setting CVar [[r.AmbientOcclusionMaxQuality:100]]
[2021.02.19-14.29.15:367][  0]LogConfig: Setting CVar [[r.AmbientOcclusionLevels:-1]]
[2021.02.19-14.29.15:367][  0]LogConfig: Setting CVar [[r.AmbientOcclusionRadiusScale:1.0]]
[2021.02.19-14.29.15:367][  0]LogConfig: Setting CVar [[r.DepthOfFieldQuality:2]]
[2021.02.19-14.29.15:367][  0]LogConfig: Setting CVar [[r.RenderTargetPoolMin:400]]
[2021.02.19-14.29.15:367][  0]LogConfig: Setting CVar [[r.LensFlareQuality:2]]
[2021.02.19-14.29.15:367][  0]LogConfig: Setting CVar [[r.SceneColorFringeQuality:1]]
[2021.02.19-14.29.15:367][  0]LogConfig: Setting CVar [[r.EyeAdaptationQuality:2]]
[2021.02.19-14.29.15:367][  0]LogConfig: Setting CVar [[r.BloomQuality:5]]
[2021.02.19-14.29.15:367][  0]LogConfig: Setting CVar [[r.FastBlurThreshold:100]]
[2021.02.19-14.29.15:367][  0]LogConfig: Setting CVar [[r.Upscale.Quality:3]]
[2021.02.19-14.29.15:367][  0]LogConfig: Setting CVar [[r.Tonemapper.GrainQuantization:1]]
[2021.02.19-14.29.15:367][  0]LogConfig: Setting CVar [[r.LightShaftQuality:1]]
[2021.02.19-14.29.15:367][  0]LogConfig: Setting CVar [[r.Filter.SizeScale:1]]
[2021.02.19-14.29.15:367][  0]LogConfig: Setting CVar [[r.Tonemapper.Quality:5]]
[2021.02.19-14.29.15:367][  0]LogConfig: Setting CVar [[r.DOF.Gather.AccumulatorQuality:1        ; higher gathering accumulator quality]]
[2021.02.19-14.29.15:367][  0]LogConfig: Setting CVar [[r.DOF.Gather.PostfilterMethod:1          ; Median3x3 postfilering method]]
[2021.02.19-14.29.15:367][  0]LogConfig: Setting CVar [[r.DOF.Gather.EnableBokehSettings:0       ; no bokeh simulation when gathering]]
[2021.02.19-14.29.15:367][  0]LogConfig: Setting CVar [[r.DOF.Gather.RingCount:4                 ; medium number of samples when gathering]]
[2021.02.19-14.29.15:367][  0]LogConfig: Setting CVar [[r.DOF.Scatter.ForegroundCompositing:1    ; additive foreground scattering]]
[2021.02.19-14.29.15:367][  0]LogConfig: Setting CVar [[r.DOF.Scatter.BackgroundCompositing:2    ; additive background scattering]]
[2021.02.19-14.29.15:367][  0]LogConfig: Setting CVar [[r.DOF.Scatter.EnableBokehSettings:1      ; bokeh simulation when scattering]]
[2021.02.19-14.29.15:367][  0]LogConfig: Setting CVar [[r.DOF.Scatter.MaxSpriteRatio:0.1         ; only a maximum of 10% of scattered bokeh]]
[2021.02.19-14.29.15:367][  0]LogConfig: Setting CVar [[r.DOF.Recombine.Quality:1                ; cheap slight out of focus]]
[2021.02.19-14.29.15:367][  0]LogConfig: Setting CVar [[r.DOF.Recombine.EnableBokehSettings:0    ; no bokeh simulation on slight out of focus]]
[2021.02.19-14.29.15:367][  0]LogConfig: Setting CVar [[r.DOF.TemporalAAQuality:1                ; more stable temporal accumulation]]
[2021.02.19-14.29.15:367][  0]LogConfig: Setting CVar [[r.DOF.Kernel.MaxForegroundRadius:0.025]]
[2021.02.19-14.29.15:367][  0]LogConfig: Setting CVar [[r.DOF.Kernel.MaxBackgroundRadius:0.025]]
[2021.02.19-14.29.15:367][  0]LogConfig: Applying CVar settings from Section [TextureQuality@3] File [D:/Dropbox/_Innlandet/Game_Design/CubeLord_Adrian/Saved/Config/Windows/Scalability.ini]
[2021.02.19-14.29.15:367][  0]LogConfig: Setting CVar [[r.Streaming.MipBias:0]]
[2021.02.19-14.29.15:367][  0]LogConfig: Setting CVar [[r.Streaming.AmortizeCPUToGPUCopy:0]]
[2021.02.19-14.29.15:367][  0]LogConfig: Setting CVar [[r.Streaming.MaxNumTexturesToStreamPerFrame:0]]
[2021.02.19-14.29.15:367][  0]LogConfig: Setting CVar [[r.Streaming.Boost:1]]
[2021.02.19-14.29.15:367][  0]LogConfig: Setting CVar [[r.MaxAnisotropy:8]]
[2021.02.19-14.29.15:367][  0]LogConfig: Setting CVar [[r.VT.MaxAnisotropy:8]]
[2021.02.19-14.29.15:367][  0]LogConfig: Setting CVar [[r.Streaming.LimitPoolSizeToVRAM:0]]
[2021.02.19-14.29.15:367][  0]LogConfig: Setting CVar [[r.Streaming.PoolSize:1000]]
[2021.02.19-14.29.15:367][  0]LogConfig: Setting CVar [[r.Streaming.MaxEffectiveScreenSize:0]]
[2021.02.19-14.29.15:367][  0]LogConfig: Applying CVar settings from Section [EffectsQuality@3] File [D:/Dropbox/_Innlandet/Game_Design/CubeLord_Adrian/Saved/Config/Windows/Scalability.ini]
[2021.02.19-14.29.15:367][  0]LogConfig: Setting CVar [[r.TranslucencyLightingVolumeDim:64]]
[2021.02.19-14.29.15:367][  0]LogConfig: Setting CVar [[r.RefractionQuality:2]]
[2021.02.19-14.29.15:367][  0]LogConfig: Setting CVar [[r.SSR.Quality:3]]
[2021.02.19-14.29.15:367][  0]LogConfig: Setting CVar [[r.SSR.HalfResSceneColor:0]]
[2021.02.19-14.29.15:367][  0]LogConfig: Setting CVar [[r.SceneColorFormat:4]]
[2021.02.19-14.29.15:367][  0]LogConfig: Setting CVar [[r.DetailMode:2]]
[2021.02.19-14.29.15:367][  0]LogConfig: Setting CVar [[r.TranslucencyVolumeBlur:1]]
[2021.02.19-14.29.15:367][  0]LogConfig: Setting CVar [[r.MaterialQualityLevel:1 ; High quality]]
[2021.02.19-14.29.15:367][  0]LogConfig: Setting CVar [[r.SSS.Scale:1]]
[2021.02.19-14.29.15:367][  0]LogConfig: Setting CVar [[r.SSS.SampleSet:2]]
[2021.02.19-14.29.15:367][  0]LogConfig: Setting CVar [[r.SSS.Quality:1]]
[2021.02.19-14.29.15:367][  0]LogConfig: Setting CVar [[r.SSS.HalfRes:0]]
[2021.02.19-14.29.15:367][  0]LogConfig: Setting CVar [[r.SSGI.Quality:3]]
[2021.02.19-14.29.15:367][  0]LogConfig: Setting CVar [[r.EmitterSpawnRateScale:1.0]]
[2021.02.19-14.29.15:367][  0]LogConfig: Setting CVar [[r.ParticleLightQuality:2]]
[2021.02.19-14.29.15:367][  0]LogConfig: Setting CVar [[r.SkyAtmosphere.AerialPerspectiveLUT.FastApplyOnOpaque:1 ; Always have FastSkyLUT 1 in this case to avoid wrong sky]]
[2021.02.19-14.29.15:367][  0]LogConfig: Setting CVar [[r.SkyAtmosphere.AerialPerspectiveLUT.SampleCountPerSlice:1]]
[2021.02.19-14.29.15:367][  0]LogConfig: Setting CVar [[r.SkyAtmosphere.AerialPerspectiveLUT.DepthResolution:16.0]]
[2021.02.19-14.29.15:367][  0]LogConfig: Setting CVar [[r.SkyAtmosphere.FastSkyLUT:1]]
[2021.02.19-14.29.15:367][  0]LogConfig: Setting CVar [[r.SkyAtmosphere.FastSkyLUT.SampleCountMin:4.0]]
[2021.02.19-14.29.15:367][  0]LogConfig: Setting CVar [[r.SkyAtmosphere.FastSkyLUT.SampleCountMax:32.0]]
[2021.02.19-14.29.15:367][  0]LogConfig: Setting CVar [[r.SkyAtmosphere.SampleCountMin:4.0]]
[2021.02.19-14.29.15:367][  0]LogConfig: Setting CVar [[r.SkyAtmosphere.SampleCountMax:32.0]]
[2021.02.19-14.29.15:367][  0]LogConfig: Setting CVar [[r.SkyAtmosphere.TransmittanceLUT.UseSmallFormat:0]]
[2021.02.19-14.29.15:367][  0]LogConfig: Setting CVar [[r.SkyAtmosphere.TransmittanceLUT.SampleCount:10.0]]
[2021.02.19-14.29.15:368][  0]LogConfig: Setting CVar [[r.SkyAtmosphere.MultiScatteringLUT.SampleCount:15.0]]
[2021.02.19-14.29.15:368][  0]LogConfig: Applying CVar settings from Section [FoliageQuality@3] File [D:/Dropbox/_Innlandet/Game_Design/CubeLord_Adrian/Saved/Config/Windows/Scalability.ini]
[2021.02.19-14.29.15:368][  0]LogConfig: Setting CVar [[foliage.DensityScale:1.0]]
[2021.02.19-14.29.15:368][  0]LogConfig: Setting CVar [[grass.DensityScale:1.0]]
[2021.02.19-14.29.15:368][  0]LogConfig: Applying CVar settings from Section [ShadingQuality@3] File [D:/Dropbox/_Innlandet/Game_Design/CubeLord_Adrian/Saved/Config/Windows/Scalability.ini]
[2021.02.19-14.29.15:368][  0]LogConfig: Setting CVar [[r.HairStrands.SkyLighting.SampleCount:16]]
[2021.02.19-14.29.15:368][  0]LogConfig: Setting CVar [[r.HairStrands.SkyLighting.JitterIntegration:0]]
[2021.02.19-14.29.15:368][  0]LogConfig: Setting CVar [[r.HairStrands.SkyAO.SampleCount:16]]
[2021.02.19-14.29.15:368][  0]LogConfig: Setting CVar [[r.HairStrands.DeepShadow.SuperSampling:0]]
[2021.02.19-14.29.15:368][  0]LogConfig: Setting CVar [[r.HairStrands.VisibilityPPLL:0]]
[2021.02.19-14.29.15:368][  0]LogConfig: Setting CVar [[r.HairStrands.RasterizationScale:0.5]]
[2021.02.19-14.29.15:368][  0]LogConfig: Setting CVar [[r.HairStrands.VelocityRasterizationScale:1]]
[2021.02.19-14.29.15:368][  0]LogInit: Selected Device Profile: [Windows]
[2021.02.19-14.29.15:368][  0]LogInit: Applying CVar settings loaded from the selected device profile: [Windows]
[2021.02.19-14.29.15:368][  0]LogHAL: Display: Platform has ~ 16 GB [17132576768 / 17179869184 / 16], which maps to Larger [LargestMinGB=32, LargerMinGB=12, DefaultMinGB=8, SmallerMinGB=6, SmallestMinGB=0)
[2021.02.19-14.29.15:368][  0]LogInit: Going up to parent DeviceProfile []
[2021.02.19-14.29.15:368][  0]LogConfig: Applying CVar settings from Section [ViewDistanceQuality@3] File [D:/Dropbox/_Innlandet/Game_Design/CubeLord_Adrian/Saved/Config/Windows/Scalability.ini]
[2021.02.19-14.29.15:368][  0]LogConfig: Setting CVar [[r.SkeletalMeshLODBias:0]]
[2021.02.19-14.29.15:368][  0]LogConfig: Setting CVar [[r.ViewDistanceScale:1.0]]
[2021.02.19-14.29.15:368][  0]LogConfig: Applying CVar settings from Section [AntiAliasingQuality@3] File [D:/Dropbox/_Innlandet/Game_Design/CubeLord_Adrian/Saved/Config/Windows/Scalability.ini]
[2021.02.19-14.29.15:368][  0]LogConfig: Setting CVar [[r.PostProcessAAQuality:4]]
[2021.02.19-14.29.15:368][  0]LogConfig: Applying CVar settings from Section [ShadowQuality@3] File [D:/Dropbox/_Innlandet/Game_Design/CubeLord_Adrian/Saved/Config/Windows/Scalability.ini]
[2021.02.19-14.29.15:368][  0]LogConfig: Setting CVar [[r.LightFunctionQuality:1]]
[2021.02.19-14.29.15:368][  0]LogConfig: Setting CVar [[r.ShadowQuality:5]]
[2021.02.19-14.29.15:368][  0]LogConfig: Setting CVar [[r.Shadow.CSM.MaxCascades:10]]
[2021.02.19-14.29.15:368][  0]LogConfig: Setting CVar [[r.Shadow.MaxResolution:2048]]
[2021.02.19-14.29.15:368][  0]LogConfig: Setting CVar [[r.Shadow.MaxCSMResolution:2048]]
[2021.02.19-14.29.15:368][  0]LogConfig: Setting CVar [[r.Shadow.RadiusThreshold:0.01]]
[2021.02.19-14.29.15:368][  0]LogConfig: Setting CVar [[r.Shadow.DistanceScale:1.0]]
[2021.02.19-14.29.15:368][  0]LogConfig: Setting CVar [[r.Shadow.CSM.TransitionScale:1.0]]
[2021.02.19-14.29.15:368][  0]LogConfig: Setting CVar [[r.Shadow.PreShadowResolutionFactor:1.0]]
[2021.02.19-14.29.15:368][  0]LogConfig: Setting CVar [[r.DistanceFieldShadowing:1]]
[2021.02.19-14.29.15:368][  0]LogConfig: Setting CVar [[r.DistanceFieldAO:1]]
[2021.02.19-14.29.15:368][  0]LogConfig: Setting CVar [[r.AOQuality:2]]
[2021.02.19-14.29.15:368][  0]LogConfig: Setting CVar [[r.VolumetricFog:1]]
[2021.02.19-14.29.15:368][  0]LogConfig: Setting CVar [[r.VolumetricFog.GridPixelSize:8]]
[2021.02.19-14.29.15:368][  0]LogConfig: Setting CVar [[r.VolumetricFog.GridSizeZ:128]]
[2021.02.19-14.29.15:368][  0]LogConfig: Setting CVar [[r.VolumetricFog.HistoryMissSupersampleCount:4]]
[2021.02.19-14.29.15:368][  0]LogConfig: Setting CVar [[r.LightMaxDrawDistanceScale:1]]
[2021.02.19-14.29.15:368][  0]LogConfig: Setting CVar [[r.CapsuleShadows:1]]
[2021.02.19-14.29.15:368][  0]LogConfig: Applying CVar settings from Section [PostProcessQuality@3] File [D:/Dropbox/_Innlandet/Game_Design/CubeLord_Adrian/Saved/Config/Windows/Scalability.ini]
[2021.02.19-14.29.15:368][  0]LogConfig: Setting CVar [[r.MotionBlurQuality:4]]
[2021.02.19-14.29.15:368][  0]LogConfig: Setting CVar [[r.AmbientOcclusionMipLevelFactor:0.4]]
[2021.02.19-14.29.15:368][  0]LogConfig: Setting CVar [[r.AmbientOcclusionMaxQuality:100]]
[2021.02.19-14.29.15:368][  0]LogConfig: Setting CVar [[r.AmbientOcclusionLevels:-1]]
[2021.02.19-14.29.15:368][  0]LogConfig: Setting CVar [[r.AmbientOcclusionRadiusScale:1.0]]
[2021.02.19-14.29.15:368][  0]LogConfig: Setting CVar [[r.DepthOfFieldQuality:2]]
[2021.02.19-14.29.15:368][  0]LogConfig: Setting CVar [[r.RenderTargetPoolMin:400]]
[2021.02.19-14.29.15:368][  0]LogConfig: Setting CVar [[r.LensFlareQuality:2]]
[2021.02.19-14.29.15:368][  0]LogConfig: Setting CVar [[r.SceneColorFringeQuality:1]]
[2021.02.19-14.29.15:368][  0]LogConfig: Setting CVar [[r.EyeAdaptationQuality:2]]
[2021.02.19-14.29.15:368][  0]LogConfig: Setting CVar [[r.BloomQuality:5]]
[2021.02.19-14.29.15:368][  0]LogConfig: Setting CVar [[r.FastBlurThreshold:100]]
[2021.02.19-14.29.15:368][  0]LogConfig: Setting CVar [[r.Upscale.Quality:3]]
[2021.02.19-14.29.15:368][  0]LogConfig: Setting CVar [[r.Tonemapper.GrainQuantization:1]]
[2021.02.19-14.29.15:368][  0]LogConfig: Setting CVar [[r.LightShaftQuality:1]]
[2021.02.19-14.29.15:368][  0]LogConfig: Setting CVar [[r.Filter.SizeScale:1]]
[2021.02.19-14.29.15:368][  0]LogConfig: Setting CVar [[r.Tonemapper.Quality:5]]
[2021.02.19-14.29.15:368][  0]LogConfig: Setting CVar [[r.DOF.Gather.AccumulatorQuality:1        ; higher gathering accumulator quality]]
[2021.02.19-14.29.15:368][  0]LogConfig: Setting CVar [[r.DOF.Gather.PostfilterMethod:1          ; Median3x3 postfilering method]]
[2021.02.19-14.29.15:368][  0]LogConfig: Setting CVar [[r.DOF.Gather.EnableBokehSettings:0       ; no bokeh simulation when gathering]]
[2021.02.19-14.29.15:368][  0]LogConfig: Setting CVar [[r.DOF.Gather.RingCount:4                 ; medium number of samples when gathering]]
[2021.02.19-14.29.15:368][  0]LogConfig: Setting CVar [[r.DOF.Scatter.ForegroundCompositing:1    ; additive foreground scattering]]
[2021.02.19-14.29.15:368][  0]LogConfig: Setting CVar [[r.DOF.Scatter.BackgroundCompositing:2    ; additive background scattering]]
[2021.02.19-14.29.15:368][  0]LogConfig: Setting CVar [[r.DOF.Scatter.EnableBokehSettings:1      ; bokeh simulation when scattering]]
[2021.02.19-14.29.15:368][  0]LogConfig: Setting CVar [[r.DOF.Scatter.MaxSpriteRatio:0.1         ; only a maximum of 10% of scattered bokeh]]
[2021.02.19-14.29.15:368][  0]LogConfig: Setting CVar [[r.DOF.Recombine.Quality:1                ; cheap slight out of focus]]
[2021.02.19-14.29.15:368][  0]LogConfig: Setting CVar [[r.DOF.Recombine.EnableBokehSettings:0    ; no bokeh simulation on slight out of focus]]
[2021.02.19-14.29.15:368][  0]LogConfig: Setting CVar [[r.DOF.TemporalAAQuality:1                ; more stable temporal accumulation]]
[2021.02.19-14.29.15:368][  0]LogConfig: Setting CVar [[r.DOF.Kernel.MaxForegroundRadius:0.025]]
[2021.02.19-14.29.15:368][  0]LogConfig: Setting CVar [[r.DOF.Kernel.MaxBackgroundRadius:0.025]]
[2021.02.19-14.29.15:368][  0]LogConfig: Applying CVar settings from Section [TextureQuality@3] File [D:/Dropbox/_Innlandet/Game_Design/CubeLord_Adrian/Saved/Config/Windows/Scalability.ini]
[2021.02.19-14.29.15:368][  0]LogConfig: Setting CVar [[r.Streaming.MipBias:0]]
[2021.02.19-14.29.15:368][  0]LogConfig: Setting CVar [[r.Streaming.AmortizeCPUToGPUCopy:0]]
[2021.02.19-14.29.15:368][  0]LogConfig: Setting CVar [[r.Streaming.MaxNumTexturesToStreamPerFrame:0]]
[2021.02.19-14.29.15:368][  0]LogConfig: Setting CVar [[r.Streaming.Boost:1]]
[2021.02.19-14.29.15:368][  0]LogConfig: Setting CVar [[r.MaxAnisotropy:8]]
[2021.02.19-14.29.15:368][  0]LogConfig: Setting CVar [[r.VT.MaxAnisotropy:8]]
[2021.02.19-14.29.15:368][  0]LogConfig: Setting CVar [[r.Streaming.LimitPoolSizeToVRAM:0]]
[2021.02.19-14.29.15:368][  0]LogConfig: Setting CVar [[r.Streaming.PoolSize:1000]]
[2021.02.19-14.29.15:368][  0]LogConfig: Setting CVar [[r.Streaming.MaxEffectiveScreenSize:0]]
[2021.02.19-14.29.15:368][  0]LogConfig: Applying CVar settings from Section [EffectsQuality@3] File [D:/Dropbox/_Innlandet/Game_Design/CubeLord_Adrian/Saved/Config/Windows/Scalability.ini]
[2021.02.19-14.29.15:368][  0]LogConfig: Setting CVar [[r.TranslucencyLightingVolumeDim:64]]
[2021.02.19-14.29.15:368][  0]LogConfig: Setting CVar [[r.RefractionQuality:2]]
[2021.02.19-14.29.15:368][  0]LogConfig: Setting CVar [[r.SSR.Quality:3]]
[2021.02.19-14.29.15:368][  0]LogConfig: Setting CVar [[r.SSR.HalfResSceneColor:0]]
[2021.02.19-14.29.15:368][  0]LogConfig: Setting CVar [[r.SceneColorFormat:4]]
[2021.02.19-14.29.15:369][  0]LogConfig: Setting CVar [[r.DetailMode:2]]
[2021.02.19-14.29.15:369][  0]LogConfig: Setting CVar [[r.TranslucencyVolumeBlur:1]]
[2021.02.19-14.29.15:369][  0]LogConfig: Setting CVar [[r.MaterialQualityLevel:1 ; High quality]]
[2021.02.19-14.29.15:369][  0]LogConfig: Setting CVar [[r.SSS.Scale:1]]
[2021.02.19-14.29.15:369][  0]LogConfig: Setting CVar [[r.SSS.SampleSet:2]]
[2021.02.19-14.29.15:369][  0]LogConfig: Setting CVar [[r.SSS.Quality:1]]
[2021.02.19-14.29.15:369][  0]LogConfig: Setting CVar [[r.SSS.HalfRes:0]]
[2021.02.19-14.29.15:369][  0]LogConfig: Setting CVar [[r.SSGI.Quality:3]]
[2021.02.19-14.29.15:369][  0]LogConfig: Setting CVar [[r.EmitterSpawnRateScale:1.0]]
[2021.02.19-14.29.15:369][  0]LogConfig: Setting CVar [[r.ParticleLightQuality:2]]
[2021.02.19-14.29.15:369][  0]LogConfig: Setting CVar [[r.SkyAtmosphere.AerialPerspectiveLUT.FastApplyOnOpaque:1 ; Always have FastSkyLUT 1 in this case to avoid wrong sky]]
[2021.02.19-14.29.15:369][  0]LogConfig: Setting CVar [[r.SkyAtmosphere.AerialPerspectiveLUT.SampleCountPerSlice:1]]
[2021.02.19-14.29.15:369][  0]LogConfig: Setting CVar [[r.SkyAtmosphere.AerialPerspectiveLUT.DepthResolution:16.0]]
[2021.02.19-14.29.15:369][  0]LogConfig: Setting CVar [[r.SkyAtmosphere.FastSkyLUT:1]]
[2021.02.19-14.29.15:369][  0]LogConfig: Setting CVar [[r.SkyAtmosphere.FastSkyLUT.SampleCountMin:4.0]]
[2021.02.19-14.29.15:369][  0]LogConfig: Setting CVar [[r.SkyAtmosphere.FastSkyLUT.SampleCountMax:32.0]]
[2021.02.19-14.29.15:369][  0]LogConfig: Setting CVar [[r.SkyAtmosphere.SampleCountMin:4.0]]
[2021.02.19-14.29.15:369][  0]LogConfig: Setting CVar [[r.SkyAtmosphere.SampleCountMax:32.0]]
[2021.02.19-14.29.15:369][  0]LogConfig: Setting CVar [[r.SkyAtmosphere.TransmittanceLUT.UseSmallFormat:0]]
[2021.02.19-14.29.15:369][  0]LogConfig: Setting CVar [[r.SkyAtmosphere.TransmittanceLUT.SampleCount:10.0]]
[2021.02.19-14.29.15:369][  0]LogConfig: Setting CVar [[r.SkyAtmosphere.MultiScatteringLUT.SampleCount:15.0]]
[2021.02.19-14.29.15:369][  0]LogConfig: Applying CVar settings from Section [FoliageQuality@3] File [D:/Dropbox/_Innlandet/Game_Design/CubeLord_Adrian/Saved/Config/Windows/Scalability.ini]
[2021.02.19-14.29.15:369][  0]LogConfig: Setting CVar [[foliage.DensityScale:1.0]]
[2021.02.19-14.29.15:369][  0]LogConfig: Setting CVar [[grass.DensityScale:1.0]]
[2021.02.19-14.29.15:369][  0]LogConfig: Applying CVar settings from Section [ShadingQuality@3] File [D:/Dropbox/_Innlandet/Game_Design/CubeLord_Adrian/Saved/Config/Windows/Scalability.ini]
[2021.02.19-14.29.15:369][  0]LogConfig: Setting CVar [[r.HairStrands.SkyLighting.SampleCount:16]]
[2021.02.19-14.29.15:369][  0]LogConfig: Setting CVar [[r.HairStrands.SkyLighting.JitterIntegration:0]]
[2021.02.19-14.29.15:369][  0]LogConfig: Setting CVar [[r.HairStrands.SkyAO.SampleCount:16]]
[2021.02.19-14.29.15:369][  0]LogConfig: Setting CVar [[r.HairStrands.DeepShadow.SuperSampling:0]]
[2021.02.19-14.29.15:369][  0]LogConfig: Setting CVar [[r.HairStrands.VisibilityPPLL:0]]
[2021.02.19-14.29.15:369][  0]LogConfig: Setting CVar [[r.HairStrands.RasterizationScale:0.5]]
[2021.02.19-14.29.15:369][  0]LogConfig: Setting CVar [[r.HairStrands.VelocityRasterizationScale:1]]
[2021.02.19-14.29.15:369][  0]LogConfig: Applying CVar settings from Section [Startup] File [../../../Engine/Config/ConsoleVariables.ini]
[2021.02.19-14.29.15:369][  0]LogConfig: Setting CVar [[net.UseAdaptiveNetUpdateFrequency:0]]
[2021.02.19-14.29.15:369][  0]LogConfig: Setting CVar [[p.chaos.AllowCreatePhysxBodies:1]]
[2021.02.19-14.29.15:369][  0]LogConfig: Setting CVar [[fx.SkipVectorVMBackendOptimizations:1]]
[2021.02.19-14.29.15:369][  0]LogConfig: Applying CVar settings from Section [ConsoleVariables] File [D:/Dropbox/_Innlandet/Game_Design/CubeLord_Adrian/Saved/Config/Windows/Engine.ini]
[2021.02.19-14.29.15:369][  0]LogInit: Computer: DESKTOP-TLKAI07
[2021.02.19-14.29.15:369][  0]LogInit: User: adria
[2021.02.19-14.29.15:369][  0]LogInit: CPU Page size=4096, Cores=6
[2021.02.19-14.29.15:369][  0]LogInit: High frequency timer resolution =10.000000 MHz
[2021.02.19-14.29.15:369][  0]LogMemory: Memory total: Physical=16.0GB (16GB approx)
[2021.02.19-14.29.15:369][  0]LogMemory: Platform Memory Stats for Windows
[2021.02.19-14.29.15:369][  0]LogMemory: Process Physical Memory: 117.09 MB used, 117.10 MB peak
[2021.02.19-14.29.15:369][  0]LogMemory: Process Virtual Memory: 105.37 MB used, 105.37 MB peak
[2021.02.19-14.29.15:369][  0]LogMemory: Physical Memory: 10632.24 MB used,  5706.66 MB free, 16338.90 MB total
[2021.02.19-14.29.15:369][  0]LogMemory: Virtual Memory: 5174.87 MB used,  134212552.00 MB free, 134217728.00 MB total
[2021.02.19-14.29.15:375][  0]LogWindows: WindowsPlatformFeatures enabled
[2021.02.19-14.29.15:419][  0]LogInit: Physics initialised using underlying interface: PhysX
[2021.02.19-14.29.15:420][  0]LogInit: Using OS detected language (nb-NO).
[2021.02.19-14.29.15:420][  0]LogInit: Using OS detected locale (nb-NO).
[2021.02.19-14.29.15:422][  0]LogTextLocalizationManager: No localization for 'nb-NO' exists, so 'en' will be used for the language.
[2021.02.19-14.29.15:587][  0]LogInit: Setting process to per monitor DPI aware
[2021.02.19-14.29.15:615][  0]LogSlate: New Slate User Created.  User Index 0, Is Virtual User: 0
[2021.02.19-14.29.15:615][  0]LogSlate: Slate User Registered.  User Index 0, Is Virtual User: 0
[2021.02.19-14.29.15:734][  0]LogHMD: Failed to initialize OpenVR with code 110
[2021.02.19-14.29.15:734][  0]LogD3D11RHI: D3D11 min allowed feature level: 11_0
[2021.02.19-14.29.15:734][  0]LogD3D11RHI: D3D11 max allowed feature level: 11_0
[2021.02.19-14.29.15:734][  0]LogD3D11RHI: D3D11 adapters:
[2021.02.19-14.29.15:802][  0]LogD3D11RHI:    0. 'NVIDIA GeForce GTX 970' (Feature Level 11_0)
[2021.02.19-14.29.15:802][  0]LogD3D11RHI:       4043/0/8169 MB DedicatedVideo/DedicatedSystem/SharedSystem, Outputs:2, VendorId:0x10de
[2021.02.19-14.29.15:805][  0]LogD3D11RHI:    1. 'Microsoft Basic Render Driver' (Feature Level 11_0)
[2021.02.19-14.29.15:805][  0]LogD3D11RHI:       0/0/8169 MB DedicatedVideo/DedicatedSystem/SharedSystem, Outputs:0, VendorId:0x1414
[2021.02.19-14.29.15:805][  0]LogD3D11RHI: Chosen D3D11 Adapter: 0
[2021.02.19-14.29.15:811][  0]LogD3D11RHI: Creating new Direct3DDevice
[2021.02.19-14.29.15:811][  0]LogD3D11RHI:     GPU DeviceId: 0x13c2 (for the marketing name, search the web for "GPU Device Id")
[2021.02.19-14.29.15:811][  0]LogWindows: EnumDisplayDevices:
[2021.02.19-14.29.15:811][  0]LogWindows:    0. 'NVIDIA GeForce GTX 970' (P:1 D:1)
[2021.02.19-14.29.15:811][  0]LogWindows:    1. 'NVIDIA GeForce GTX 970' (P:0 D:1)
[2021.02.19-14.29.15:812][  0]LogWindows:    2. 'NVIDIA GeForce GTX 970' (P:0 D:0)
[2021.02.19-14.29.15:812][  0]LogWindows:    3. 'NVIDIA GeForce GTX 970' (P:0 D:0)
[2021.02.19-14.29.15:812][  0]LogWindows: DebugString: FoundDriverCount:4 
[2021.02.19-14.29.15:812][  0]LogD3D11RHI:     Adapter Name: NVIDIA GeForce GTX 970
[2021.02.19-14.29.15:812][  0]LogD3D11RHI:   Driver Version: 456.71 (internal:27.21.14.5671, unified:456.71)
[2021.02.19-14.29.15:812][  0]LogD3D11RHI:      Driver Date: 9-30-2020
[2021.02.19-14.29.15:812][  0]LogRHI: Texture pool is 2830 MB (70% of 4043 MB)
[2021.02.19-14.29.15:861][  0]LogD3D11RHI: RHI has support for 64 bit atomics
[2021.02.19-14.29.15:861][  0]LogD3D11RHI: Async texture creation enabled
[2021.02.19-14.29.15:861][  0]LogD3D11RHI: Array index from any shader is supported
[2021.02.19-14.29.15:878][  0]LogD3D11RHI: GPU Timing Frequency: 1000.000000 (Debug: 2 1)
[2021.02.19-14.29.16:150][  0]LogTargetPlatformManager: Display: Loaded TargetPlatform 'AllDesktop'
[2021.02.19-14.29.16:169][  0]LogTargetPlatformManager: Display: Loaded TargetPlatform 'Android'
[2021.02.19-14.29.16:169][  0]LogTargetPlatformManager: Display: Loaded TargetPlatform 'Android_ASTC'
[2021.02.19-14.29.16:169][  0]LogTargetPlatformManager: Display: Loaded TargetPlatform 'Android_DXT'
[2021.02.19-14.29.16:169][  0]LogTargetPlatformManager: Display: Loaded TargetPlatform 'Android_ETC2'
[2021.02.19-14.29.16:169][  0]LogTargetPlatformManager: Display: Loaded TargetPlatform 'AndroidClient'
[2021.02.19-14.29.16:169][  0]LogTargetPlatformManager: Display: Loaded TargetPlatform 'Android_ASTCClient'
[2021.02.19-14.29.16:169][  0]LogTargetPlatformManager: Display: Loaded TargetPlatform 'Android_DXTClient'
[2021.02.19-14.29.16:169][  0]LogTargetPlatformManager: Display: Loaded TargetPlatform 'Android_ETC2Client'
[2021.02.19-14.29.16:169][  0]LogTargetPlatformManager: Display: Loaded TargetPlatform 'Android_Multi'
[2021.02.19-14.29.16:169][  0]LogTargetPlatformManager: Display: Loaded TargetPlatform 'Android_MultiClient'
[2021.02.19-14.29.16:190][  0]LogTargetPlatformManager: Display: Loaded TargetPlatform 'IOSClient'
[2021.02.19-14.29.16:190][  0]LogTargetPlatformManager: Display: Loaded TargetPlatform 'IOS'
[2021.02.19-14.29.16:200][  0]LogTargetPlatformManager: Display: Loaded TargetPlatform 'Linux'
[2021.02.19-14.29.16:208][  0]LogTargetPlatformManager: Display: Loaded TargetPlatform 'LinuxNoEditor'
[2021.02.19-14.29.16:215][  0]LogTargetPlatformManager: Display: Loaded TargetPlatform 'LinuxClient'
[2021.02.19-14.29.16:227][  0]LogTargetPlatformManager: Display: Loaded TargetPlatform 'LinuxServer'
[2021.02.19-14.29.16:234][  0]LogTargetPlatformManager: Display: Loaded TargetPlatform 'LinuxAArch64NoEditor'
[2021.02.19-14.29.16:247][  0]LogTargetPlatformManager: Display: Loaded TargetPlatform 'LinuxAArch64Client'
[2021.02.19-14.29.16:255][  0]LogTargetPlatformManager: Display: Loaded TargetPlatform 'LinuxAArch64Server'
[2021.02.19-14.29.16:278][  0]LogTargetPlatformManager: Display: Loaded TargetPlatform 'Lumin'
[2021.02.19-14.29.16:278][  0]LogTargetPlatformManager: Display: Loaded TargetPlatform 'LuminClient'
[2021.02.19-14.29.16:292][  0]LogTargetPlatformManager: Display: Loaded TargetPlatform 'TVOSClient'
[2021.02.19-14.29.16:292][  0]LogTargetPlatformManager: Display: Loaded TargetPlatform 'TVOS'
[2021.02.19-14.29.16:305][  0]LogTargetPlatformManager: Display: Loaded TargetPlatform 'WindowsNoEditor'
[2021.02.19-14.29.16:319][  0]LogTargetPlatformManager: Display: Loaded TargetPlatform 'Windows'
[2021.02.19-14.29.16:328][  0]LogTargetPlatformManager: Display: Loaded TargetPlatform 'WindowsClient'
[2021.02.19-14.29.16:337][  0]LogTargetPlatformManager: Display: Loaded TargetPlatform 'WindowsServer'
[2021.02.19-14.29.16:337][  0]LogTargetPlatformManager: Display: Building Assets For Windows
[2021.02.19-14.29.16:346][  0]LogAudioDebug: Display: Lib vorbis DLL was dynamically loaded.
[2021.02.19-14.29.16:405][  0]LogShaderCompilers: Guid format shader working directory is -15 characters bigger than the processId version (../../../../../Dropbox/_Innlandet/Game_Design/CubeLord_Adrian/Intermediate/Shaders/WorkingDirectory/7904/).
[2021.02.19-14.29.16:405][  0]LogShaderCompilers: Cleaned the shader compiler working directory 'C:/Users/adria/AppData/Local/Temp/UnrealShaderWorkingDir/6C0509CB4861D3F6F3ED5A8F53337108/'.
[2021.02.19-14.29.16:405][  0]LogXGEController: Cannot use XGE Controller as Incredibuild is not installed on this machine.
[2021.02.19-14.29.16:405][  0]LogShaderCompilers: Cannot use XGE Shader Compiler as Incredibuild is not installed on this machine.
[2021.02.19-14.29.16:405][  0]LogShaderCompilers: Display: Using Local Shader Compiler.
[2021.02.19-14.29.17:149][  0]LogDerivedDataCache: Display: Max Cache Size: 512 MB
[2021.02.19-14.29.17:203][  0]LogDerivedDataCache: Loaded boot cache 0.05s 75MB C:/Users/adria/AppData/Local/UnrealEngine/4.25/DerivedDataCache/Boot.ddc.
[2021.02.19-14.29.17:203][  0]LogDerivedDataCache: Display: Loaded Boot cache: C:/Users/adria/AppData/Local/UnrealEngine/4.25/DerivedDataCache/Boot.ddc
[2021.02.19-14.29.17:203][  0]LogDerivedDataCache: FDerivedDataBackendGraph:  Pak pak cache file ../../../../../Dropbox/_Innlandet/Game_Design/CubeLord_Adrian/DerivedDataCache/DDC.ddp not found, will not use a pak cache.
[2021.02.19-14.29.17:203][  0]LogDerivedDataCache: Unable to find inner node Pak for hierarchical cache Hierarchy.
[2021.02.19-14.29.17:203][  0]LogDerivedDataCache: FDerivedDataBackendGraph:  CompressedPak pak cache file ../../../../../Dropbox/_Innlandet/Game_Design/CubeLord_Adrian/DerivedDataCache/Compressed.ddp not found, will not use a pak cache.
[2021.02.19-14.29.17:203][  0]LogDerivedDataCache: Unable to find inner node CompressedPak for hierarchical cache Hierarchy.
[2021.02.19-14.29.17:212][  0]LogDerivedDataCache: Display: Pak cache opened for reading ../../../Engine/DerivedDataCache/Compressed.ddp.
[2021.02.19-14.29.17:212][  0]LogDerivedDataCache: FDerivedDataBackendGraph:  EnterprisePak pak cache file ../../../Enterprise/DerivedDataCache/Compressed.ddp not found, will not use a pak cache.
[2021.02.19-14.29.17:212][  0]LogDerivedDataCache: Unable to find inner node EnterprisePak for hierarchical cache Hierarchy.
[2021.02.19-14.29.17:213][  0]LogDerivedDataCache: Using Local data cache path C:/Users/adria/AppData/Local/UnrealEngine/Common/DerivedDataCache: Writable
[2021.02.19-14.29.17:213][  0]LogDerivedDataCache: Shared data cache path not found in *engine.ini, will not use an Shared cache.
[2021.02.19-14.29.17:213][  0]LogDerivedDataCache: Unable to find inner node Shared for hierarchical cache Hierarchy.
[2021.02.19-14.29.17:266][  0]LogSlate: Using FreeType 2.10.0
[2021.02.19-14.29.17:266][  0]LogSlate: SlateFontServices - WITH_FREETYPE: 1, WITH_HARFBUZZ: 1
[2021.02.19-14.29.17:290][  0]LogAssetRegistry: FAssetRegistry took 0.0020 seconds to start up
[2021.02.19-14.29.17:510][  0]LogInit: Selected Device Profile: [Windows]
[2021.02.19-14.29.17:620][  0]LogMeshReduction: Using QuadricMeshReduction for automatic static mesh reduction
[2021.02.19-14.29.17:620][  0]LogMeshReduction: Using SimplygonMeshReduction for automatic skeletal mesh reduction
[2021.02.19-14.29.17:620][  0]LogMeshReduction: Using ProxyLODMeshReduction for automatic mesh merging
[2021.02.19-14.29.17:620][  0]LogMeshReduction: No distributed automatic mesh merging module available
[2021.02.19-14.29.17:620][  0]LogMeshMerging: No distributed automatic mesh merging module available
[2021.02.19-14.29.17:635][  0]LogNetVersion: CubeLord_Adrian 1.0.0, NetCL: 13144385, EngineNetVer: 14, GameNetVer: 0 (Checksum: 1803790107)
[2021.02.19-14.29.18:013][  0]LogAISub: UAISubsystem::UAISubsystem AISubsystem (00000223B79DC380), frame # 0
[2021.02.19-14.29.18:013][  0]LogAISub: UAISubsystem::UAISubsystem AIPerceptionSystem (00000223B792EAC0), frame # 0
[2021.02.19-14.29.18:015][  0]LogAISub: UAISubsystem::UAISubsystem EnvQueryManager (00000223B7975E00), frame # 0
[2021.02.19-14.29.18:070][  0]LogPackageLocalizationCache: Processed 19 localized package path(s) for 1 prioritized culture(s) in 0.049411 seconds
[2021.02.19-14.29.18:076][  0]LogUObjectArray: 15917 objects as part of root set at end of initial load.
[2021.02.19-14.29.18:076][  0]LogUObjectAllocator: 3965568 out of 0 bytes used by permanent object pool.
[2021.02.19-14.29.18:076][  0]LogUObjectArray: CloseDisregardForGC: 0/0 objects in disregard for GC pool
[2021.02.19-14.29.18:410][  0]LogTcpMessaging: Initializing TcpMessaging bridge
[2021.02.19-14.29.18:414][  0]LogUdpMessaging: Initializing bridge on interface 0.0.0.0:0 to multicast group 230.0.0.1:6666.
[2021.02.19-14.29.18:487][  0]SourceControl: Source control is disabled
[2021.02.19-14.29.18:487][  0]SourceControl: Source control is disabled
[2021.02.19-14.29.18:491][  0]SourceControl: Source control is disabled
[2021.02.19-14.29.18:493][  0]SourceControl: Source control is disabled
[2021.02.19-14.29.18:499][  0]SourceControl: Source control is disabled
[2021.02.19-14.29.18:843][  0]LogAndroidPermission: UAndroidPermissionCallbackProxy::GetInstance
[2021.02.19-14.29.18:861][  0]LogAudioCaptureCore: Display: No Audio Capture implementations found. Audio input will be silent.
[2021.02.19-14.29.18:861][  0]LogAudioCaptureCore: Display: No Audio Capture implementations found. Audio input will be silent.
[2021.02.19-14.29.18:908][  0]LogOcInput: OculusInput pre-init called
[2021.02.19-14.29.18:920][  0]LogWindows: Failed to load 'OVRPlugin.dll' (GetLastError=126)
[2021.02.19-14.29.18:920][  0]LogWindows: File 'OVRPlugin.dll' does not exist
[2021.02.19-14.29.18:990][  0]LogEngine: Initializing Engine...
[2021.02.19-14.29.18:992][  0]LogHMD: Failed to initialize OpenVR with code 110
[2021.02.19-14.29.18:992][  0]LogMagicLeap: Warning: VR disabled because ZI is not enabled.  To enable, in the editor, Edit -> Project Settings -> Plugins -> Magic Leap Plugin -> Enable Zero Iteration
[2021.02.19-14.29.18:993][  0]LogStats: UGameplayTagsManager::InitializeManager -  0.000 s
[2021.02.19-14.29.19:100][  0]LogInit: Initializing FReadOnlyCVARCache
[2021.02.19-14.29.19:110][  0]LogAIModule: Creating AISystem for world Untitled
[2021.02.19-14.29.19:110][  0]LogAISub: UAISubsystem::UAISubsystem EnvQueryManager (00000223B969FC00), frame # 0
[2021.02.19-14.29.19:110][  0]LogAISub: UAISubsystem::UAISubsystem AIPerceptionSystem (00000223B96DE980), frame # 0
[2021.02.19-14.29.19:126][  0]LogAudioMixer: Display: Audio Mixer Platform Settings:
[2021.02.19-14.29.19:126][  0]LogAudioMixer: Display: 	Sample Rate:						  48000
[2021.02.19-14.29.19:126][  0]LogAudioMixer: Display: 	Callback Buffer Frame Size Requested: 1024
[2021.02.19-14.29.19:126][  0]LogAudioMixer: Display: 	Callback Buffer Frame Size To Use:	  1024
[2021.02.19-14.29.19:126][  0]LogAudioMixer: Display: 	Number of buffers to queue:			  2
[2021.02.19-14.29.19:126][  0]LogAudioMixer: Display: 	Max Channels (voices):				  32
[2021.02.19-14.29.19:126][  0]LogAudioMixer: Display: 	Number of Async Source Workers:		  0
[2021.02.19-14.29.19:126][  0]LogAudio: Display: AudioDevice MaxSources: 32
[2021.02.19-14.29.19:126][  0]LogAudio: Display: Using built-in audio occlusion.
[2021.02.19-14.29.19:126][  0]LogAudioMixer: Display: Initializing audio mixer.
[2021.02.19-14.29.19:136][  0]LogAudioMixer: Display: 0: FrontLeft
[2021.02.19-14.29.19:136][  0]LogAudioMixer: Display: 1: FrontRight
[2021.02.19-14.29.19:170][  0]LogAudioMixer: Display: Using Audio Device Headphones (2- Arctis 7 Game)
[2021.02.19-14.29.19:174][  0]LogAudioMixer: Display: Initializing Sound Submixes...
[2021.02.19-14.29.19:177][  0]LogAudioMixer: Display: Creating Master Submix 'MasterSubmixDefault'
[2021.02.19-14.29.19:177][  0]LogAudioMixer: Display: Creating Master Submix 'MasterReverbSubmixDefault'
[2021.02.19-14.29.19:178][  0]LogAudioMixer: Display: Creating Master Submix 'MasterEQSubmixDefault'
[2021.02.19-14.29.19:178][  0]LogInit: FAudioDevice initialized.
[2021.02.19-14.29.19:179][  0]LogNetVersion: Set ProjectVersion to 1.0.0.0. Version Checksum will be recalculated on next use.
[2021.02.19-14.29.19:244][  0]LogDerivedDataCache: Saved boot cache 0.07s 75MB C:/Users/adria/AppData/Local/UnrealEngine/4.25/DerivedDataCache/Boot.ddc.
[2021.02.19-14.29.19:251][  0]LogInit: Texture streaming: Enabled
[2021.02.19-14.29.19:266][  0]LogEngineSessionManager: EngineSessionManager initialized
[2021.02.19-14.29.19:266][  0]LogEngineSessionManager: EngineSessionManager sent abnormal shutdown report. Type=Crashed, SessionId={5B71313C-4193-456C-63F5-B9A75573AF14}
[2021.02.19-14.29.19:266][  0]LogEditorSessionSummary: Verbose: Initializing EditorSessionSummaryWriter for editor session tracking
[2021.02.19-14.29.19:268][  0]LogEditorSessionSummary: EditorSessionSummaryWriter initialized
[2021.02.19-14.29.19:477][  0]LogInit: Transaction tracking system initialized
[2021.02.19-14.29.19:500][  0]BlueprintLog: New page: Editor Load
[2021.02.19-14.29.19:562][  0]LocalizationService: Localization service is disabled
[2021.02.19-14.29.19:699][  0]LogCook: Display: Max memory allowance for cook 16384mb min free memory 0mb
[2021.02.19-14.29.19:699][  0]LogCook: Display: Mobile HDR setting 1
[2021.02.19-14.29.19:819][  0]LogFileCache: Scanning file cache for directory 'D:/Dropbox/_Innlandet/Game_Design/CubeLord_Adrian/Content/' took 0.00s
[2021.02.19-14.29.19:994][  0]SourceControl: Source control is disabled
[2021.02.19-14.29.19:994][  0]LogUnrealEdMisc: Loading editor; pre map load, took 8.956
[2021.02.19-14.29.19:995][  0]Cmd: MAP LOAD FILE="../../../../../Dropbox/_Innlandet/Game_Design/CubeLord_Adrian/Content/Maps/Movement.umap" TEMPLATE=0 SHOWPROGRESS=1 FEATURELEVEL=3
[2021.02.19-14.29.19:995][  0]LightingResults: New page: Lighting Build
[2021.02.19-14.29.19:995][  0]LogWorld: UWorld::CleanupWorld for Untitled, bSessionEnded=true, bCleanupResources=true
[2021.02.19-14.29.19:995][  0]LogSlate: InvalidateAllWidgets triggered.  All widgets were invalidated
[2021.02.19-14.29.19:995][  0]MapCheck: New page: Map Check
[2021.02.19-14.29.19:995][  0]LightingResults: New page: Lighting Build
[2021.02.19-14.29.20:005][  0]LogAISub: UAISubsystem::~UAISubsystem EnvQueryManager (00000223B969FC00), frame # 0
[2021.02.19-14.29.20:005][  0]LogAISub: UAISubsystem::~UAISubsystem AIPerceptionSystem (00000223B96DE980), frame # 0
[2021.02.19-14.29.20:006][  0]LogUObjectHash: Compacting FUObjectHashTables data took   0.56ms
[2021.02.19-14.29.20:070][  0]LogAIModule: Creating AISystem for world Movement
[2021.02.19-14.29.20:070][  0]LogAISub: UAISubsystem::UAISubsystem EnvQueryManager (00000223ADF94400), frame # 0
[2021.02.19-14.29.20:070][  0]LogAISub: UAISubsystem::UAISubsystem AIPerceptionSystem (00000223AD56F740), frame # 0
[2021.02.19-14.29.20:073][  0]LogEditorServer: Finished looking for orphan Actors (0.000 secs)
[2021.02.19-14.29.20:083][  0]LogUObjectHash: Compacting FUObjectHashTables data took   0.57ms
[2021.02.19-14.29.20:083][  0]Cmd: MAP CHECKDEP NOCLEARLOG
[2021.02.19-14.29.20:083][  0]MapCheck: Map check complete: 0 Error(s), 0 Warning(s), took 0,07ms to complete.
[2021.02.19-14.29.20:083][  0]LogFileHelpers: Loading map 'Movement' took 0.089
[2021.02.19-14.29.20:171][  0]LogUnrealEdMisc: Total Editor Startup Time, took 9.134
[2021.02.19-14.29.20:302][  0]LogSlate: Updating window title bar state: overlay mode, drag disabled, window buttons hidden, title bar hidden
[2021.02.19-14.29.20:309][  0]LogSlate: Updating window title bar state: overlay mode, drag disabled, window buttons hidden, title bar hidden
[2021.02.19-14.29.20:316][  0]LogSlate: Updating window title bar state: overlay mode, drag disabled, window buttons hidden, title bar hidden
[2021.02.19-14.29.20:323][  0]LogSlate: Updating window title bar state: overlay mode, drag disabled, window buttons hidden, title bar hidden
[2021.02.19-14.29.20:330][  0]LogCollectionManager: Loaded 0 collections in 0.001332 seconds
[2021.02.19-14.29.20:347][  0]LogFileCache: Scanning file cache for directory 'D:/Dropbox/_Innlandet/Game_Design/CubeLord_Adrian/Saved/Collections/' took 0.00s
[2021.02.19-14.29.20:347][  0]LogFileCache: Scanning file cache for directory 'D:/Dropbox/_Innlandet/Game_Design/CubeLord_Adrian/Content/Developers/adria/Collections/' took 0.00s
[2021.02.19-14.29.20:347][  0]LogFileCache: Scanning file cache for directory 'D:/Dropbox/_Innlandet/Game_Design/CubeLord_Adrian/Content/Collections/' took 0.00s
[2021.02.19-14.29.20:347][  0]LogContentBrowser: Native class hierarchy populated in 0.0103 seconds. Added 3434 classes and 824 folders.
[2021.02.19-14.29.20:350][  0]LogContentBrowser: Native class hierarchy updated for 'WidgetCarousel' in 0.0003 seconds. Added 0 classes and 0 folders.
[2021.02.19-14.29.20:386][  0]LogContentBrowser: Native class hierarchy updated for 'AddContentDialog' in 0.0003 seconds. Added 0 classes and 0 folders.
[2021.02.19-14.29.20:390][  0]LogContentBrowser: Native class hierarchy updated for 'SceneOutliner' in 0.0003 seconds. Added 2 classes and 0 folders.
[2021.02.19-14.29.20:789][  0]LogSlate: Took 0.000116 seconds to synchronously load lazily loaded font '../../../Engine/Content/Slate/Fonts/Roboto-Regular.ttf' (155K)
[2021.02.19-14.29.20:791][  0]LogSlate: Took 0.000116 seconds to synchronously load lazily loaded font '../../../Engine/Content/Slate/Fonts/Roboto-Bold.ttf' (160K)
[2021.02.19-14.29.20:796][  0]LogSlate: Took 0.000123 seconds to synchronously load lazily loaded font '../../../Engine/Content/Editor/Slate/Fonts/FontAwesome.ttf' (139K)
[2021.02.19-14.29.20:870][  0]LogRenderer: Reallocating scene render targets to support 1068x576 Format 10 NumSamples 1 (Frame:1).
[2021.02.19-14.29.20:940][  0]LogContentBrowser: Native class hierarchy updated for 'HierarchicalLODOutliner' in 0.0003 seconds. Added 0 classes and 0 folders.
[2021.02.19-14.29.20:940][  0]LogLoad: (Engine Initialization) Total time: 9.90 seconds
[2021.02.19-14.29.20:940][  0]LogLoad: (Engine Initialization) Total Blueprint compile time: 0.00 seconds
[2021.02.19-14.29.21:000][  0]LogAssetRegistry: Asset discovery search completed in 3.7106 seconds
[2021.02.19-14.29.21:004][  0]LogCollectionManager: Fixed up redirectors for 0 collections in 0.000002 seconds (updated 0 objects)
[2021.02.19-14.29.21:005][  0]LogContentStreaming: Texture pool size now 1000 MB
[2021.02.19-14.29.21:031][  0]LogSlate: Took 0.000107 seconds to synchronously load lazily loaded font '../../../Engine/Content/Slate/Fonts/Roboto-Light.ttf' (167K)
[2021.02.19-14.33.08:453][742]Candidate modules for hot reload:
[2021.02.19-14.33.08:453][742]  CubeLord_Adrian
[2021.02.19-14.33.08:453][742]Launching UnrealBuildTool... [D:/EpicGames/UE_4.25/Engine/Binaries/DotNET/UnrealBuildTool.exe  -ModuleWithSuffix=CubeLord_Adrian,8037 CubeLord_AdrianEditor Win64 Development -Project="D:/Dropbox/_Innlandet/Game_Design/CubeLord_Adrian/CubeLord_Adrian.uproject" "D:/Dropbox/_Innlandet/Game_Design/CubeLord_Adrian/CubeLord_Adrian.uproject"  -IgnoreJunk]
[2021.02.19-14.33.08:455][742]Warning: Starting HotReload took  0.0s.
[2021.02.19-14.33.12:337][168]LogSlate: Took 0.000090 seconds to synchronously load lazily loaded font '../../../Engine/Content/Slate/Fonts/DroidSansMono.ttf' (77K)
[2021.02.19-14.33.16:635][678]CompilerResultsLog: New page: Compilation - 19. feb. 2021, 16:33:16
[2021.02.19-14.33.16:635][678]CompilerResultsLog: Parsing headers for CubeLord_AdrianEditor
[2021.02.19-14.33.16:635][678]CompilerResultsLog:   Running UnrealHeaderTool "D:\Dropbox\_Innlandet\Game_Design\CubeLord_Adrian\CubeLord_Adrian.uproject" "D:\Dropbox\_Innlandet\Game_Design\CubeLord_Adrian\Intermediate\Build\Win64\CubeLord_AdrianEditor\Development\CubeLord_AdrianEditor.uhtmanifest" -LogCmds="loginit warning, logexit warning, logdatabase error" -Unattended -WarningsAsErrors -abslog="C:\Users\adria\AppData\Local\UnrealBuildTool\Log_UHT.txt" -installed
[2021.02.19-14.33.16:635][678]CompilerResultsLog: Reflection code generated for CubeLord_AdrianEditor in 5,4097248 seconds
[2021.02.19-14.33.16:635][678]CompilerResultsLog: Building CubeLord_AdrianEditor...
[2021.02.19-14.33.16:636][678]CompilerResultsLog: Using Visual Studio 2019 14.28.29335 toolchain (C:\Program Files (x86)\Microsoft Visual Studio\2019\Community\VC\Tools\MSVC\14.28.29333) and Windows 10.0.18362.0 SDK (C:\Program Files (x86)\Windows Kits\10).
[2021.02.19-14.33.16:636][678]CompilerResultsLog: Building 6 actions with 12 processes...
[2021.02.19-14.33.16:636][678]CompilerResultsLog:   [1/6] MyCameraPawn.cpp
[2021.02.19-14.33.16:636][678]CompilerResultsLog:   [2/6] MyCameraPawn.gen.cpp
[2021.02.19-14.33.16:636][678]CompilerResultsLog:   [3/6] PlayerPawn.cpp
[2021.02.19-14.33.16:636][678]CompilerResultsLog:   [4/6] UE4Editor-CubeLord_Adrian-8037.lib
[2021.02.19-14.33.16:636][678]CompilerResultsLog:      Creating library D:\Dropbox\_Innlandet\Game_Design\CubeLord_Adrian\Intermediate\Build\Win64\UE4Editor\Development\CubeLord_Adrian\UE4Editor-CubeLord_Adrian-8037.lib and object D:\Dropbox\_Innlandet\Game_Design\CubeLord_Adrian\Intermediate\Build\Win64\UE4Editor\Development\CubeLord_Adrian\UE4Editor-CubeLord_Adrian-8037.exp
[2021.02.19-14.33.16:636][678]CompilerResultsLog:   [5/6] UE4Editor-CubeLord_Adrian-8037.dll
[2021.02.19-14.33.16:636][678]CompilerResultsLog:      Creating library D:\Dropbox\_Innlandet\Game_Design\CubeLord_Adrian\Intermediate\Build\Win64\UE4Editor\Development\CubeLord_Adrian\UE4Editor-CubeLord_Adrian-8037.suppressed.lib and object D:\Dropbox\_Innlandet\Game_Design\CubeLord_Adrian\Intermediate\Build\Win64\UE4Editor\Development\CubeLord_Adrian\UE4Editor-CubeLord_Adrian-8037.suppressed.exp
[2021.02.19-14.33.16:636][678]CompilerResultsLog:   [6/6] CubeLord_AdrianEditor.target
[2021.02.19-14.33.16:636][678]CompilerResultsLog: Total time in Parallel executor: 1,83 seconds
[2021.02.19-14.33.16:636][678]CompilerResultsLog: Total execution time: 8,06 seconds
[2021.02.19-14.33.16:636][678]LogMainFrame: MainFrame: Module compiling took 8.187 seconds
[2021.02.19-14.33.16:647][678]LogHotReload: Re-instancing MyCameraPawn after hot-reload.
[2021.02.19-14.33.16:660][678]LogContentBrowser: Native class hierarchy updated for 'CubeLord_Adrian' in 0.0003 seconds. Added 7 classes and 3 folders.
[2021.02.19-14.33.16:661][678]Display: HotReload successful (0 functions remapped  0 scriptstructs remapped)
[2021.02.19-14.33.16:696][678]LogContentBrowser: Native class hierarchy populated in 0.0071 seconds. Added 3434 classes and 824 folders.
[2021.02.19-14.33.16:696][678]Display: HotReload took  8.2s.
[2021.02.19-14.33.23:755][859]Candidate modules for hot reload:
[2021.02.19-14.33.23:755][859]  CubeLord_Adrian
[2021.02.19-14.33.23:755][859]Launching UnrealBuildTool... [D:/EpicGames/UE_4.25/Engine/Binaries/DotNET/UnrealBuildTool.exe  -ModuleWithSuffix=CubeLord_Adrian,1954 CubeLord_AdrianEditor Win64 Development -Project="D:/Dropbox/_Innlandet/Game_Design/CubeLord_Adrian/CubeLord_Adrian.uproject" "D:/Dropbox/_Innlandet/Game_Design/CubeLord_Adrian/CubeLord_Adrian.uproject"  -IgnoreJunk]
[2021.02.19-14.33.23:757][859]Warning: Starting HotReload took  0.0s.
[2021.02.19-14.33.26:011][101]CompilerResultsLog: New page: Compilation - 19. feb. 2021, 16:33:26
[2021.02.19-14.33.26:011][101]CompilerResultsLog: Building CubeLord_AdrianEditor...
[2021.02.19-14.33.26:011][101]CompilerResultsLog: Using Visual Studio 2019 14.28.29335 toolchain (C:\Program Files (x86)\Microsoft Visual Studio\2019\Community\VC\Tools\MSVC\14.28.29333) and Windows 10.0.18362.0 SDK (C:\Program Files (x86)\Windows Kits\10).
[2021.02.19-14.33.26:011][101]CompilerResultsLog: Building 4 actions with 12 processes...
[2021.02.19-14.33.26:011][101]CompilerResultsLog:   [1/4] MyCameraPawn.cpp
[2021.02.19-14.33.26:011][101]CompilerResultsLog:   [2/4] UE4Editor-CubeLord_Adrian-1954.lib
[2021.02.19-14.33.26:011][101]CompilerResultsLog:      Creating library D:\Dropbox\_Innlandet\Game_Design\CubeLord_Adrian\Intermediate\Build\Win64\UE4Editor\Development\CubeLord_Adrian\UE4Editor-CubeLord_Adrian-1954.lib and object D:\Dropbox\_Innlandet\Game_Design\CubeLord_Adrian\Intermediate\Build\Win64\UE4Editor\Development\CubeLord_Adrian\UE4Editor-CubeLord_Adrian-1954.exp
[2021.02.19-14.33.26:012][101]CompilerResultsLog:   [3/4] UE4Editor-CubeLord_Adrian-1954.dll
[2021.02.19-14.33.26:012][101]CompilerResultsLog:      Creating library D:\Dropbox\_Innlandet\Game_Design\CubeLord_Adrian\Intermediate\Build\Win64\UE4Editor\Development\CubeLord_Adrian\UE4Editor-CubeLord_Adrian-1954.suppressed.lib and object D:\Dropbox\_Innlandet\Game_Design\CubeLord_Adrian\Intermediate\Build\Win64\UE4Editor\Development\CubeLord_Adrian\UE4Editor-CubeLord_Adrian-1954.suppressed.exp
[2021.02.19-14.33.26:012][101]CompilerResultsLog:   [4/4] CubeLord_AdrianEditor.target
[2021.02.19-14.33.26:012][101]CompilerResultsLog: Total time in Parallel executor: 1,55 seconds
[2021.02.19-14.33.26:012][101]CompilerResultsLog: Total execution time: 2,17 seconds
[2021.02.19-14.33.26:012][101]LogMainFrame: MainFrame: Module compiling took 2.259 seconds
[2021.02.19-14.33.26:026][101]LogContentBrowser: Native class hierarchy updated for 'CubeLord_Adrian' in 0.0004 seconds. Added 7 classes and 3 folders.
[2021.02.19-14.33.26:028][101]Display: HotReload successful (0 functions remapped  0 scriptstructs remapped)
[2021.02.19-14.33.26:062][101]LogContentBrowser: Native class hierarchy populated in 0.0113 seconds. Added 3434 classes and 824 folders.
[2021.02.19-14.33.26:062][101]Display: HotReload took  2.3s.
[2021.02.19-14.33.27:521][275]Candidate modules for hot reload:
[2021.02.19-14.33.27:521][275]  CubeLord_Adrian
[2021.02.19-14.33.27:522][275]Launching UnrealBuildTool... [D:/EpicGames/UE_4.25/Engine/Binaries/DotNET/UnrealBuildTool.exe  -ModuleWithSuffix=CubeLord_Adrian,4680 CubeLord_AdrianEditor Win64 Development -Project="D:/Dropbox/_Innlandet/Game_Design/CubeLord_Adrian/CubeLord_Adrian.uproject" "D:/Dropbox/_Innlandet/Game_Design/CubeLord_Adrian/CubeLord_Adrian.uproject"  -IgnoreJunk]
[2021.02.19-14.33.27:523][275]Warning: Starting HotReload took  0.0s.
[2021.02.19-14.33.29:357][459]CompilerResultsLog: New page: Compilation - 19. feb. 2021, 16:33:29
[2021.02.19-14.33.29:357][459]CompilerResultsLog: Building CubeLord_AdrianEditor...
[2021.02.19-14.33.29:357][459]CompilerResultsLog: Using Visual Studio 2019 14.28.29335 toolchain (C:\Program Files (x86)\Microsoft Visual Studio\2019\Community\VC\Tools\MSVC\14.28.29333) and Windows 10.0.18362.0 SDK (C:\Program Files (x86)\Windows Kits\10).
[2021.02.19-14.33.29:357][459]CompilerResultsLog: Building 3 actions with 12 processes...
[2021.02.19-14.33.29:357][459]CompilerResultsLog:   [1/3] UE4Editor-CubeLord_Adrian-4680.lib
[2021.02.19-14.33.29:357][459]CompilerResultsLog:      Creating library D:\Dropbox\_Innlandet\Game_Design\CubeLord_Adrian\Intermediate\Build\Win64\UE4Editor\Development\CubeLord_Adrian\UE4Editor-CubeLord_Adrian-4680.lib and object D:\Dropbox\_Innlandet\Game_Design\CubeLord_Adrian\Intermediate\Build\Win64\UE4Editor\Development\CubeLord_Adrian\UE4Editor-CubeLord_Adrian-4680.exp
[2021.02.19-14.33.29:357][459]CompilerResultsLog:   [2/3] UE4Editor-CubeLord_Adrian-4680.dll
[2021.02.19-14.33.29:357][459]CompilerResultsLog:      Creating library D:\Dropbox\_Innlandet\Game_Design\CubeLord_Adrian\Intermediate\Build\Win64\UE4Editor\Development\CubeLord_Adrian\UE4Editor-CubeLord_Adrian-4680.suppressed.lib and object D:\Dropbox\_Innlandet\Game_Design\CubeLord_Adrian\Intermediate\Build\Win64\UE4Editor\Development\CubeLord_Adrian\UE4Editor-CubeLord_Adrian-4680.suppressed.exp
[2021.02.19-14.33.29:357][459]CompilerResultsLog:   [3/3] CubeLord_AdrianEditor.target
[2021.02.19-14.33.29:357][459]CompilerResultsLog: Total time in Parallel executor: 1,09 seconds
[2021.02.19-14.33.29:357][459]CompilerResultsLog: Total execution time: 1,75 seconds
[2021.02.19-14.33.29:357][459]LogMainFrame: MainFrame: Module compiling took 1.839 seconds
[2021.02.19-14.33.29:381][459]LogContentBrowser: Native class hierarchy updated for 'CubeLord_Adrian' in 0.0003 seconds. Added 7 classes and 3 folders.
[2021.02.19-14.33.29:382][459]Display: HotReload successful (0 functions remapped  0 scriptstructs remapped)
[2021.02.19-14.33.29:408][459]LogContentBrowser: Native class hierarchy populated in 0.0069 seconds. Added 3434 classes and 824 folders.
[2021.02.19-14.33.29:408][459]Display: HotReload took  1.9s.
[2021.02.19-14.33.30:527][592]LogTemp: Repeating last play command: Selected Viewport
[2021.02.19-14.33.30:545][592]LogPlayLevel: PlayLevel: No blueprints needed recompiling
[2021.02.19-14.33.30:546][592]PIE: New page: PIE session: Movement (19. feb. 2021, 16:33:30)
[2021.02.19-14.33.30:547][592]LogOnline: OSS: Creating online subsystem instance for: NULL
[2021.02.19-14.33.30:547][592]LogOnline: OSS: TryLoadSubsystemAndSetDefault: Loaded subsystem for module [NULL]
[2021.02.19-14.33.30:548][592]LogPlayLevel: Creating play world package: /Game/Maps/UEDPIE_0_Movement
[2021.02.19-14.33.30:550][592]LogPlayLevel: PIE: StaticDuplicateObject took: (0.002363s)
[2021.02.19-14.33.30:551][592]LogAIModule: Creating AISystem for world Movement
[2021.02.19-14.33.30:551][592]LogAISub: UAISubsystem::UAISubsystem EnvQueryManager (00000223D6EAA800), frame # 2592
[2021.02.19-14.33.30:551][592]LogAISub: UAISubsystem::UAISubsystem AIPerceptionSystem (00000223D6E51E40), frame # 2592
[2021.02.19-14.33.30:552][592]LogPlayLevel: PIE: World Init took: (0.001539s)
[2021.02.19-14.33.30:552][592]LogPlayLevel: PIE: Created PIE world by copying editor world from /Game/Maps/Movement.Movement to /Game/Maps/UEDPIE_0_Movement.Movement (0.004060s)
[2021.02.19-14.33.30:561][592]LogUObjectHash: Compacting FUObjectHashTables data took   0.83ms
[2021.02.19-14.33.30:562][592]LogAudioMixer: Display: Audio Mixer Platform Settings:
[2021.02.19-14.33.30:562][592]LogAudioMixer: Display: 	Sample Rate:						  48000
[2021.02.19-14.33.30:563][592]LogAudioMixer: Display: 	Callback Buffer Frame Size Requested: 1024
[2021.02.19-14.33.30:563][592]LogAudioMixer: Display: 	Callback Buffer Frame Size To Use:	  1024
[2021.02.19-14.33.30:563][592]LogAudioMixer: Display: 	Number of buffers to queue:			  2
[2021.02.19-14.33.30:563][592]LogAudioMixer: Display: 	Max Channels (voices):				  32
[2021.02.19-14.33.30:563][592]LogAudioMixer: Display: 	Number of Async Source Workers:		  0
[2021.02.19-14.33.30:563][592]LogAudio: Display: AudioDevice MaxSources: 32
[2021.02.19-14.33.30:563][592]LogAudio: Display: Using built-in audio occlusion.
[2021.02.19-14.33.30:563][592]LogAudioMixer: Display: Initializing audio mixer.
[2021.02.19-14.33.30:567][592]LogAudioMixer: Display: 0: FrontLeft
[2021.02.19-14.33.30:567][592]LogAudioMixer: Display: 1: FrontRight
[2021.02.19-14.33.30:583][592]LogAudioMixer: Display: Using Audio Device Headphones (2- Arctis 7 Game)
[2021.02.19-14.33.30:583][592]LogAudioMixer: Display: Initializing Sound Submixes...
[2021.02.19-14.33.30:583][592]LogAudioMixer: Display: Creating Master Submix 'MasterSubmixDefault'
[2021.02.19-14.33.30:583][592]LogAudioMixer: Display: Creating Master Submix 'MasterReverbSubmixDefault'
[2021.02.19-14.33.30:583][592]LogAudioMixer: Display: Creating Master Submix 'MasterEQSubmixDefault'
[2021.02.19-14.33.30:594][592]LogInit: FAudioDevice initialized.
[2021.02.19-14.33.30:604][592]LogLoad: Game class is 'BP_MyCubeLord_AdrianGameModeBase_C'
[2021.02.19-14.33.30:606][592]LogWorld: Bringing World /Game/Maps/UEDPIE_0_Movement.Movement up for play (max tick rate 0) at 2021.02.19-15.33.30
[2021.02.19-14.33.30:606][592]LogWorld: Bringing up level for play took: 0.000756
[2021.02.19-14.33.30:606][592]LogOnline: OSS: Creating online subsystem instance for: :Context_3
[2021.02.19-14.33.30:621][592]LogContentBrowser: Native class hierarchy updated for 'MovieSceneCapture' in 0.0004 seconds. Added 20 classes and 0 folders.
[2021.02.19-14.33.30:622][592]PIE: Server logged in
[2021.02.19-14.33.30:623][592]PIE: Play in editor total start time 0,082 seconds.
[2021.02.19-14.33.34:693][ 78]LogTemp: Warning: CamMode1
[2021.02.19-14.33.35:702][199]LogTemp: Warning: CamMode1
[2021.02.19-14.33.36:468][291]LogTemp: Warning: CamMode2
[2021.02.19-14.33.38:582][291]LogWindows: Error: === Critical error: ===
[2021.02.19-14.33.38:582][291]LogWindows: Error: 
[2021.02.19-14.33.38:582][291]LogWindows: Error: Fatal error!
[2021.02.19-14.33.38:582][291]LogWindows: Error: 
[2021.02.19-14.33.38:582][291]LogWindows: Error: Unhandled Exception: EXCEPTION_ACCESS_VIOLATION writing address 0x00000338
[2021.02.19-14.33.38:582][291]LogWindows: Error: 
[2021.02.19-14.33.38:582][291]LogWindows: Error: [Callstack] 0x00007ffb354656f8 UE4Editor-CubeLord_Adrian-4680.dll!UnknownFunction [D:\Dropbox\_Innlandet\Game_Design\CubeLord_Adrian\Source\CubeLord_Adrian\MyCameraPawn.cpp:58]
[2021.02.19-14.33.38:582][291]LogWindows: Error: [Callstack] 0x00007ffb233491fa UE4Editor-Engine.dll!UnknownFunction []
[2021.02.19-14.33.38:582][291]LogWindows: Error: [Callstack] 0x00007ffb2337514e UE4Editor-Engine.dll!UnknownFunction []
[2021.02.19-14.33.38:582][291]LogWindows: Error: [Callstack] 0x00007ffb22e7b988 UE4Editor-Engine.dll!UnknownFunction []
[2021.02.19-14.33.38:582][291]LogWindows: Error: [Callstack] 0x00007ffb22e8f1b4 UE4Editor-Engine.dll!UnknownFunction []
[2021.02.19-14.33.38:582][291]LogWindows: Error: [Callstack] 0x00007ffb22e79a1b UE4Editor-Engine.dll!UnknownFunction []
[2021.02.19-14.33.38:582][291]LogWindows: Error: [Callstack] 0x00007ffb22e8d681 UE4Editor-Engine.dll!UnknownFunction []
[2021.02.19-14.33.38:582][291]LogWindows: Error: [Callstack] 0x00007ffb22169f84 UE4Editor-Engine.dll!UnknownFunction []
[2021.02.19-14.33.38:582][291]LogWindows: Error: [Callstack] 0x00007ffb2322936f UE4Editor-Engine.dll!UnknownFunction []
[2021.02.19-14.33.38:582][291]LogWindows: Error: [Callstack] 0x00007ffb2322e3c7 UE4Editor-Engine.dll!UnknownFunction []
[2021.02.19-14.33.38:582][291]LogWindows: Error: [Callstack] 0x00007ffb24e287d8 UE4Editor-Core.dll!UnknownFunction []
[2021.02.19-14.33.38:582][291]LogWindows: Error: [Callstack] 0x00007ffb24e28aa3 UE4Editor-Core.dll!UnknownFunction []
[2021.02.19-14.33.38:582][291]LogWindows: Error: [Callstack] 0x00007ffb24e3f027 UE4Editor-Core.dll!UnknownFunction []
[2021.02.19-14.33.38:582][291]LogWindows: Error: [Callstack] 0x00007ffb2324a402 UE4Editor-Engine.dll!UnknownFunction []
[2021.02.19-14.33.38:582][291]LogWindows: Error: [Callstack] 0x00007ffb2324f6ca UE4Editor-Engine.dll!UnknownFunction []
[2021.02.19-14.33.38:582][291]LogWindows: Error: [Callstack] 0x00007ffb22a0d0bf UE4Editor-Engine.dll!UnknownFunction []
[2021.02.19-14.33.38:582][291]LogWindows: Error: [Callstack] 0x00007ffb22a17957 UE4Editor-Engine.dll!UnknownFunction []
[2021.02.19-14.33.38:582][291]LogWindows: Error: [Callstack] 0x00007ffb205baf57 UE4Editor-UnrealEd.dll!UnknownFunction []
[2021.02.19-14.33.38:582][291]LogWindows: Error: [Callstack] 0x00007ffb20e937e6 UE4Editor-UnrealEd.dll!UnknownFunction []
[2021.02.19-14.33.38:582][291]LogWindows: Error: [Callstack] 0x00007ff6450d7800 UE4Editor.exe!UnknownFunction []
[2021.02.19-14.33.38:582][291]LogWindows: Error: [Callstack] 0x00007ff6450eba7c UE4Editor.exe!UnknownFunction []
[2021.02.19-14.33.38:582][291]LogWindows: Error: [Callstack] 0x00007ff6450ebb5a UE4Editor.exe!UnknownFunction []
[2021.02.19-14.33.38:582][291]LogWindows: Error: [Callstack] 0x00007ff6450fe31d UE4Editor.exe!UnknownFunction []
[2021.02.19-14.33.38:582][291]LogWindows: Error: [Callstack] 0x00007ff64510145a UE4Editor.exe!UnknownFunction []
[2021.02.19-14.33.38:582][291]LogWindows: Error: [Callstack] 0x00007ffb88587034 KERNEL32.DLL!UnknownFunction []
[2021.02.19-14.33.38:582][291]LogWindows: Error: [Callstack] 0x00007ffb8891d241 ntdll.dll!UnknownFunction []
[2021.02.19-14.33.38:582][291]LogWindows: Error: 
[2021.02.19-14.33.38:656][291]LogExit: Executing StaticShutdownAfterError
[2021.02.19-14.33.38:658][291]LogWindows: FPlatformMisc::RequestExit(1)
[2021.02.19-14.33.38:658][291]LogCore: Engine exit requested (reason: Win RequestExit)
[2021.02.19-14.33.38:749][291]Log file closed, 02/19/21 15:33:38
