Log file open, 02/19/21 16:06:31
LogInit: Display: Running engine for game: CubeLord_Adrian
LogPlatformFile: Not using cached read wrapper
LogTaskGraph: Started task graph with 5 named threads and 35 total threads with 3 sets of task threads.
LogStats: Stats thread started at 0.201492
LogD3D11RHI: Loaded GFSDK_Aftermath_Lib.x64.dll
LogICUInternationalization: ICU TimeZone Detection - Raw Offset: +1:00, Platform Override: ''
LogPluginManager: Mounting plugin Paper2D
LogPluginManager: Mounting plugin AISupport
LogPluginManager: Mounting plugin LightPropagationVolume
LogPluginManager: Mounting plugin CameraShakePreviewer
LogPluginManager: Mounting plugin ActorLayerUtilities
LogPluginManager: Mounting plugin AnimationSharing
LogPluginManager: Mounting plugin CLionSourceCodeAccess
LogPluginManager: Mounting plugin CodeLiteSourceCodeAccess
LogPluginManager: Mounting plugin GitSourceControl
LogPluginManager: Mounting plugin KDevelopSourceCodeAccess
LogPluginManager: Mounting plugin NullSourceCodeAccess
LogPluginManager: Mounting plugin PerforceSourceControl
LogPluginManager: Mounting plugin PlasticSourceControl
LogPluginManager: Mounting plugin RiderSourceCodeAccess
LogPluginManager: Mounting plugin SubversionSourceControl
LogPluginManager: Mounting plugin UObjectPlugin
LogPluginManager: Mounting plugin VisualStudioCodeSourceCodeAccess
LogPluginManager: Mounting plugin VisualStudioSourceCodeAccess
LogPluginManager: Mounting plugin XCodeSourceCodeAccess
LogPluginManager: Mounting plugin AssetManagerEditor
LogPluginManager: Mounting plugin CryptoKeys
LogPluginManager: Mounting plugin CurveEditorTools
LogPluginManager: Mounting plugin DataValidation
LogPluginManager: Mounting plugin EditorScriptingUtilities
LogPluginManager: Mounting plugin FacialAnimation
LogPluginManager: Mounting plugin GameplayTagsEditor
LogPluginManager: Mounting plugin GeometryMode
LogPluginManager: Mounting plugin MacGraphicsSwitching
LogPluginManager: Mounting plugin MaterialAnalyzer
LogPluginManager: Mounting plugin MobileLauncherProfileWizard
LogPluginManager: Mounting plugin PluginBrowser
LogPluginManager: Mounting plugin SpeedTreeImporter
LogPluginManager: Mounting plugin DatasmithContent
LogPluginManager: Mounting plugin VariantManagerContent
LogPluginManager: Mounting plugin AlembicImporter
LogPluginManager: Mounting plugin AutomationUtils
LogPluginManager: Mounting plugin BackChannel
LogPluginManager: Mounting plugin ChaosCloth
LogPluginManager: Mounting plugin ChaosClothEditor
LogPluginManager: Mounting plugin ChaosEditor
LogPluginManager: Mounting plugin ChaosNiagara
LogPluginManager: Mounting plugin ChaosSolverPlugin
LogPluginManager: Mounting plugin CharacterAI
LogPluginManager: Mounting plugin GeometryCache
LogPluginManager: Mounting plugin GeometryCollectionPlugin
LogPluginManager: Mounting plugin GeometryProcessing
LogPluginManager: Mounting plugin PlanarCut
LogPluginManager: Mounting plugin PlatformCrypto
LogPluginManager: Mounting plugin ProxyLODPlugin
LogPluginManager: Mounting plugin SkeletalReduction
LogPluginManager: Mounting plugin Niagara
LogPluginManager: Mounting plugin MagicLeap
LogPluginManager: Mounting plugin MagicLeapLightEstimation
LogPluginManager: Mounting plugin MagicLeapMedia
LogPluginManager: Mounting plugin MagicLeapPassableWorld
LogPluginManager: Mounting plugin MLSDK
LogPluginManager: Mounting plugin AndroidMedia
LogPluginManager: Mounting plugin AvfMedia
LogPluginManager: Mounting plugin ImgMedia
LogPluginManager: Mounting plugin MediaCompositing
LogPluginManager: Mounting plugin MediaPlayerEditor
LogPluginManager: Mounting plugin WebMMedia
LogPluginManager: Mounting plugin WmfMedia
LogPluginManager: Mounting plugin MeshPainting
LogPluginManager: Mounting plugin TcpMessaging
LogPluginManager: Mounting plugin UdpMessaging
LogPluginManager: Mounting plugin ActorSequence
LogPluginManager: Mounting plugin LevelSequenceEditor
LogPluginManager: Mounting plugin MatineeToLevelSequence
LogPluginManager: Mounting plugin MovieRenderPipeline
LogPluginManager: Mounting plugin TemplateSequence
LogPluginManager: Mounting plugin NetcodeUnitTest
LogPluginManager: Mounting plugin NUTUnrealEngine4
LogPluginManager: Mounting plugin OnlineSubsystemGooglePlay
LogPluginManager: Mounting plugin OnlineSubsystemIOS
LogPluginManager: Mounting plugin OnlineSubsystem
LogPluginManager: Mounting plugin OnlineSubsystemNull
LogPluginManager: Mounting plugin OnlineSubsystemUtils
LogPluginManager: Mounting plugin LauncherChunkInstaller
LogPluginManager: Mounting plugin AndroidDeviceProfileSelector
LogPluginManager: Mounting plugin AndroidMoviePlayer
LogPluginManager: Mounting plugin AndroidPermission
LogPluginManager: Mounting plugin AppleImageUtils
LogPluginManager: Mounting plugin AppleMoviePlayer
LogPluginManager: Mounting plugin ArchVisCharacter
LogPluginManager: Mounting plugin AssetTags
LogPluginManager: Mounting plugin AudioCapture
LogPluginManager: Mounting plugin CableComponent
LogPluginManager: Mounting plugin CustomMeshComponent
LogPluginManager: Mounting plugin EditableMesh
LogPluginManager: Mounting plugin ExampleDeviceProfileSelector
LogPluginManager: Mounting plugin GoogleCloudMessaging
LogPluginManager: Mounting plugin GooglePAD
LogPluginManager: Mounting plugin IOSDeviceProfileSelector
LogPluginManager: Mounting plugin LinuxDeviceProfileSelector
LogPluginManager: Mounting plugin LocationServicesBPLibrary
LogPluginManager: Mounting plugin MobilePatchingUtils
LogPluginManager: Mounting plugin OculusVR
LogPluginManager: Mounting plugin PhysXVehicles
LogPluginManager: Mounting plugin PostSplashScreen
LogPluginManager: Mounting plugin ProceduralMeshComponent
LogPluginManager: Mounting plugin RuntimePhysXCooking
LogPluginManager: Mounting plugin SignificanceManager
LogPluginManager: Mounting plugin SoundFields
LogPluginManager: Mounting plugin SteamVR
LogPluginManager: Mounting plugin Synthesis
LogPluginManager: Mounting plugin WebMMoviePlayer
LogPluginManager: Mounting plugin WindowsMoviePlayer
LogPluginManager: Mounting plugin ScreenshotTools
LogInit: Using libcurl 7.55.1-DEV
LogInit:  - built for x86_64-pc-win32
LogInit:  - supports SSL with OpenSSL/1.1.1
LogInit:  - supports HTTP deflate (compression) using libz 1.2.8
LogInit:  - other features:
LogInit:      CURL_VERSION_SSL
LogInit:      CURL_VERSION_LIBZ
LogInit:      CURL_VERSION_IPV6
LogInit:      CURL_VERSION_ASYNCHDNS
LogInit:      CURL_VERSION_LARGEFILE
LogInit:      CURL_VERSION_IDN
LogInit:  CurlRequestOptions (configurable via config and command line):
LogInit:  - bVerifyPeer = true  - Libcurl will verify peer certificate
LogInit:  - bUseHttpProxy = false  - Libcurl will NOT use HTTP proxy
LogInit:  - bDontReuseConnections = false  - Libcurl will reuse connections
LogInit:  - MaxHostConnections = 16  - Libcurl will limit the number of connections to a host
LogInit:  - LocalHostAddr = Default
LogInit:  - BufferSize = 65536
LogOnline: OSS: Creating online subsystem instance for: NULL
LogInit: WinSock: version 1.1 (2.2), MaxSocks=32767, MaxUdp=65467
LogOnline: OSS: TryLoadSubsystemAndSetDefault: Loaded subsystem for module [NULL]
LogInit: Build: ++UE4+Release-4.25-CL-14469661
LogInit: Engine Version: 4.25.4-14469661+++UE4+Release-4.25
LogInit: Compatible Engine Version: 4.25.0-13144385+++UE4+Release-4.25
LogInit: Net CL: 13144385
LogInit: OS: Windows 10 (Release 2004) (), CPU: Intel(R) Core(TM) i7-8700K CPU @ 3.70GHz, GPU: NVIDIA GeForce GTX 970
LogInit: Compiled (64-bit): Oct 11 2020 08:10:49
LogInit: Compiled with Visual C++: 19.24.28315.00
LogInit: Build Configuration: Development
LogInit: Branch Name: ++UE4+Release-4.25
LogInit: Command Line: 
LogInit: Base Directory: D:/EpicGames/UE_4.25/Engine/Binaries/Win64/
LogInit: Allocator: TBB
LogInit: Installed Engine Build: 1
LogDevObjectVersion: Number of dev versions registered: 26
LogDevObjectVersion:   Dev-Blueprints (B0D832E4-1F89-4F0D-ACCF-7EB736FD4AA2): 10
LogDevObjectVersion:   Dev-Build (E1C64328-A22C-4D53-A36C-8E866417BD8C): 0
LogDevObjectVersion:   Dev-Core (375EC13C-06E4-48FB-B500-84F0262A717E): 4
LogDevObjectVersion:   Dev-Editor (E4B068ED-F494-42E9-A231-DA0B2E46BB41): 38
LogDevObjectVersion:   Dev-Framework (CFFC743F-43B0-4480-9391-14DF171D2073): 37
LogDevObjectVersion:   Dev-Mobile (B02B49B5-BB20-44E9-A304-32B752E40360): 2
LogDevObjectVersion:   Dev-Networking (A4E4105C-59A1-49B5-A7C5-40C4547EDFEE): 0
LogDevObjectVersion:   Dev-Online (39C831C9-5AE6-47DC-9A44-9C173E1C8E7C): 0
LogDevObjectVersion:   Dev-Physics (78F01B33-EBEA-4F98-B9B4-84EACCB95AA2): 4
LogDevObjectVersion:   Dev-Platform (6631380F-2D4D-43E0-8009-CF276956A95A): 0
LogDevObjectVersion:   Dev-Rendering (12F88B9F-8875-4AFC-A67C-D90C383ABD29): 43
LogDevObjectVersion:   Dev-Sequencer (7B5AE74C-D270-4C10-A958-57980B212A5A): 12
LogDevObjectVersion:   Dev-VR (D7296918-1DD6-4BDD-9DE2-64A83CC13884): 3
LogDevObjectVersion:   Dev-LoadTimes (C2A15278-BFE7-4AFE-6C17-90FF531DF755): 1
LogDevObjectVersion:   Private-Geometry (6EACA3D4-40EC-4CC1-B786-8BED09428FC5): 3
LogDevObjectVersion:   Dev-AnimPhys (29E575DD-E0A3-4627-9D10-D276232CDCEA): 17
LogDevObjectVersion:   Dev-Anim (AF43A65D-7FD3-4947-9873-3E8ED9C1BB05): 7
LogDevObjectVersion:   Dev-ReflectionCapture (6B266CEC-1EC7-4B8F-A30B-E4D90942FC07): 1
LogDevObjectVersion:   Dev-Automation (0DF73D61-A23F-47EA-B727-89E90C41499A): 1
LogDevObjectVersion:   FortniteMain (601D1886-AC64-4F84-AA16-D3DE0DEAC7D6): 31
LogDevObjectVersion:   Dev-Enterprise (9DFFBCD6-494F-0158-E221-12823C92A888): 10
LogDevObjectVersion:   Dev-Niagara (F2AED0AC-9AFE-416F-8664-AA7FFA26D6FC): 1
LogDevObjectVersion:   Dev-Destruction (174F1F0B-B4C6-45A5-B13F-2EE8D0FB917D): 10
LogDevObjectVersion:   Dev-Physics-Ext (35F94A83-E258-406C-A318-09F59610247C): 37
LogDevObjectVersion:   Dev-PhysicsMaterial-Chaos (B68FC16E-8B1B-42E2-B453-215C058844FE): 1
LogDevObjectVersion:   Dev-CineCamera (B2E18506-4273-CFC2-A54E-F4BB758BBA07): 1
LogInit: Presizing for max 25165824 objects, including 0 objects not considered by GC, pre-allocating 0 bytes for permanent pool.
LogConfig: Applying CVar settings from Section [/Script/Engine.StreamingSettings] File [D:/Dropbox/_Innlandet/Game_Design/CubeLord_Adrian/Saved/Config/Windows/Engine.ini]
LogConfig: Setting CVar [[s.MinBulkDataSizeForAsyncLoading:131072]]
LogConfig: Setting CVar [[s.AsyncLoadingThreadEnabled:0]]
LogConfig: Setting CVar [[s.EventDrivenLoaderEnabled:1]]
LogConfig: Setting CVar [[s.WarnIfTimeLimitExceeded:0]]
LogConfig: Setting CVar [[s.TimeLimitExceededMultiplier:1.5]]
LogConfig: Setting CVar [[s.TimeLimitExceededMinTime:0.005]]
LogConfig: Setting CVar [[s.UseBackgroundLevelStreaming:1]]
LogConfig: Setting CVar [[s.PriorityAsyncLoadingExtraTime:15.0]]
LogConfig: Setting CVar [[s.LevelStreamingActorsUpdateTimeLimit:5.0]]
LogConfig: Setting CVar [[s.PriorityLevelStreamingActorsUpdateExtraTime:5.0]]
LogConfig: Setting CVar [[s.LevelStreamingComponentsRegistrationGranularity:10]]
LogConfig: Setting CVar [[s.UnregisterComponentsTimeLimit:1.0]]
LogConfig: Setting CVar [[s.LevelStreamingComponentsUnregistrationGranularity:5]]
LogConfig: Setting CVar [[s.FlushStreamingOnExit:1]]
LogInit: Object subsystem initialized
LogConfig: Setting CVar [[con.DebugEarlyDefault:1]]
LogConfig: Setting CVar [[r.setres:1280x720]]
[2021.02.19-15.06.31:957][  0]LogConfig: Setting CVar [[r.VSync:0]]
[2021.02.19-15.06.31:957][  0]LogConfig: Setting CVar [[r.RHICmdBypass:0]]
[2021.02.19-15.06.31:957][  0]LogConfig: Applying CVar settings from Section [/Script/Engine.RendererSettings] File [D:/Dropbox/_Innlandet/Game_Design/CubeLord_Adrian/Saved/Config/Windows/Engine.ini]
[2021.02.19-15.06.31:957][  0]LogConfig: Setting CVar [[r.GPUCrashDebugging:0]]
[2021.02.19-15.06.31:957][  0]LogConfig: Applying CVar settings from Section [/Script/Engine.RendererOverrideSettings] File [D:/Dropbox/_Innlandet/Game_Design/CubeLord_Adrian/Saved/Config/Windows/Engine.ini]
[2021.02.19-15.06.31:957][  0]LogConfig: Applying CVar settings from Section [/Script/Engine.StreamingSettings] File [D:/Dropbox/_Innlandet/Game_Design/CubeLord_Adrian/Saved/Config/Windows/Engine.ini]
[2021.02.19-15.06.31:957][  0]LogConfig: Setting CVar [[s.MinBulkDataSizeForAsyncLoading:131072]]
[2021.02.19-15.06.31:957][  0]LogConfig: Setting CVar [[s.AsyncLoadingThreadEnabled:0]]
[2021.02.19-15.06.31:957][  0]LogConfig: Setting CVar [[s.EventDrivenLoaderEnabled:1]]
[2021.02.19-15.06.31:957][  0]LogConfig: Setting CVar [[s.WarnIfTimeLimitExceeded:0]]
[2021.02.19-15.06.31:957][  0]LogConfig: Setting CVar [[s.TimeLimitExceededMultiplier:1.5]]
[2021.02.19-15.06.31:957][  0]LogConfig: Setting CVar [[s.TimeLimitExceededMinTime:0.005]]
[2021.02.19-15.06.31:957][  0]LogConfig: Setting CVar [[s.UseBackgroundLevelStreaming:1]]
[2021.02.19-15.06.31:957][  0]LogConfig: Setting CVar [[s.PriorityAsyncLoadingExtraTime:15.0]]
[2021.02.19-15.06.31:957][  0]LogConfig: Setting CVar [[s.LevelStreamingActorsUpdateTimeLimit:5.0]]
[2021.02.19-15.06.31:957][  0]LogConfig: Setting CVar [[s.PriorityLevelStreamingActorsUpdateExtraTime:5.0]]
[2021.02.19-15.06.31:957][  0]LogConfig: Setting CVar [[s.LevelStreamingComponentsRegistrationGranularity:10]]
[2021.02.19-15.06.31:957][  0]LogConfig: Setting CVar [[s.UnregisterComponentsTimeLimit:1.0]]
[2021.02.19-15.06.31:957][  0]LogConfig: Setting CVar [[s.LevelStreamingComponentsUnregistrationGranularity:5]]
[2021.02.19-15.06.31:957][  0]LogConfig: Setting CVar [[s.FlushStreamingOnExit:1]]
[2021.02.19-15.06.31:957][  0]LogConfig: Applying CVar settings from Section [/Script/Engine.GarbageCollectionSettings] File [D:/Dropbox/_Innlandet/Game_Design/CubeLord_Adrian/Saved/Config/Windows/Engine.ini]
[2021.02.19-15.06.31:957][  0]LogConfig: Setting CVar [[gc.MaxObjectsNotConsideredByGC:1]]
[2021.02.19-15.06.31:957][  0]LogConfig: Setting CVar [[gc.SizeOfPermanentObjectPool:0]]
[2021.02.19-15.06.31:957][  0]LogConfig: Setting CVar [[gc.FlushStreamingOnGC:0]]
[2021.02.19-15.06.31:957][  0]LogConfig: Setting CVar [[gc.NumRetriesBeforeForcingGC:10]]
[2021.02.19-15.06.31:957][  0]LogConfig: Setting CVar [[gc.AllowParallelGC:1]]
[2021.02.19-15.06.31:957][  0]LogConfig: Setting CVar [[gc.TimeBetweenPurgingPendingKillObjects:61.1]]
[2021.02.19-15.06.31:957][  0]LogConfig: Setting CVar [[gc.MaxObjectsInEditor:25165824]]
[2021.02.19-15.06.31:957][  0]LogConfig: Setting CVar [[gc.IncrementalBeginDestroyEnabled:1]]
[2021.02.19-15.06.31:957][  0]LogConfig: Setting CVar [[gc.CreateGCClusters:1]]
[2021.02.19-15.06.31:957][  0]LogConfig: Setting CVar [[gc.MinGCClusterSize:5]]
[2021.02.19-15.06.31:957][  0]LogConfig: Setting CVar [[gc.ActorClusteringEnabled:0]]
[2021.02.19-15.06.31:957][  0]LogConfig: Setting CVar [[gc.BlueprintClusteringEnabled:0]]
[2021.02.19-15.06.31:957][  0]LogConfig: Setting CVar [[gc.UseDisregardForGCOnDedicatedServers:0]]
[2021.02.19-15.06.31:957][  0]LogConfig: Applying CVar settings from Section [/Script/Engine.NetworkSettings] File [D:/Dropbox/_Innlandet/Game_Design/CubeLord_Adrian/Saved/Config/Windows/Engine.ini]
[2021.02.19-15.06.31:957][  0]LogConfig: Applying CVar settings from Section [/Script/UnrealEd.CookerSettings] File [D:/Dropbox/_Innlandet/Game_Design/CubeLord_Adrian/Saved/Config/Windows/Engine.ini]
[2021.02.19-15.06.31:961][  0]LogConfig: Applying CVar settings from Section [ViewDistanceQuality@3] File [D:/Dropbox/_Innlandet/Game_Design/CubeLord_Adrian/Saved/Config/Windows/Scalability.ini]
[2021.02.19-15.06.31:961][  0]LogConfig: Setting CVar [[r.SkeletalMeshLODBias:0]]
[2021.02.19-15.06.31:961][  0]LogConfig: Setting CVar [[r.ViewDistanceScale:1.0]]
[2021.02.19-15.06.31:961][  0]LogConfig: Applying CVar settings from Section [AntiAliasingQuality@3] File [D:/Dropbox/_Innlandet/Game_Design/CubeLord_Adrian/Saved/Config/Windows/Scalability.ini]
[2021.02.19-15.06.31:961][  0]LogConfig: Setting CVar [[r.PostProcessAAQuality:4]]
[2021.02.19-15.06.31:961][  0]LogConfig: Applying CVar settings from Section [ShadowQuality@3] File [D:/Dropbox/_Innlandet/Game_Design/CubeLord_Adrian/Saved/Config/Windows/Scalability.ini]
[2021.02.19-15.06.31:961][  0]LogConfig: Setting CVar [[r.LightFunctionQuality:1]]
[2021.02.19-15.06.31:961][  0]LogConfig: Setting CVar [[r.ShadowQuality:5]]
[2021.02.19-15.06.31:961][  0]LogConfig: Setting CVar [[r.Shadow.CSM.MaxCascades:10]]
[2021.02.19-15.06.31:961][  0]LogConfig: Setting CVar [[r.Shadow.MaxResolution:2048]]
[2021.02.19-15.06.31:961][  0]LogConfig: Setting CVar [[r.Shadow.MaxCSMResolution:2048]]
[2021.02.19-15.06.31:961][  0]LogConfig: Setting CVar [[r.Shadow.RadiusThreshold:0.01]]
[2021.02.19-15.06.31:961][  0]LogConfig: Setting CVar [[r.Shadow.DistanceScale:1.0]]
[2021.02.19-15.06.31:961][  0]LogConfig: Setting CVar [[r.Shadow.CSM.TransitionScale:1.0]]
[2021.02.19-15.06.31:961][  0]LogConfig: Setting CVar [[r.Shadow.PreShadowResolutionFactor:1.0]]
[2021.02.19-15.06.31:961][  0]LogConfig: Setting CVar [[r.DistanceFieldShadowing:1]]
[2021.02.19-15.06.31:961][  0]LogConfig: Setting CVar [[r.DistanceFieldAO:1]]
[2021.02.19-15.06.31:961][  0]LogConfig: Setting CVar [[r.AOQuality:2]]
[2021.02.19-15.06.31:961][  0]LogConfig: Setting CVar [[r.VolumetricFog:1]]
[2021.02.19-15.06.31:961][  0]LogConfig: Setting CVar [[r.VolumetricFog.GridPixelSize:8]]
[2021.02.19-15.06.31:961][  0]LogConfig: Setting CVar [[r.VolumetricFog.GridSizeZ:128]]
[2021.02.19-15.06.31:961][  0]LogConfig: Setting CVar [[r.VolumetricFog.HistoryMissSupersampleCount:4]]
[2021.02.19-15.06.31:961][  0]LogConfig: Setting CVar [[r.LightMaxDrawDistanceScale:1]]
[2021.02.19-15.06.31:961][  0]LogConfig: Setting CVar [[r.CapsuleShadows:1]]
[2021.02.19-15.06.31:961][  0]LogConfig: Applying CVar settings from Section [PostProcessQuality@3] File [D:/Dropbox/_Innlandet/Game_Design/CubeLord_Adrian/Saved/Config/Windows/Scalability.ini]
[2021.02.19-15.06.31:961][  0]LogConfig: Setting CVar [[r.MotionBlurQuality:4]]
[2021.02.19-15.06.31:961][  0]LogConfig: Setting CVar [[r.AmbientOcclusionMipLevelFactor:0.4]]
[2021.02.19-15.06.31:961][  0]LogConfig: Setting CVar [[r.AmbientOcclusionMaxQuality:100]]
[2021.02.19-15.06.31:961][  0]LogConfig: Setting CVar [[r.AmbientOcclusionLevels:-1]]
[2021.02.19-15.06.31:961][  0]LogConfig: Setting CVar [[r.AmbientOcclusionRadiusScale:1.0]]
[2021.02.19-15.06.31:961][  0]LogConfig: Setting CVar [[r.DepthOfFieldQuality:2]]
[2021.02.19-15.06.31:961][  0]LogConfig: Setting CVar [[r.RenderTargetPoolMin:400]]
[2021.02.19-15.06.31:961][  0]LogConfig: Setting CVar [[r.LensFlareQuality:2]]
[2021.02.19-15.06.31:961][  0]LogConfig: Setting CVar [[r.SceneColorFringeQuality:1]]
[2021.02.19-15.06.31:961][  0]LogConfig: Setting CVar [[r.EyeAdaptationQuality:2]]
[2021.02.19-15.06.31:961][  0]LogConfig: Setting CVar [[r.BloomQuality:5]]
[2021.02.19-15.06.31:961][  0]LogConfig: Setting CVar [[r.FastBlurThreshold:100]]
[2021.02.19-15.06.31:961][  0]LogConfig: Setting CVar [[r.Upscale.Quality:3]]
[2021.02.19-15.06.31:961][  0]LogConfig: Setting CVar [[r.Tonemapper.GrainQuantization:1]]
[2021.02.19-15.06.31:961][  0]LogConfig: Setting CVar [[r.LightShaftQuality:1]]
[2021.02.19-15.06.31:962][  0]LogConfig: Setting CVar [[r.Filter.SizeScale:1]]
[2021.02.19-15.06.31:962][  0]LogConfig: Setting CVar [[r.Tonemapper.Quality:5]]
[2021.02.19-15.06.31:962][  0]LogConfig: Setting CVar [[r.DOF.Gather.AccumulatorQuality:1        ; higher gathering accumulator quality]]
[2021.02.19-15.06.31:962][  0]LogConfig: Setting CVar [[r.DOF.Gather.PostfilterMethod:1          ; Median3x3 postfilering method]]
[2021.02.19-15.06.31:962][  0]LogConfig: Setting CVar [[r.DOF.Gather.EnableBokehSettings:0       ; no bokeh simulation when gathering]]
[2021.02.19-15.06.31:962][  0]LogConfig: Setting CVar [[r.DOF.Gather.RingCount:4                 ; medium number of samples when gathering]]
[2021.02.19-15.06.31:962][  0]LogConfig: Setting CVar [[r.DOF.Scatter.ForegroundCompositing:1    ; additive foreground scattering]]
[2021.02.19-15.06.31:962][  0]LogConfig: Setting CVar [[r.DOF.Scatter.BackgroundCompositing:2    ; additive background scattering]]
[2021.02.19-15.06.31:962][  0]LogConfig: Setting CVar [[r.DOF.Scatter.EnableBokehSettings:1      ; bokeh simulation when scattering]]
[2021.02.19-15.06.31:962][  0]LogConfig: Setting CVar [[r.DOF.Scatter.MaxSpriteRatio:0.1         ; only a maximum of 10% of scattered bokeh]]
[2021.02.19-15.06.31:962][  0]LogConfig: Setting CVar [[r.DOF.Recombine.Quality:1                ; cheap slight out of focus]]
[2021.02.19-15.06.31:962][  0]LogConfig: Setting CVar [[r.DOF.Recombine.EnableBokehSettings:0    ; no bokeh simulation on slight out of focus]]
[2021.02.19-15.06.31:962][  0]LogConfig: Setting CVar [[r.DOF.TemporalAAQuality:1                ; more stable temporal accumulation]]
[2021.02.19-15.06.31:962][  0]LogConfig: Setting CVar [[r.DOF.Kernel.MaxForegroundRadius:0.025]]
[2021.02.19-15.06.31:962][  0]LogConfig: Setting CVar [[r.DOF.Kernel.MaxBackgroundRadius:0.025]]
[2021.02.19-15.06.31:962][  0]LogConfig: Applying CVar settings from Section [TextureQuality@3] File [D:/Dropbox/_Innlandet/Game_Design/CubeLord_Adrian/Saved/Config/Windows/Scalability.ini]
[2021.02.19-15.06.31:962][  0]LogConfig: Setting CVar [[r.Streaming.MipBias:0]]
[2021.02.19-15.06.31:962][  0]LogConfig: Setting CVar [[r.Streaming.AmortizeCPUToGPUCopy:0]]
[2021.02.19-15.06.31:962][  0]LogConfig: Setting CVar [[r.Streaming.MaxNumTexturesToStreamPerFrame:0]]
[2021.02.19-15.06.31:962][  0]LogConfig: Setting CVar [[r.Streaming.Boost:1]]
[2021.02.19-15.06.31:962][  0]LogConfig: Setting CVar [[r.MaxAnisotropy:8]]
[2021.02.19-15.06.31:962][  0]LogConfig: Setting CVar [[r.VT.MaxAnisotropy:8]]
[2021.02.19-15.06.31:962][  0]LogConfig: Setting CVar [[r.Streaming.LimitPoolSizeToVRAM:0]]
[2021.02.19-15.06.31:962][  0]LogConfig: Setting CVar [[r.Streaming.PoolSize:1000]]
[2021.02.19-15.06.31:962][  0]LogConfig: Setting CVar [[r.Streaming.MaxEffectiveScreenSize:0]]
[2021.02.19-15.06.31:962][  0]LogConfig: Applying CVar settings from Section [EffectsQuality@3] File [D:/Dropbox/_Innlandet/Game_Design/CubeLord_Adrian/Saved/Config/Windows/Scalability.ini]
[2021.02.19-15.06.31:962][  0]LogConfig: Setting CVar [[r.TranslucencyLightingVolumeDim:64]]
[2021.02.19-15.06.31:962][  0]LogConfig: Setting CVar [[r.RefractionQuality:2]]
[2021.02.19-15.06.31:962][  0]LogConfig: Setting CVar [[r.SSR.Quality:3]]
[2021.02.19-15.06.31:962][  0]LogConfig: Setting CVar [[r.SSR.HalfResSceneColor:0]]
[2021.02.19-15.06.31:962][  0]LogConfig: Setting CVar [[r.SceneColorFormat:4]]
[2021.02.19-15.06.31:962][  0]LogConfig: Setting CVar [[r.DetailMode:2]]
[2021.02.19-15.06.31:962][  0]LogConfig: Setting CVar [[r.TranslucencyVolumeBlur:1]]
[2021.02.19-15.06.31:962][  0]LogConfig: Setting CVar [[r.MaterialQualityLevel:1 ; High quality]]
[2021.02.19-15.06.31:962][  0]LogConfig: Setting CVar [[r.SSS.Scale:1]]
[2021.02.19-15.06.31:962][  0]LogConfig: Setting CVar [[r.SSS.SampleSet:2]]
[2021.02.19-15.06.31:962][  0]LogConfig: Setting CVar [[r.SSS.Quality:1]]
[2021.02.19-15.06.31:962][  0]LogConfig: Setting CVar [[r.SSS.HalfRes:0]]
[2021.02.19-15.06.31:962][  0]LogConfig: Setting CVar [[r.SSGI.Quality:3]]
[2021.02.19-15.06.31:962][  0]LogConfig: Setting CVar [[r.EmitterSpawnRateScale:1.0]]
[2021.02.19-15.06.31:962][  0]LogConfig: Setting CVar [[r.ParticleLightQuality:2]]
[2021.02.19-15.06.31:962][  0]LogConfig: Setting CVar [[r.SkyAtmosphere.AerialPerspectiveLUT.FastApplyOnOpaque:1 ; Always have FastSkyLUT 1 in this case to avoid wrong sky]]
[2021.02.19-15.06.31:962][  0]LogConfig: Setting CVar [[r.SkyAtmosphere.AerialPerspectiveLUT.SampleCountPerSlice:1]]
[2021.02.19-15.06.31:962][  0]LogConfig: Setting CVar [[r.SkyAtmosphere.AerialPerspectiveLUT.DepthResolution:16.0]]
[2021.02.19-15.06.31:962][  0]LogConfig: Setting CVar [[r.SkyAtmosphere.FastSkyLUT:1]]
[2021.02.19-15.06.31:962][  0]LogConfig: Setting CVar [[r.SkyAtmosphere.FastSkyLUT.SampleCountMin:4.0]]
[2021.02.19-15.06.31:962][  0]LogConfig: Setting CVar [[r.SkyAtmosphere.FastSkyLUT.SampleCountMax:32.0]]
[2021.02.19-15.06.31:962][  0]LogConfig: Setting CVar [[r.SkyAtmosphere.SampleCountMin:4.0]]
[2021.02.19-15.06.31:962][  0]LogConfig: Setting CVar [[r.SkyAtmosphere.SampleCountMax:32.0]]
[2021.02.19-15.06.31:962][  0]LogConfig: Setting CVar [[r.SkyAtmosphere.TransmittanceLUT.UseSmallFormat:0]]
[2021.02.19-15.06.31:962][  0]LogConfig: Setting CVar [[r.SkyAtmosphere.TransmittanceLUT.SampleCount:10.0]]
[2021.02.19-15.06.31:962][  0]LogConfig: Setting CVar [[r.SkyAtmosphere.MultiScatteringLUT.SampleCount:15.0]]
[2021.02.19-15.06.31:962][  0]LogConfig: Applying CVar settings from Section [FoliageQuality@3] File [D:/Dropbox/_Innlandet/Game_Design/CubeLord_Adrian/Saved/Config/Windows/Scalability.ini]
[2021.02.19-15.06.31:962][  0]LogConfig: Setting CVar [[foliage.DensityScale:1.0]]
[2021.02.19-15.06.31:962][  0]LogConfig: Setting CVar [[grass.DensityScale:1.0]]
[2021.02.19-15.06.31:962][  0]LogConfig: Applying CVar settings from Section [ShadingQuality@3] File [D:/Dropbox/_Innlandet/Game_Design/CubeLord_Adrian/Saved/Config/Windows/Scalability.ini]
[2021.02.19-15.06.31:962][  0]LogConfig: Setting CVar [[r.HairStrands.SkyLighting.SampleCount:16]]
[2021.02.19-15.06.31:962][  0]LogConfig: Setting CVar [[r.HairStrands.SkyLighting.JitterIntegration:0]]
[2021.02.19-15.06.31:962][  0]LogConfig: Setting CVar [[r.HairStrands.SkyAO.SampleCount:16]]
[2021.02.19-15.06.31:962][  0]LogConfig: Setting CVar [[r.HairStrands.DeepShadow.SuperSampling:0]]
[2021.02.19-15.06.31:962][  0]LogConfig: Setting CVar [[r.HairStrands.VisibilityPPLL:0]]
[2021.02.19-15.06.31:962][  0]LogConfig: Setting CVar [[r.HairStrands.RasterizationScale:0.5]]
[2021.02.19-15.06.31:962][  0]LogConfig: Setting CVar [[r.HairStrands.VelocityRasterizationScale:1]]
[2021.02.19-15.06.31:962][  0]LogInit: Selected Device Profile: [Windows]
[2021.02.19-15.06.31:962][  0]LogInit: Applying CVar settings loaded from the selected device profile: [Windows]
[2021.02.19-15.06.31:962][  0]LogHAL: Display: Platform has ~ 16 GB [17132576768 / 17179869184 / 16], which maps to Larger [LargestMinGB=32, LargerMinGB=12, DefaultMinGB=8, SmallerMinGB=6, SmallestMinGB=0)
[2021.02.19-15.06.31:962][  0]LogInit: Going up to parent DeviceProfile []
[2021.02.19-15.06.31:962][  0]LogConfig: Applying CVar settings from Section [ViewDistanceQuality@3] File [D:/Dropbox/_Innlandet/Game_Design/CubeLord_Adrian/Saved/Config/Windows/Scalability.ini]
[2021.02.19-15.06.31:962][  0]LogConfig: Setting CVar [[r.SkeletalMeshLODBias:0]]
[2021.02.19-15.06.31:962][  0]LogConfig: Setting CVar [[r.ViewDistanceScale:1.0]]
[2021.02.19-15.06.31:962][  0]LogConfig: Applying CVar settings from Section [AntiAliasingQuality@3] File [D:/Dropbox/_Innlandet/Game_Design/CubeLord_Adrian/Saved/Config/Windows/Scalability.ini]
[2021.02.19-15.06.31:962][  0]LogConfig: Setting CVar [[r.PostProcessAAQuality:4]]
[2021.02.19-15.06.31:962][  0]LogConfig: Applying CVar settings from Section [ShadowQuality@3] File [D:/Dropbox/_Innlandet/Game_Design/CubeLord_Adrian/Saved/Config/Windows/Scalability.ini]
[2021.02.19-15.06.31:962][  0]LogConfig: Setting CVar [[r.LightFunctionQuality:1]]
[2021.02.19-15.06.31:962][  0]LogConfig: Setting CVar [[r.ShadowQuality:5]]
[2021.02.19-15.06.31:962][  0]LogConfig: Setting CVar [[r.Shadow.CSM.MaxCascades:10]]
[2021.02.19-15.06.31:962][  0]LogConfig: Setting CVar [[r.Shadow.MaxResolution:2048]]
[2021.02.19-15.06.31:962][  0]LogConfig: Setting CVar [[r.Shadow.MaxCSMResolution:2048]]
[2021.02.19-15.06.31:962][  0]LogConfig: Setting CVar [[r.Shadow.RadiusThreshold:0.01]]
[2021.02.19-15.06.31:962][  0]LogConfig: Setting CVar [[r.Shadow.DistanceScale:1.0]]
[2021.02.19-15.06.31:962][  0]LogConfig: Setting CVar [[r.Shadow.CSM.TransitionScale:1.0]]
[2021.02.19-15.06.31:962][  0]LogConfig: Setting CVar [[r.Shadow.PreShadowResolutionFactor:1.0]]
[2021.02.19-15.06.31:962][  0]LogConfig: Setting CVar [[r.DistanceFieldShadowing:1]]
[2021.02.19-15.06.31:962][  0]LogConfig: Setting CVar [[r.DistanceFieldAO:1]]
[2021.02.19-15.06.31:963][  0]LogConfig: Setting CVar [[r.AOQuality:2]]
[2021.02.19-15.06.31:963][  0]LogConfig: Setting CVar [[r.VolumetricFog:1]]
[2021.02.19-15.06.31:963][  0]LogConfig: Setting CVar [[r.VolumetricFog.GridPixelSize:8]]
[2021.02.19-15.06.31:963][  0]LogConfig: Setting CVar [[r.VolumetricFog.GridSizeZ:128]]
[2021.02.19-15.06.31:963][  0]LogConfig: Setting CVar [[r.VolumetricFog.HistoryMissSupersampleCount:4]]
[2021.02.19-15.06.31:963][  0]LogConfig: Setting CVar [[r.LightMaxDrawDistanceScale:1]]
[2021.02.19-15.06.31:963][  0]LogConfig: Setting CVar [[r.CapsuleShadows:1]]
[2021.02.19-15.06.31:963][  0]LogConfig: Applying CVar settings from Section [PostProcessQuality@3] File [D:/Dropbox/_Innlandet/Game_Design/CubeLord_Adrian/Saved/Config/Windows/Scalability.ini]
[2021.02.19-15.06.31:963][  0]LogConfig: Setting CVar [[r.MotionBlurQuality:4]]
[2021.02.19-15.06.31:963][  0]LogConfig: Setting CVar [[r.AmbientOcclusionMipLevelFactor:0.4]]
[2021.02.19-15.06.31:963][  0]LogConfig: Setting CVar [[r.AmbientOcclusionMaxQuality:100]]
[2021.02.19-15.06.31:963][  0]LogConfig: Setting CVar [[r.AmbientOcclusionLevels:-1]]
[2021.02.19-15.06.31:963][  0]LogConfig: Setting CVar [[r.AmbientOcclusionRadiusScale:1.0]]
[2021.02.19-15.06.31:963][  0]LogConfig: Setting CVar [[r.DepthOfFieldQuality:2]]
[2021.02.19-15.06.31:963][  0]LogConfig: Setting CVar [[r.RenderTargetPoolMin:400]]
[2021.02.19-15.06.31:963][  0]LogConfig: Setting CVar [[r.LensFlareQuality:2]]
[2021.02.19-15.06.31:963][  0]LogConfig: Setting CVar [[r.SceneColorFringeQuality:1]]
[2021.02.19-15.06.31:963][  0]LogConfig: Setting CVar [[r.EyeAdaptationQuality:2]]
[2021.02.19-15.06.31:963][  0]LogConfig: Setting CVar [[r.BloomQuality:5]]
[2021.02.19-15.06.31:963][  0]LogConfig: Setting CVar [[r.FastBlurThreshold:100]]
[2021.02.19-15.06.31:963][  0]LogConfig: Setting CVar [[r.Upscale.Quality:3]]
[2021.02.19-15.06.31:963][  0]LogConfig: Setting CVar [[r.Tonemapper.GrainQuantization:1]]
[2021.02.19-15.06.31:963][  0]LogConfig: Setting CVar [[r.LightShaftQuality:1]]
[2021.02.19-15.06.31:963][  0]LogConfig: Setting CVar [[r.Filter.SizeScale:1]]
[2021.02.19-15.06.31:963][  0]LogConfig: Setting CVar [[r.Tonemapper.Quality:5]]
[2021.02.19-15.06.31:963][  0]LogConfig: Setting CVar [[r.DOF.Gather.AccumulatorQuality:1        ; higher gathering accumulator quality]]
[2021.02.19-15.06.31:963][  0]LogConfig: Setting CVar [[r.DOF.Gather.PostfilterMethod:1          ; Median3x3 postfilering method]]
[2021.02.19-15.06.31:963][  0]LogConfig: Setting CVar [[r.DOF.Gather.EnableBokehSettings:0       ; no bokeh simulation when gathering]]
[2021.02.19-15.06.31:963][  0]LogConfig: Setting CVar [[r.DOF.Gather.RingCount:4                 ; medium number of samples when gathering]]
[2021.02.19-15.06.31:963][  0]LogConfig: Setting CVar [[r.DOF.Scatter.ForegroundCompositing:1    ; additive foreground scattering]]
[2021.02.19-15.06.31:963][  0]LogConfig: Setting CVar [[r.DOF.Scatter.BackgroundCompositing:2    ; additive background scattering]]
[2021.02.19-15.06.31:963][  0]LogConfig: Setting CVar [[r.DOF.Scatter.EnableBokehSettings:1      ; bokeh simulation when scattering]]
[2021.02.19-15.06.31:963][  0]LogConfig: Setting CVar [[r.DOF.Scatter.MaxSpriteRatio:0.1         ; only a maximum of 10% of scattered bokeh]]
[2021.02.19-15.06.31:963][  0]LogConfig: Setting CVar [[r.DOF.Recombine.Quality:1                ; cheap slight out of focus]]
[2021.02.19-15.06.31:963][  0]LogConfig: Setting CVar [[r.DOF.Recombine.EnableBokehSettings:0    ; no bokeh simulation on slight out of focus]]
[2021.02.19-15.06.31:963][  0]LogConfig: Setting CVar [[r.DOF.TemporalAAQuality:1                ; more stable temporal accumulation]]
[2021.02.19-15.06.31:963][  0]LogConfig: Setting CVar [[r.DOF.Kernel.MaxForegroundRadius:0.025]]
[2021.02.19-15.06.31:963][  0]LogConfig: Setting CVar [[r.DOF.Kernel.MaxBackgroundRadius:0.025]]
[2021.02.19-15.06.31:963][  0]LogConfig: Applying CVar settings from Section [TextureQuality@3] File [D:/Dropbox/_Innlandet/Game_Design/CubeLord_Adrian/Saved/Config/Windows/Scalability.ini]
[2021.02.19-15.06.31:963][  0]LogConfig: Setting CVar [[r.Streaming.MipBias:0]]
[2021.02.19-15.06.31:963][  0]LogConfig: Setting CVar [[r.Streaming.AmortizeCPUToGPUCopy:0]]
[2021.02.19-15.06.31:963][  0]LogConfig: Setting CVar [[r.Streaming.MaxNumTexturesToStreamPerFrame:0]]
[2021.02.19-15.06.31:963][  0]LogConfig: Setting CVar [[r.Streaming.Boost:1]]
[2021.02.19-15.06.31:963][  0]LogConfig: Setting CVar [[r.MaxAnisotropy:8]]
[2021.02.19-15.06.31:963][  0]LogConfig: Setting CVar [[r.VT.MaxAnisotropy:8]]
[2021.02.19-15.06.31:963][  0]LogConfig: Setting CVar [[r.Streaming.LimitPoolSizeToVRAM:0]]
[2021.02.19-15.06.31:963][  0]LogConfig: Setting CVar [[r.Streaming.PoolSize:1000]]
[2021.02.19-15.06.31:963][  0]LogConfig: Setting CVar [[r.Streaming.MaxEffectiveScreenSize:0]]
[2021.02.19-15.06.31:963][  0]LogConfig: Applying CVar settings from Section [EffectsQuality@3] File [D:/Dropbox/_Innlandet/Game_Design/CubeLord_Adrian/Saved/Config/Windows/Scalability.ini]
[2021.02.19-15.06.31:963][  0]LogConfig: Setting CVar [[r.TranslucencyLightingVolumeDim:64]]
[2021.02.19-15.06.31:963][  0]LogConfig: Setting CVar [[r.RefractionQuality:2]]
[2021.02.19-15.06.31:963][  0]LogConfig: Setting CVar [[r.SSR.Quality:3]]
[2021.02.19-15.06.31:963][  0]LogConfig: Setting CVar [[r.SSR.HalfResSceneColor:0]]
[2021.02.19-15.06.31:963][  0]LogConfig: Setting CVar [[r.SceneColorFormat:4]]
[2021.02.19-15.06.31:963][  0]LogConfig: Setting CVar [[r.DetailMode:2]]
[2021.02.19-15.06.31:963][  0]LogConfig: Setting CVar [[r.TranslucencyVolumeBlur:1]]
[2021.02.19-15.06.31:963][  0]LogConfig: Setting CVar [[r.MaterialQualityLevel:1 ; High quality]]
[2021.02.19-15.06.31:963][  0]LogConfig: Setting CVar [[r.SSS.Scale:1]]
[2021.02.19-15.06.31:963][  0]LogConfig: Setting CVar [[r.SSS.SampleSet:2]]
[2021.02.19-15.06.31:963][  0]LogConfig: Setting CVar [[r.SSS.Quality:1]]
[2021.02.19-15.06.31:963][  0]LogConfig: Setting CVar [[r.SSS.HalfRes:0]]
[2021.02.19-15.06.31:963][  0]LogConfig: Setting CVar [[r.SSGI.Quality:3]]
[2021.02.19-15.06.31:963][  0]LogConfig: Setting CVar [[r.EmitterSpawnRateScale:1.0]]
[2021.02.19-15.06.31:963][  0]LogConfig: Setting CVar [[r.ParticleLightQuality:2]]
[2021.02.19-15.06.31:963][  0]LogConfig: Setting CVar [[r.SkyAtmosphere.AerialPerspectiveLUT.FastApplyOnOpaque:1 ; Always have FastSkyLUT 1 in this case to avoid wrong sky]]
[2021.02.19-15.06.31:963][  0]LogConfig: Setting CVar [[r.SkyAtmosphere.AerialPerspectiveLUT.SampleCountPerSlice:1]]
[2021.02.19-15.06.31:963][  0]LogConfig: Setting CVar [[r.SkyAtmosphere.AerialPerspectiveLUT.DepthResolution:16.0]]
[2021.02.19-15.06.31:963][  0]LogConfig: Setting CVar [[r.SkyAtmosphere.FastSkyLUT:1]]
[2021.02.19-15.06.31:963][  0]LogConfig: Setting CVar [[r.SkyAtmosphere.FastSkyLUT.SampleCountMin:4.0]]
[2021.02.19-15.06.31:963][  0]LogConfig: Setting CVar [[r.SkyAtmosphere.FastSkyLUT.SampleCountMax:32.0]]
[2021.02.19-15.06.31:963][  0]LogConfig: Setting CVar [[r.SkyAtmosphere.SampleCountMin:4.0]]
[2021.02.19-15.06.31:963][  0]LogConfig: Setting CVar [[r.SkyAtmosphere.SampleCountMax:32.0]]
[2021.02.19-15.06.31:963][  0]LogConfig: Setting CVar [[r.SkyAtmosphere.TransmittanceLUT.UseSmallFormat:0]]
[2021.02.19-15.06.31:963][  0]LogConfig: Setting CVar [[r.SkyAtmosphere.TransmittanceLUT.SampleCount:10.0]]
[2021.02.19-15.06.31:963][  0]LogConfig: Setting CVar [[r.SkyAtmosphere.MultiScatteringLUT.SampleCount:15.0]]
[2021.02.19-15.06.31:963][  0]LogConfig: Applying CVar settings from Section [FoliageQuality@3] File [D:/Dropbox/_Innlandet/Game_Design/CubeLord_Adrian/Saved/Config/Windows/Scalability.ini]
[2021.02.19-15.06.31:963][  0]LogConfig: Setting CVar [[foliage.DensityScale:1.0]]
[2021.02.19-15.06.31:963][  0]LogConfig: Setting CVar [[grass.DensityScale:1.0]]
[2021.02.19-15.06.31:963][  0]LogConfig: Applying CVar settings from Section [ShadingQuality@3] File [D:/Dropbox/_Innlandet/Game_Design/CubeLord_Adrian/Saved/Config/Windows/Scalability.ini]
[2021.02.19-15.06.31:963][  0]LogConfig: Setting CVar [[r.HairStrands.SkyLighting.SampleCount:16]]
[2021.02.19-15.06.31:963][  0]LogConfig: Setting CVar [[r.HairStrands.SkyLighting.JitterIntegration:0]]
[2021.02.19-15.06.31:963][  0]LogConfig: Setting CVar [[r.HairStrands.SkyAO.SampleCount:16]]
[2021.02.19-15.06.31:963][  0]LogConfig: Setting CVar [[r.HairStrands.DeepShadow.SuperSampling:0]]
[2021.02.19-15.06.31:963][  0]LogConfig: Setting CVar [[r.HairStrands.VisibilityPPLL:0]]
[2021.02.19-15.06.31:963][  0]LogConfig: Setting CVar [[r.HairStrands.RasterizationScale:0.5]]
[2021.02.19-15.06.31:963][  0]LogConfig: Setting CVar [[r.HairStrands.VelocityRasterizationScale:1]]
[2021.02.19-15.06.31:963][  0]LogConfig: Applying CVar settings from Section [Startup] File [../../../Engine/Config/ConsoleVariables.ini]
[2021.02.19-15.06.31:964][  0]LogConfig: Setting CVar [[net.UseAdaptiveNetUpdateFrequency:0]]
[2021.02.19-15.06.31:964][  0]LogConfig: Setting CVar [[p.chaos.AllowCreatePhysxBodies:1]]
[2021.02.19-15.06.31:964][  0]LogConfig: Setting CVar [[fx.SkipVectorVMBackendOptimizations:1]]
[2021.02.19-15.06.31:964][  0]LogConfig: Applying CVar settings from Section [ConsoleVariables] File [D:/Dropbox/_Innlandet/Game_Design/CubeLord_Adrian/Saved/Config/Windows/Engine.ini]
[2021.02.19-15.06.31:964][  0]LogInit: Computer: DESKTOP-TLKAI07
[2021.02.19-15.06.31:964][  0]LogInit: User: adria
[2021.02.19-15.06.31:964][  0]LogInit: CPU Page size=4096, Cores=6
[2021.02.19-15.06.31:964][  0]LogInit: High frequency timer resolution =10.000000 MHz
[2021.02.19-15.06.31:964][  0]LogMemory: Memory total: Physical=16.0GB (16GB approx)
[2021.02.19-15.06.31:964][  0]LogMemory: Platform Memory Stats for Windows
[2021.02.19-15.06.31:964][  0]LogMemory: Process Physical Memory: 117.14 MB used, 117.15 MB peak
[2021.02.19-15.06.31:964][  0]LogMemory: Process Virtual Memory: 105.29 MB used, 105.29 MB peak
[2021.02.19-15.06.31:964][  0]LogMemory: Physical Memory: 9307.86 MB used,  7031.04 MB free, 16338.90 MB total
[2021.02.19-15.06.31:964][  0]LogMemory: Virtual Memory: 5174.87 MB used,  134212552.00 MB free, 134217728.00 MB total
[2021.02.19-15.06.31:969][  0]LogWindows: WindowsPlatformFeatures enabled
[2021.02.19-15.06.32:011][  0]LogInit: Physics initialised using underlying interface: PhysX
[2021.02.19-15.06.32:012][  0]LogInit: Using OS detected language (nb-NO).
[2021.02.19-15.06.32:012][  0]LogInit: Using OS detected locale (nb-NO).
[2021.02.19-15.06.32:015][  0]LogTextLocalizationManager: No localization for 'nb-NO' exists, so 'en' will be used for the language.
[2021.02.19-15.06.32:179][  0]LogInit: Setting process to per monitor DPI aware
[2021.02.19-15.06.32:205][  0]LogSlate: New Slate User Created.  User Index 0, Is Virtual User: 0
[2021.02.19-15.06.32:205][  0]LogSlate: Slate User Registered.  User Index 0, Is Virtual User: 0
[2021.02.19-15.06.32:346][  0]LogHMD: Failed to initialize OpenVR with code 110
[2021.02.19-15.06.32:346][  0]LogD3D11RHI: D3D11 min allowed feature level: 11_0
[2021.02.19-15.06.32:346][  0]LogD3D11RHI: D3D11 max allowed feature level: 11_0
[2021.02.19-15.06.32:346][  0]LogD3D11RHI: D3D11 adapters:
[2021.02.19-15.06.32:429][  0]LogD3D11RHI:    0. 'NVIDIA GeForce GTX 970' (Feature Level 11_0)
[2021.02.19-15.06.32:429][  0]LogD3D11RHI:       4043/0/8169 MB DedicatedVideo/DedicatedSystem/SharedSystem, Outputs:2, VendorId:0x10de
[2021.02.19-15.06.32:433][  0]LogD3D11RHI:    1. 'Microsoft Basic Render Driver' (Feature Level 11_0)
[2021.02.19-15.06.32:433][  0]LogD3D11RHI:       0/0/8169 MB DedicatedVideo/DedicatedSystem/SharedSystem, Outputs:0, VendorId:0x1414
[2021.02.19-15.06.32:433][  0]LogD3D11RHI: Chosen D3D11 Adapter: 0
[2021.02.19-15.06.32:441][  0]LogD3D11RHI: Creating new Direct3DDevice
[2021.02.19-15.06.32:441][  0]LogD3D11RHI:     GPU DeviceId: 0x13c2 (for the marketing name, search the web for "GPU Device Id")
[2021.02.19-15.06.32:441][  0]LogWindows: EnumDisplayDevices:
[2021.02.19-15.06.32:441][  0]LogWindows:    0. 'NVIDIA GeForce GTX 970' (P:1 D:1)
[2021.02.19-15.06.32:441][  0]LogWindows:    1. 'NVIDIA GeForce GTX 970' (P:0 D:1)
[2021.02.19-15.06.32:442][  0]LogWindows:    2. 'NVIDIA GeForce GTX 970' (P:0 D:0)
[2021.02.19-15.06.32:442][  0]LogWindows:    3. 'NVIDIA GeForce GTX 970' (P:0 D:0)
[2021.02.19-15.06.32:442][  0]LogWindows: DebugString: FoundDriverCount:4 
[2021.02.19-15.06.32:442][  0]LogD3D11RHI:     Adapter Name: NVIDIA GeForce GTX 970
[2021.02.19-15.06.32:442][  0]LogD3D11RHI:   Driver Version: 456.71 (internal:27.21.14.5671, unified:456.71)
[2021.02.19-15.06.32:442][  0]LogD3D11RHI:      Driver Date: 9-30-2020
[2021.02.19-15.06.32:442][  0]LogRHI: Texture pool is 2830 MB (70% of 4043 MB)
[2021.02.19-15.06.32:495][  0]LogD3D11RHI: RHI has support for 64 bit atomics
[2021.02.19-15.06.32:495][  0]LogD3D11RHI: Async texture creation enabled
[2021.02.19-15.06.32:495][  0]LogD3D11RHI: Array index from any shader is supported
[2021.02.19-15.06.32:513][  0]LogD3D11RHI: GPU Timing Frequency: 1000.000000 (Debug: 2 1)
[2021.02.19-15.06.33:212][  0]LogTargetPlatformManager: Display: Loaded TargetPlatform 'AllDesktop'
[2021.02.19-15.06.33:232][  0]LogTargetPlatformManager: Display: Loaded TargetPlatform 'Android'
[2021.02.19-15.06.33:232][  0]LogTargetPlatformManager: Display: Loaded TargetPlatform 'Android_ASTC'
[2021.02.19-15.06.33:232][  0]LogTargetPlatformManager: Display: Loaded TargetPlatform 'Android_DXT'
[2021.02.19-15.06.33:232][  0]LogTargetPlatformManager: Display: Loaded TargetPlatform 'Android_ETC2'
[2021.02.19-15.06.33:232][  0]LogTargetPlatformManager: Display: Loaded TargetPlatform 'AndroidClient'
[2021.02.19-15.06.33:232][  0]LogTargetPlatformManager: Display: Loaded TargetPlatform 'Android_ASTCClient'
[2021.02.19-15.06.33:232][  0]LogTargetPlatformManager: Display: Loaded TargetPlatform 'Android_DXTClient'
[2021.02.19-15.06.33:232][  0]LogTargetPlatformManager: Display: Loaded TargetPlatform 'Android_ETC2Client'
[2021.02.19-15.06.33:232][  0]LogTargetPlatformManager: Display: Loaded TargetPlatform 'Android_Multi'
[2021.02.19-15.06.33:232][  0]LogTargetPlatformManager: Display: Loaded TargetPlatform 'Android_MultiClient'
[2021.02.19-15.06.33:255][  0]LogTargetPlatformManager: Display: Loaded TargetPlatform 'IOSClient'
[2021.02.19-15.06.33:255][  0]LogTargetPlatformManager: Display: Loaded TargetPlatform 'IOS'
[2021.02.19-15.06.33:263][  0]LogTargetPlatformManager: Display: Loaded TargetPlatform 'Linux'
[2021.02.19-15.06.33:271][  0]LogTargetPlatformManager: Display: Loaded TargetPlatform 'LinuxNoEditor'
[2021.02.19-15.06.33:278][  0]LogTargetPlatformManager: Display: Loaded TargetPlatform 'LinuxClient'
[2021.02.19-15.06.33:286][  0]LogTargetPlatformManager: Display: Loaded TargetPlatform 'LinuxServer'
[2021.02.19-15.06.33:294][  0]LogTargetPlatformManager: Display: Loaded TargetPlatform 'LinuxAArch64NoEditor'
[2021.02.19-15.06.33:303][  0]LogTargetPlatformManager: Display: Loaded TargetPlatform 'LinuxAArch64Client'
[2021.02.19-15.06.33:315][  0]LogTargetPlatformManager: Display: Loaded TargetPlatform 'LinuxAArch64Server'
[2021.02.19-15.06.33:345][  0]LogTargetPlatformManager: Display: Loaded TargetPlatform 'Lumin'
[2021.02.19-15.06.33:345][  0]LogTargetPlatformManager: Display: Loaded TargetPlatform 'LuminClient'
[2021.02.19-15.06.33:362][  0]LogTargetPlatformManager: Display: Loaded TargetPlatform 'TVOSClient'
[2021.02.19-15.06.33:362][  0]LogTargetPlatformManager: Display: Loaded TargetPlatform 'TVOS'
[2021.02.19-15.06.33:371][  0]LogTargetPlatformManager: Display: Loaded TargetPlatform 'WindowsNoEditor'
[2021.02.19-15.06.33:381][  0]LogTargetPlatformManager: Display: Loaded TargetPlatform 'Windows'
[2021.02.19-15.06.33:390][  0]LogTargetPlatformManager: Display: Loaded TargetPlatform 'WindowsClient'
[2021.02.19-15.06.33:399][  0]LogTargetPlatformManager: Display: Loaded TargetPlatform 'WindowsServer'
[2021.02.19-15.06.33:399][  0]LogTargetPlatformManager: Display: Building Assets For Windows
[2021.02.19-15.06.33:406][  0]LogAudioDebug: Display: Lib vorbis DLL was dynamically loaded.
[2021.02.19-15.06.33:471][  0]LogShaderCompilers: Guid format shader working directory is -15 characters bigger than the processId version (../../../../../Dropbox/_Innlandet/Game_Design/CubeLord_Adrian/Intermediate/Shaders/WorkingDirectory/5560/).
[2021.02.19-15.06.33:471][  0]LogShaderCompilers: Cleaned the shader compiler working directory 'C:/Users/adria/AppData/Local/Temp/UnrealShaderWorkingDir/591B7F5342E3A733082CF0A887BFA15C/'.
[2021.02.19-15.06.33:472][  0]LogXGEController: Cleaning working directory: C:/Users/adria/AppData/Local/Temp/UnrealXGEWorkingDir/
[2021.02.19-15.06.33:472][  0]LogXGEController: Cannot use XGE Controller as Incredibuild is not installed on this machine.
[2021.02.19-15.06.33:472][  0]LogShaderCompilers: Cannot use XGE Shader Compiler as Incredibuild is not installed on this machine.
[2021.02.19-15.06.33:472][  0]LogShaderCompilers: Display: Using Local Shader Compiler.
[2021.02.19-15.06.34:139][  0]LogDerivedDataCache: Display: Max Cache Size: 512 MB
[2021.02.19-15.06.34:187][  0]LogDerivedDataCache: Loaded boot cache 0.05s 75MB C:/Users/adria/AppData/Local/UnrealEngine/4.25/DerivedDataCache/Boot.ddc.
[2021.02.19-15.06.34:187][  0]LogDerivedDataCache: Display: Loaded Boot cache: C:/Users/adria/AppData/Local/UnrealEngine/4.25/DerivedDataCache/Boot.ddc
[2021.02.19-15.06.34:187][  0]LogDerivedDataCache: FDerivedDataBackendGraph:  Pak pak cache file ../../../../../Dropbox/_Innlandet/Game_Design/CubeLord_Adrian/DerivedDataCache/DDC.ddp not found, will not use a pak cache.
[2021.02.19-15.06.34:187][  0]LogDerivedDataCache: Unable to find inner node Pak for hierarchical cache Hierarchy.
[2021.02.19-15.06.34:187][  0]LogDerivedDataCache: FDerivedDataBackendGraph:  CompressedPak pak cache file ../../../../../Dropbox/_Innlandet/Game_Design/CubeLord_Adrian/DerivedDataCache/Compressed.ddp not found, will not use a pak cache.
[2021.02.19-15.06.34:187][  0]LogDerivedDataCache: Unable to find inner node CompressedPak for hierarchical cache Hierarchy.
[2021.02.19-15.06.34:196][  0]LogDerivedDataCache: Display: Pak cache opened for reading ../../../Engine/DerivedDataCache/Compressed.ddp.
[2021.02.19-15.06.34:196][  0]LogDerivedDataCache: FDerivedDataBackendGraph:  EnterprisePak pak cache file ../../../Enterprise/DerivedDataCache/Compressed.ddp not found, will not use a pak cache.
[2021.02.19-15.06.34:196][  0]LogDerivedDataCache: Unable to find inner node EnterprisePak for hierarchical cache Hierarchy.
[2021.02.19-15.06.34:197][  0]LogDerivedDataCache: Using Local data cache path C:/Users/adria/AppData/Local/UnrealEngine/Common/DerivedDataCache: Writable
[2021.02.19-15.06.34:197][  0]LogDerivedDataCache: Shared data cache path not found in *engine.ini, will not use an Shared cache.
[2021.02.19-15.06.34:197][  0]LogDerivedDataCache: Unable to find inner node Shared for hierarchical cache Hierarchy.
[2021.02.19-15.06.34:242][  0]LogSlate: Using FreeType 2.10.0
[2021.02.19-15.06.34:243][  0]LogSlate: SlateFontServices - WITH_FREETYPE: 1, WITH_HARFBUZZ: 1
[2021.02.19-15.06.34:266][  0]LogAssetRegistry: FAssetRegistry took 0.0023 seconds to start up
[2021.02.19-15.06.34:483][  0]LogInit: Selected Device Profile: [Windows]
[2021.02.19-15.06.34:590][  0]LogMeshReduction: Using QuadricMeshReduction for automatic static mesh reduction
[2021.02.19-15.06.34:590][  0]LogMeshReduction: Using SimplygonMeshReduction for automatic skeletal mesh reduction
[2021.02.19-15.06.34:590][  0]LogMeshReduction: Using ProxyLODMeshReduction for automatic mesh merging
[2021.02.19-15.06.34:590][  0]LogMeshReduction: No distributed automatic mesh merging module available
[2021.02.19-15.06.34:590][  0]LogMeshMerging: No distributed automatic mesh merging module available
[2021.02.19-15.06.34:604][  0]LogNetVersion: CubeLord_Adrian 1.0.0, NetCL: 13144385, EngineNetVer: 14, GameNetVer: 0 (Checksum: 1803790107)
[2021.02.19-15.06.34:972][  0]LogAISub: UAISubsystem::UAISubsystem AISubsystem (0000014D3E6182C0), frame # 0
[2021.02.19-15.06.34:972][  0]LogAISub: UAISubsystem::UAISubsystem AIPerceptionSystem (0000014D3E56AAC0), frame # 0
[2021.02.19-15.06.34:973][  0]LogAISub: UAISubsystem::UAISubsystem EnvQueryManager (0000014D3E5B1E00), frame # 0
[2021.02.19-15.06.35:022][  0]LogPackageLocalizationCache: Processed 19 localized package path(s) for 1 prioritized culture(s) in 0.043309 seconds
[2021.02.19-15.06.35:027][  0]LogUObjectArray: 15917 objects as part of root set at end of initial load.
[2021.02.19-15.06.35:027][  0]LogUObjectAllocator: 3965568 out of 0 bytes used by permanent object pool.
[2021.02.19-15.06.35:027][  0]LogUObjectArray: CloseDisregardForGC: 0/0 objects in disregard for GC pool
[2021.02.19-15.06.35:323][  0]LogTcpMessaging: Initializing TcpMessaging bridge
[2021.02.19-15.06.35:327][  0]LogUdpMessaging: Initializing bridge on interface 0.0.0.0:0 to multicast group 230.0.0.1:6666.
[2021.02.19-15.06.35:405][  0]SourceControl: Source control is disabled
[2021.02.19-15.06.35:405][  0]SourceControl: Source control is disabled
[2021.02.19-15.06.35:408][  0]SourceControl: Source control is disabled
[2021.02.19-15.06.35:411][  0]SourceControl: Source control is disabled
[2021.02.19-15.06.35:419][  0]SourceControl: Source control is disabled
[2021.02.19-15.06.35:650][  0]LogAndroidPermission: UAndroidPermissionCallbackProxy::GetInstance
[2021.02.19-15.06.35:671][  0]LogAudioCaptureCore: Display: No Audio Capture implementations found. Audio input will be silent.
[2021.02.19-15.06.35:671][  0]LogAudioCaptureCore: Display: No Audio Capture implementations found. Audio input will be silent.
[2021.02.19-15.06.35:716][  0]LogOcInput: OculusInput pre-init called
[2021.02.19-15.06.35:726][  0]LogWindows: Failed to load 'OVRPlugin.dll' (GetLastError=126)
[2021.02.19-15.06.35:726][  0]LogWindows: File 'OVRPlugin.dll' does not exist
[2021.02.19-15.06.35:786][  0]LogEngine: Initializing Engine...
[2021.02.19-15.06.35:787][  0]LogHMD: Failed to initialize OpenVR with code 110
[2021.02.19-15.06.35:787][  0]LogMagicLeap: Warning: VR disabled because ZI is not enabled.  To enable, in the editor, Edit -> Project Settings -> Plugins -> Magic Leap Plugin -> Enable Zero Iteration
[2021.02.19-15.06.35:788][  0]LogStats: UGameplayTagsManager::InitializeManager -  0.000 s
[2021.02.19-15.06.35:898][  0]LogInit: Initializing FReadOnlyCVARCache
[2021.02.19-15.06.35:904][  0]LogAIModule: Creating AISystem for world Untitled
[2021.02.19-15.06.35:904][  0]LogAISub: UAISubsystem::UAISubsystem EnvQueryManager (0000014D4538BC00), frame # 0
[2021.02.19-15.06.35:904][  0]LogAISub: UAISubsystem::UAISubsystem AIPerceptionSystem (0000014D453CA980), frame # 0
[2021.02.19-15.06.35:924][  0]LogAudioMixer: Display: Audio Mixer Platform Settings:
[2021.02.19-15.06.35:924][  0]LogAudioMixer: Display: 	Sample Rate:						  48000
[2021.02.19-15.06.35:924][  0]LogAudioMixer: Display: 	Callback Buffer Frame Size Requested: 1024
[2021.02.19-15.06.35:924][  0]LogAudioMixer: Display: 	Callback Buffer Frame Size To Use:	  1024
[2021.02.19-15.06.35:924][  0]LogAudioMixer: Display: 	Number of buffers to queue:			  2
[2021.02.19-15.06.35:924][  0]LogAudioMixer: Display: 	Max Channels (voices):				  32
[2021.02.19-15.06.35:924][  0]LogAudioMixer: Display: 	Number of Async Source Workers:		  0
[2021.02.19-15.06.35:924][  0]LogAudio: Display: AudioDevice MaxSources: 32
[2021.02.19-15.06.35:924][  0]LogAudio: Display: Using built-in audio occlusion.
[2021.02.19-15.06.35:924][  0]LogAudioMixer: Display: Initializing audio mixer.
[2021.02.19-15.06.35:933][  0]LogAudioMixer: Display: 0: FrontLeft
[2021.02.19-15.06.35:933][  0]LogAudioMixer: Display: 1: FrontRight
[2021.02.19-15.06.35:966][  0]LogAudioMixer: Display: Using Audio Device Headphones (2- Arctis 7 Game)
[2021.02.19-15.06.35:970][  0]LogAudioMixer: Display: Initializing Sound Submixes...
[2021.02.19-15.06.35:972][  0]LogAudioMixer: Display: Creating Master Submix 'MasterSubmixDefault'
[2021.02.19-15.06.35:972][  0]LogAudioMixer: Display: Creating Master Submix 'MasterReverbSubmixDefault'
[2021.02.19-15.06.35:973][  0]LogAudioMixer: Display: Creating Master Submix 'MasterEQSubmixDefault'
[2021.02.19-15.06.35:974][  0]LogInit: FAudioDevice initialized.
[2021.02.19-15.06.35:974][  0]LogNetVersion: Set ProjectVersion to 1.0.0.0. Version Checksum will be recalculated on next use.
[2021.02.19-15.06.36:040][  0]LogDerivedDataCache: Saved boot cache 0.07s 75MB C:/Users/adria/AppData/Local/UnrealEngine/4.25/DerivedDataCache/Boot.ddc.
[2021.02.19-15.06.36:047][  0]LogInit: Texture streaming: Enabled
[2021.02.19-15.06.36:063][  0]LogEngineSessionManager: EngineSessionManager initialized
[2021.02.19-15.06.36:063][  0]LogEngineSessionManager: EngineSessionManager sent abnormal shutdown report. Type=Crashed, SessionId={9170D286-4AAC-A5E7-C6A6-F390253F47AC}
[2021.02.19-15.06.36:063][  0]LogEditorSessionSummary: Verbose: Initializing EditorSessionSummaryWriter for editor session tracking
[2021.02.19-15.06.36:064][  0]LogEditorSessionSummary: EditorSessionSummaryWriter initialized
[2021.02.19-15.06.36:121][  0]LogInit: Transaction tracking system initialized
[2021.02.19-15.06.36:143][  0]BlueprintLog: New page: Editor Load
[2021.02.19-15.06.36:206][  0]LocalizationService: Localization service is disabled
[2021.02.19-15.06.36:334][  0]LogCook: Display: Max memory allowance for cook 16384mb min free memory 0mb
[2021.02.19-15.06.36:334][  0]LogCook: Display: Mobile HDR setting 1
[2021.02.19-15.06.36:464][  0]LogFileCache: Scanning file cache for directory 'D:/Dropbox/_Innlandet/Game_Design/CubeLord_Adrian/Content/' took 0.00s
[2021.02.19-15.06.36:655][  0]SourceControl: Source control is disabled
[2021.02.19-15.06.36:655][  0]LogUnrealEdMisc: Loading editor; pre map load, took 6.167
[2021.02.19-15.06.36:655][  0]Cmd: MAP LOAD FILE="../../../../../Dropbox/_Innlandet/Game_Design/CubeLord_Adrian/Content/Maps/Movement.umap" TEMPLATE=0 SHOWPROGRESS=1 FEATURELEVEL=3
[2021.02.19-15.06.36:655][  0]LightingResults: New page: Lighting Build
[2021.02.19-15.06.36:655][  0]LogWorld: UWorld::CleanupWorld for Untitled, bSessionEnded=true, bCleanupResources=true
[2021.02.19-15.06.36:655][  0]LogSlate: InvalidateAllWidgets triggered.  All widgets were invalidated
[2021.02.19-15.06.36:655][  0]MapCheck: New page: Map Check
[2021.02.19-15.06.36:655][  0]LightingResults: New page: Lighting Build
[2021.02.19-15.06.36:665][  0]LogAISub: UAISubsystem::~UAISubsystem EnvQueryManager (0000014D4538BC00), frame # 0
[2021.02.19-15.06.36:665][  0]LogAISub: UAISubsystem::~UAISubsystem AIPerceptionSystem (0000014D453CA980), frame # 0
[2021.02.19-15.06.36:665][  0]LogUObjectHash: Compacting FUObjectHashTables data took   0.56ms
[2021.02.19-15.06.36:738][  0]LogAIModule: Creating AISystem for world Movement
[2021.02.19-15.06.36:738][  0]LogAISub: UAISubsystem::UAISubsystem EnvQueryManager (0000014D44498400), frame # 0
[2021.02.19-15.06.36:738][  0]LogAISub: UAISubsystem::UAISubsystem AIPerceptionSystem (0000014D44DE7740), frame # 0
[2021.02.19-15.06.36:742][  0]LogEditorServer: Finished looking for orphan Actors (0.000 secs)
[2021.02.19-15.06.36:753][  0]LogUObjectHash: Compacting FUObjectHashTables data took   1.37ms
[2021.02.19-15.06.36:753][  0]Cmd: MAP CHECKDEP NOCLEARLOG
[2021.02.19-15.06.36:753][  0]MapCheck: Map check complete: 0 Error(s), 0 Warning(s), took 0,106ms to complete.
[2021.02.19-15.06.36:753][  0]LogFileHelpers: Loading map 'Movement' took 0.099
[2021.02.19-15.06.36:756][  0]LogUnrealEdMisc: Total Editor Startup Time, took 6.268
[2021.02.19-15.06.36:871][  0]LogSlate: Updating window title bar state: overlay mode, drag disabled, window buttons hidden, title bar hidden
[2021.02.19-15.06.36:883][  0]LogSlate: Updating window title bar state: overlay mode, drag disabled, window buttons hidden, title bar hidden
[2021.02.19-15.06.36:891][  0]LogSlate: Updating window title bar state: overlay mode, drag disabled, window buttons hidden, title bar hidden
[2021.02.19-15.06.36:897][  0]LogSlate: Updating window title bar state: overlay mode, drag disabled, window buttons hidden, title bar hidden
[2021.02.19-15.06.36:902][  0]LogCollectionManager: Loaded 0 collections in 0.000887 seconds
[2021.02.19-15.06.36:973][  0]LogFileCache: Scanning file cache for directory 'D:/Dropbox/_Innlandet/Game_Design/CubeLord_Adrian/Saved/Collections/' took 0.00s
[2021.02.19-15.06.36:973][  0]LogFileCache: Scanning file cache for directory 'D:/Dropbox/_Innlandet/Game_Design/CubeLord_Adrian/Content/Developers/adria/Collections/' took 0.00s
[2021.02.19-15.06.36:973][  0]LogFileCache: Scanning file cache for directory 'D:/Dropbox/_Innlandet/Game_Design/CubeLord_Adrian/Content/Collections/' took 0.00s
[2021.02.19-15.06.36:973][  0]LogContentBrowser: Native class hierarchy populated in 0.0653 seconds. Added 3434 classes and 824 folders.
[2021.02.19-15.06.36:975][  0]LogContentBrowser: Native class hierarchy updated for 'WidgetCarousel' in 0.0003 seconds. Added 0 classes and 0 folders.
[2021.02.19-15.06.37:012][  0]LogContentBrowser: Native class hierarchy updated for 'AddContentDialog' in 0.0003 seconds. Added 0 classes and 0 folders.
[2021.02.19-15.06.37:016][  0]LogContentBrowser: Native class hierarchy updated for 'SceneOutliner' in 0.0004 seconds. Added 2 classes and 0 folders.
[2021.02.19-15.06.37:443][  0]LogSlate: Took 0.000109 seconds to synchronously load lazily loaded font '../../../Engine/Content/Slate/Fonts/Roboto-Regular.ttf' (155K)
[2021.02.19-15.06.37:445][  0]LogSlate: Took 0.000119 seconds to synchronously load lazily loaded font '../../../Engine/Content/Slate/Fonts/Roboto-Bold.ttf' (160K)
[2021.02.19-15.06.37:449][  0]LogSlate: Took 0.000113 seconds to synchronously load lazily loaded font '../../../Engine/Content/Editor/Slate/Fonts/FontAwesome.ttf' (139K)
[2021.02.19-15.06.37:510][  0]LogRenderer: Reallocating scene render targets to support 1068x576 Format 10 NumSamples 1 (Frame:1).
[2021.02.19-15.06.37:585][  0]LogContentBrowser: Native class hierarchy updated for 'HierarchicalLODOutliner' in 0.0004 seconds. Added 0 classes and 0 folders.
[2021.02.19-15.06.37:585][  0]LogLoad: (Engine Initialization) Total time: 7.10 seconds
[2021.02.19-15.06.37:585][  0]LogLoad: (Engine Initialization) Total Blueprint compile time: 0.00 seconds
[2021.02.19-15.06.37:646][  0]LogAssetRegistry: Asset discovery search completed in 3.3815 seconds
[2021.02.19-15.06.37:651][  0]LogCollectionManager: Fixed up redirectors for 0 collections in 0.000003 seconds (updated 0 objects)
[2021.02.19-15.06.37:653][  0]LogContentStreaming: Texture pool size now 1000 MB
[2021.02.19-15.06.37:678][  0]LogSlate: Took 0.000108 seconds to synchronously load lazily loaded font '../../../Engine/Content/Slate/Fonts/Roboto-Light.ttf' (167K)
[2021.02.19-15.06.55:730][106]LogUObjectHash: Compacting FUObjectHashTables data took   0.54ms
[2021.02.19-15.06.56:444][187]LogSlate: Took 0.000112 seconds to synchronously load lazily loaded font '../../../Engine/Content/Slate/Fonts/Roboto-Light.ttf' (167K)
[2021.02.19-15.06.56:457][187]Cmd: OBJ SAVEPACKAGE PACKAGE="/Game/Maps/Movement" FILE="../../../../../Dropbox/_Innlandet/Game_Design/CubeLord_Adrian/Content/Maps/Movement.umap" SILENT=true AUTOSAVING=false KEEPDIRTY=false
[2021.02.19-15.06.56:468][187]LogUObjectHash: Compacting FUObjectHashTables data took   0.19ms
[2021.02.19-15.06.56:492][187]LogSavePackage: Moving '../../../../../Dropbox/_Innlandet/Game_Design/CubeLord_Adrian/Saved/MovementA9CC19724EA03F4633D5CF9D410AAD6C.tmp' to '../../../../../Dropbox/_Innlandet/Game_Design/CubeLord_Adrian/Content/Maps/Movement.umap'
[2021.02.19-15.06.56:523][187]Cmd: OBJ SAVEPACKAGE PACKAGE="/Game/Maps/Movement_BuiltData" FILE="../../../../../Dropbox/_Innlandet/Game_Design/CubeLord_Adrian/Content/Maps/Movement_BuiltData.uasset" SILENT=true
[2021.02.19-15.06.56:544][187]LogSavePackage: Moving '../../../../../Dropbox/_Innlandet/Game_Design/CubeLord_Adrian/Saved/Movement_BuiltDataDC29E2684A8CF1B8A66218BF16791DA4.tmp' to '../../../../../Dropbox/_Innlandet/Game_Design/CubeLord_Adrian/Content/Maps/Movement_BuiltData.uasset'
[2021.02.19-15.06.56:558][187]AssetCheck: New page: Asset Save: multiple assets
[2021.02.19-15.06.56:558][187]LogContentValidation: Display: Validating World /Game/Maps/Movement.Movement
[2021.02.19-15.06.56:558][187]LogContentValidation: Display: Validating MapBuildDataRegistry /Game/Maps/Movement_BuiltData.Movement_BuiltData
[2021.02.19-15.07.10:734][473]Cmd: OBJ SAVEPACKAGE PACKAGE="/Game/Maps/Movement" FILE="../../../../../Dropbox/_Innlandet/Game_Design/CubeLord_Adrian/Content/Maps/Movement.umap" SILENT=true AUTOSAVING=false KEEPDIRTY=false
[2021.02.19-15.07.10:744][473]LogUObjectHash: Compacting FUObjectHashTables data took   0.30ms
[2021.02.19-15.07.10:761][473]LogSavePackage: Moving '../../../../../Dropbox/_Innlandet/Game_Design/CubeLord_Adrian/Saved/Movement7E835D6D4366E59343DAF085C2E33131.tmp' to '../../../../../Dropbox/_Innlandet/Game_Design/CubeLord_Adrian/Content/Maps/Movement.umap'
[2021.02.19-15.07.10:793][473]Cmd: OBJ SAVEPACKAGE PACKAGE="/Game/Maps/Movement_BuiltData" FILE="../../../../../Dropbox/_Innlandet/Game_Design/CubeLord_Adrian/Content/Maps/Movement_BuiltData.uasset" SILENT=true
[2021.02.19-15.07.10:806][473]LogSavePackage: Moving '../../../../../Dropbox/_Innlandet/Game_Design/CubeLord_Adrian/Saved/Movement_BuiltData23045C8F461666F5EF9A0983542C2759.tmp' to '../../../../../Dropbox/_Innlandet/Game_Design/CubeLord_Adrian/Content/Maps/Movement_BuiltData.uasset'
[2021.02.19-15.07.10:816][473]AssetCheck: New page: Asset Save: multiple assets
[2021.02.19-15.07.10:816][473]LogContentValidation: Display: Validating World /Game/Maps/Movement.Movement
[2021.02.19-15.07.10:816][473]LogContentValidation: Display: Validating MapBuildDataRegistry /Game/Maps/Movement_BuiltData.Movement_BuiltData
[2021.02.19-15.07.11:776][582]LogUObjectHash: Compacting FUObjectHashTables data took   0.23ms
[2021.02.19-15.07.12:829][708]LogSlate: Took 0.000097 seconds to synchronously load lazily loaded font '../../../Engine/Content/Slate/Fonts/DroidSansMono.ttf' (77K)
[2021.02.19-15.29.51:744][497]Candidate modules for hot reload:
[2021.02.19-15.29.51:744][497]  CubeLord_Adrian
[2021.02.19-15.29.51:744][497]Launching UnrealBuildTool... [D:/EpicGames/UE_4.25/Engine/Binaries/DotNET/UnrealBuildTool.exe  -ModuleWithSuffix=CubeLord_Adrian,10 CubeLord_AdrianEditor Win64 Development -Project="D:/Dropbox/_Innlandet/Game_Design/CubeLord_Adrian/CubeLord_Adrian.uproject" "D:/Dropbox/_Innlandet/Game_Design/CubeLord_Adrian/CubeLord_Adrian.uproject"  -IgnoreJunk]
[2021.02.19-15.29.51:746][497]Warning: Starting HotReload took  0.0s.
[2021.02.19-15.30.10:096][650]CompilerResultsLog: New page: Compilation - 19. feb. 2021, 17:30:10
[2021.02.19-15.30.10:096][650]CompilerResultsLog: Parsing headers for CubeLord_AdrianEditor
[2021.02.19-15.30.10:096][650]CompilerResultsLog:   Running UnrealHeaderTool "D:\Dropbox\_Innlandet\Game_Design\CubeLord_Adrian\CubeLord_Adrian.uproject" "D:\Dropbox\_Innlandet\Game_Design\CubeLord_Adrian\Intermediate\Build\Win64\CubeLord_AdrianEditor\Development\CubeLord_AdrianEditor.uhtmanifest" -LogCmds="loginit warning, logexit warning, logdatabase error" -Unattended -WarningsAsErrors -abslog="C:\Users\adria\AppData\Local\UnrealBuildTool\Log_UHT.txt" -installed
[2021.02.19-15.30.10:096][650]CompilerResultsLog: Reflection code generated for CubeLord_AdrianEditor in 6,6986563 seconds
[2021.02.19-15.30.10:097][650]CompilerResultsLog: Building CubeLord_AdrianEditor...
[2021.02.19-15.30.10:097][650]CompilerResultsLog: Using Visual Studio 2019 14.28.29335 toolchain (C:\Program Files (x86)\Microsoft Visual Studio\2019\Community\VC\Tools\MSVC\14.28.29333) and Windows 10.0.18362.0 SDK (C:\Program Files (x86)\Windows Kits\10).
[2021.02.19-15.30.10:097][650]CompilerResultsLog: Building 7 actions with 12 processes...
[2021.02.19-15.30.10:097][650]CompilerResultsLog:   [1/7] MyCameraPawn.cpp
[2021.02.19-15.30.10:097][650]CompilerResultsLog:   [2/7] PlayerPawn.cpp
[2021.02.19-15.30.10:097][650]CompilerResultsLog:   [3/7] MyCameraPawn.gen.cpp
[2021.02.19-15.30.10:097][650]CompilerResultsLog:   [4/7] CubeLord_Adrian.init.gen.cpp
[2021.02.19-15.30.10:097][650]CompilerResultsLog:   [5/7] UE4Editor-CubeLord_Adrian-0010.lib
[2021.02.19-15.30.10:097][650]CompilerResultsLog:      Creating library D:\Dropbox\_Innlandet\Game_Design\CubeLord_Adrian\Intermediate\Build\Win64\UE4Editor\Development\CubeLord_Adrian\UE4Editor-CubeLord_Adrian-0010.lib and object D:\Dropbox\_Innlandet\Game_Design\CubeLord_Adrian\Intermediate\Build\Win64\UE4Editor\Development\CubeLord_Adrian\UE4Editor-CubeLord_Adrian-0010.exp
[2021.02.19-15.30.10:097][650]CompilerResultsLog:   [6/7] UE4Editor-CubeLord_Adrian-0010.dll
[2021.02.19-15.30.10:097][650]CompilerResultsLog:      Creating library D:\Dropbox\_Innlandet\Game_Design\CubeLord_Adrian\Intermediate\Build\Win64\UE4Editor\Development\CubeLord_Adrian\UE4Editor-CubeLord_Adrian-0010.suppressed.lib and object D:\Dropbox\_Innlandet\Game_Design\CubeLord_Adrian\Intermediate\Build\Win64\UE4Editor\Development\CubeLord_Adrian\UE4Editor-CubeLord_Adrian-0010.suppressed.exp
[2021.02.19-15.30.10:097][650]CompilerResultsLog:   [7/7] CubeLord_AdrianEditor.target
[2021.02.19-15.30.10:097][650]CompilerResultsLog: Total time in Parallel executor: 10,85 seconds
[2021.02.19-15.30.10:097][650]CompilerResultsLog: Total execution time: 18,24 seconds
[2021.02.19-15.30.10:097][650]LogMainFrame: MainFrame: Module compiling took 18.356 seconds
[2021.02.19-15.30.10:111][650]LogContentBrowser: Native class hierarchy populated in 0.0083 seconds. Added 3434 classes and 824 folders.
[2021.02.19-15.30.10:111][650]Display: HotReload took 18.4s.
[2021.02.19-15.30.12:373][917]Candidate modules for hot reload:
[2021.02.19-15.30.12:373][917]  CubeLord_Adrian
[2021.02.19-15.30.12:373][917]Launching UnrealBuildTool... [D:/EpicGames/UE_4.25/Engine/Binaries/DotNET/UnrealBuildTool.exe  -ModuleWithSuffix=CubeLord_Adrian,8289 CubeLord_AdrianEditor Win64 Development -Project="D:/Dropbox/_Innlandet/Game_Design/CubeLord_Adrian/CubeLord_Adrian.uproject" "D:/Dropbox/_Innlandet/Game_Design/CubeLord_Adrian/CubeLord_Adrian.uproject"  -IgnoreJunk]
[2021.02.19-15.30.12:374][917]Warning: Starting HotReload took  0.0s.
[2021.02.19-15.30.14:083][ 85]CompilerResultsLog: New page: Compilation - 19. feb. 2021, 17:30:14
[2021.02.19-15.30.14:083][ 85]CompilerResultsLog: Building CubeLord_AdrianEditor...
[2021.02.19-15.30.14:083][ 85]CompilerResultsLog: Using Visual Studio 2019 14.28.29335 toolchain (C:\Program Files (x86)\Microsoft Visual Studio\2019\Community\VC\Tools\MSVC\14.28.29333) and Windows 10.0.18362.0 SDK (C:\Program Files (x86)\Windows Kits\10).
[2021.02.19-15.30.14:083][ 85]CompilerResultsLog: Building 3 actions with 12 processes...
[2021.02.19-15.30.14:083][ 85]CompilerResultsLog:   [1/3] UE4Editor-CubeLord_Adrian-8289.lib
[2021.02.19-15.30.14:083][ 85]CompilerResultsLog:      Creating library D:\Dropbox\_Innlandet\Game_Design\CubeLord_Adrian\Intermediate\Build\Win64\UE4Editor\Development\CubeLord_Adrian\UE4Editor-CubeLord_Adrian-8289.lib and object D:\Dropbox\_Innlandet\Game_Design\CubeLord_Adrian\Intermediate\Build\Win64\UE4Editor\Development\CubeLord_Adrian\UE4Editor-CubeLord_Adrian-8289.exp
[2021.02.19-15.30.14:083][ 85]CompilerResultsLog:   [2/3] UE4Editor-CubeLord_Adrian-8289.dll
[2021.02.19-15.30.14:083][ 85]CompilerResultsLog:      Creating library D:\Dropbox\_Innlandet\Game_Design\CubeLord_Adrian\Intermediate\Build\Win64\UE4Editor\Development\CubeLord_Adrian\UE4Editor-CubeLord_Adrian-8289.suppressed.lib and object D:\Dropbox\_Innlandet\Game_Design\CubeLord_Adrian\Intermediate\Build\Win64\UE4Editor\Development\CubeLord_Adrian\UE4Editor-CubeLord_Adrian-8289.suppressed.exp
[2021.02.19-15.30.14:083][ 85]CompilerResultsLog:   [3/3] CubeLord_AdrianEditor.target
[2021.02.19-15.30.14:083][ 85]CompilerResultsLog: Total time in Parallel executor: 1,04 seconds
[2021.02.19-15.30.14:083][ 85]CompilerResultsLog: Total execution time: 1,62 seconds
[2021.02.19-15.30.14:083][ 85]LogMainFrame: MainFrame: Module compiling took 1.713 seconds
[2021.02.19-15.30.14:102][ 85]LogClass: Could not find existing class MyCameraPawn in package /Script/CubeLord_Adrian for HotReload, assuming new class
[2021.02.19-15.30.14:110][ 85]LogHotReload: Re-instancing MyCameraPawn after hot-reload.
[2021.02.19-15.30.14:256][ 85]LogContentBrowser: Native class hierarchy updated for 'CubeLord_Adrian' in 0.0003 seconds. Added 7 classes and 3 folders.
[2021.02.19-15.30.14:258][ 85]Display: HotReload successful (0 functions remapped  0 scriptstructs remapped)
[2021.02.19-15.30.14:298][ 85]LogContentBrowser: Native class hierarchy populated in 0.0073 seconds. Added 3434 classes and 824 folders.
[2021.02.19-15.30.14:298][ 85]Display: HotReload took  1.9s.
[2021.02.19-15.30.14:828][146]LogEditorViewport: Clicking on Actor (LMB): CameraActor (CameraActor)
[2021.02.19-15.30.20:683][785]LogSlate: Took 0.000099 seconds to synchronously load lazily loaded font '../../../Engine/Content/Slate/Fonts/Roboto-Italic.ttf' (157K)
[2021.02.19-15.30.30:093][906]Candidate modules for hot reload:
[2021.02.19-15.30.30:093][906]  CubeLord_Adrian
[2021.02.19-15.30.30:093][906]Launching UnrealBuildTool... [D:/EpicGames/UE_4.25/Engine/Binaries/DotNET/UnrealBuildTool.exe  -ModuleWithSuffix=CubeLord_Adrian,298 CubeLord_AdrianEditor Win64 Development -Project="D:/Dropbox/_Innlandet/Game_Design/CubeLord_Adrian/CubeLord_Adrian.uproject" "D:/Dropbox/_Innlandet/Game_Design/CubeLord_Adrian/CubeLord_Adrian.uproject"  -IgnoreJunk]
[2021.02.19-15.30.30:095][906]Warning: Starting HotReload took  0.0s.
[2021.02.19-15.30.31:878][ 78]CompilerResultsLog: New page: Compilation - 19. feb. 2021, 17:30:31
[2021.02.19-15.30.31:878][ 78]CompilerResultsLog: Building CubeLord_AdrianEditor...
[2021.02.19-15.30.31:878][ 78]CompilerResultsLog: Using Visual Studio 2019 14.28.29335 toolchain (C:\Program Files (x86)\Microsoft Visual Studio\2019\Community\VC\Tools\MSVC\14.28.29333) and Windows 10.0.18362.0 SDK (C:\Program Files (x86)\Windows Kits\10).
[2021.02.19-15.30.31:878][ 78]CompilerResultsLog: Building 3 actions with 12 processes...
[2021.02.19-15.30.31:878][ 78]CompilerResultsLog:   [1/3] UE4Editor-CubeLord_Adrian-0298.lib
[2021.02.19-15.30.31:878][ 78]CompilerResultsLog:      Creating library D:\Dropbox\_Innlandet\Game_Design\CubeLord_Adrian\Intermediate\Build\Win64\UE4Editor\Development\CubeLord_Adrian\UE4Editor-CubeLord_Adrian-0298.lib and object D:\Dropbox\_Innlandet\Game_Design\CubeLord_Adrian\Intermediate\Build\Win64\UE4Editor\Development\CubeLord_Adrian\UE4Editor-CubeLord_Adrian-0298.exp
[2021.02.19-15.30.31:878][ 78]CompilerResultsLog:   [2/3] UE4Editor-CubeLord_Adrian-0298.dll
[2021.02.19-15.30.31:878][ 78]CompilerResultsLog:      Creating library D:\Dropbox\_Innlandet\Game_Design\CubeLord_Adrian\Intermediate\Build\Win64\UE4Editor\Development\CubeLord_Adrian\UE4Editor-CubeLord_Adrian-0298.suppressed.lib and object D:\Dropbox\_Innlandet\Game_Design\CubeLord_Adrian\Intermediate\Build\Win64\UE4Editor\Development\CubeLord_Adrian\UE4Editor-CubeLord_Adrian-0298.suppressed.exp
[2021.02.19-15.30.31:879][ 78]CompilerResultsLog:   [3/3] CubeLord_AdrianEditor.target
[2021.02.19-15.30.31:879][ 78]CompilerResultsLog: Total time in Parallel executor: 1,08 seconds
[2021.02.19-15.30.31:879][ 78]CompilerResultsLog: Total execution time: 1,69 seconds
[2021.02.19-15.30.31:879][ 78]LogMainFrame: MainFrame: Module compiling took 1.789 seconds
[2021.02.19-15.30.31:898][ 78]LogContentBrowser: Native class hierarchy populated in 0.0115 seconds. Added 3434 classes and 824 folders.
[2021.02.19-15.30.31:898][ 78]Display: HotReload took  1.8s.
[2021.02.19-15.30.32:536][154]LogTemp: Repeating last play command: Selected Viewport
[2021.02.19-15.30.32:552][154]LogPlayLevel: PlayLevel: No blueprints needed recompiling
[2021.02.19-15.30.32:553][154]PIE: New page: PIE session: Movement (19. feb. 2021, 17:30:32)
[2021.02.19-15.30.32:553][154]LogOnline: OSS: Creating online subsystem instance for: NULL
[2021.02.19-15.30.32:554][154]LogOnline: OSS: TryLoadSubsystemAndSetDefault: Loaded subsystem for module [NULL]
[2021.02.19-15.30.32:554][154]LogPlayLevel: Creating play world package: /Game/Maps/UEDPIE_0_Movement
[2021.02.19-15.30.32:556][154]LogPlayLevel: PIE: StaticDuplicateObject took: (0.002010s)
[2021.02.19-15.30.32:558][154]LogAIModule: Creating AISystem for world Movement
[2021.02.19-15.30.32:558][154]LogAISub: UAISubsystem::UAISubsystem EnvQueryManager (0000014D448F8C00), frame # 10154
[2021.02.19-15.30.32:558][154]LogAISub: UAISubsystem::UAISubsystem AIPerceptionSystem (0000014D626F9080), frame # 10154
[2021.02.19-15.30.32:558][154]LogPlayLevel: PIE: World Init took: (0.001362s)
[2021.02.19-15.30.32:558][154]LogPlayLevel: PIE: Created PIE world by copying editor world from /Game/Maps/Movement.Movement to /Game/Maps/UEDPIE_0_Movement.Movement (0.003540s)
[2021.02.19-15.30.32:568][154]LogUObjectHash: Compacting FUObjectHashTables data took   0.65ms
[2021.02.19-15.30.32:570][154]LogAudioMixer: Display: Audio Mixer Platform Settings:
[2021.02.19-15.30.32:570][154]LogAudioMixer: Display: 	Sample Rate:						  48000
[2021.02.19-15.30.32:570][154]LogAudioMixer: Display: 	Callback Buffer Frame Size Requested: 1024
[2021.02.19-15.30.32:570][154]LogAudioMixer: Display: 	Callback Buffer Frame Size To Use:	  1024
[2021.02.19-15.30.32:570][154]LogAudioMixer: Display: 	Number of buffers to queue:			  2
[2021.02.19-15.30.32:570][154]LogAudioMixer: Display: 	Max Channels (voices):				  32
[2021.02.19-15.30.32:570][154]LogAudioMixer: Display: 	Number of Async Source Workers:		  0
[2021.02.19-15.30.32:570][154]LogAudio: Display: AudioDevice MaxSources: 32
[2021.02.19-15.30.32:571][154]LogAudio: Display: Using built-in audio occlusion.
[2021.02.19-15.30.32:571][154]LogAudioMixer: Display: Initializing audio mixer.
[2021.02.19-15.30.32:577][154]LogAudioMixer: Display: 0: FrontLeft
[2021.02.19-15.30.32:577][154]LogAudioMixer: Display: 1: FrontRight
[2021.02.19-15.30.32:591][154]LogAudioMixer: Display: Using Audio Device Headphones (2- Arctis 7 Game)
[2021.02.19-15.30.32:592][154]LogAudioMixer: Display: Initializing Sound Submixes...
[2021.02.19-15.30.32:592][154]LogAudioMixer: Display: Creating Master Submix 'MasterSubmixDefault'
[2021.02.19-15.30.32:592][154]LogAudioMixer: Display: Creating Master Submix 'MasterReverbSubmixDefault'
[2021.02.19-15.30.32:592][154]LogAudioMixer: Display: Creating Master Submix 'MasterEQSubmixDefault'
[2021.02.19-15.30.32:603][154]LogInit: FAudioDevice initialized.
[2021.02.19-15.30.32:613][154]LogLoad: Game class is 'BP_MyCubeLord_AdrianGameModeBase_C'
[2021.02.19-15.30.32:615][154]LogWorld: Bringing World /Game/Maps/UEDPIE_0_Movement.Movement up for play (max tick rate 0) at 2021.02.19-16.30.32
[2021.02.19-15.30.32:615][154]LogWorld: Bringing up level for play took: 0.000588
[2021.02.19-15.30.32:615][154]LogOnline: OSS: Creating online subsystem instance for: :Context_4
[2021.02.19-15.30.32:631][154]LogContentBrowser: Native class hierarchy updated for 'MovieSceneCapture' in 0.0005 seconds. Added 20 classes and 0 folders.
[2021.02.19-15.30.32:632][154]PIE: Server logged in
[2021.02.19-15.30.32:634][154]PIE: Play in editor total start time 0,085 seconds.
[2021.02.19-15.30.37:136][682]LogEditorViewport: Clicking on Actor (LMB): StaticMeshActor (Floor)
[2021.02.19-15.30.38:641][857]LogTemp: Warning: CamMode1
[2021.02.19-15.30.38:982][898]LogTemp: Warning: CamMode2
[2021.02.19-15.30.38:982][898]LogTemp: Warning: Testing works
[2021.02.19-15.30.39:549][966]LogTemp: Warning: CamMode1
[2021.02.19-15.30.39:724][987]LogTemp: Warning: CamMode2
[2021.02.19-15.30.39:724][987]LogTemp: Warning: Testing works
[2021.02.19-15.30.50:648][228]LogSlate: Updating window title bar state: overlay mode, drag disabled, window buttons hidden, title bar hidden
[2021.02.19-15.30.50:648][228]LogWorld: BeginTearingDown for /Game/Maps/UEDPIE_0_Movement
[2021.02.19-15.30.50:649][228]LogWorld: UWorld::CleanupWorld for Movement, bSessionEnded=true, bCleanupResources=true
[2021.02.19-15.30.50:649][228]LogSlate: InvalidateAllWidgets triggered.  All widgets were invalidated
[2021.02.19-15.30.50:653][228]LogPlayLevel: Display: Shutting down PIE online subsystems
[2021.02.19-15.30.50:654][228]LogSlate: InvalidateAllWidgets triggered.  All widgets were invalidated
[2021.02.19-15.30.50:677][228]LogSlate: Updating window title bar state: overlay mode, drag disabled, window buttons hidden, title bar hidden
[2021.02.19-15.30.50:678][228]LogAISub: UAISubsystem::~UAISubsystem EnvQueryManager (0000014D448F8C00), frame # 12228
[2021.02.19-15.30.50:678][228]LogAISub: UAISubsystem::~UAISubsystem AIPerceptionSystem (0000014D626F9080), frame # 12228
[2021.02.19-15.30.50:678][228]LogUObjectHash: Compacting FUObjectHashTables data took   0.54ms
[2021.02.19-15.30.50:725][229]LogPlayLevel: Display: Destroying online subsystem :Context_4
[2021.02.19-15.31.01:687][529]Candidate modules for hot reload:
[2021.02.19-15.31.01:687][529]  CubeLord_Adrian
[2021.02.19-15.31.01:688][529]Launching UnrealBuildTool... [D:/EpicGames/UE_4.25/Engine/Binaries/DotNET/UnrealBuildTool.exe  -ModuleWithSuffix=CubeLord_Adrian,8898 CubeLord_AdrianEditor Win64 Development -Project="D:/Dropbox/_Innlandet/Game_Design/CubeLord_Adrian/CubeLord_Adrian.uproject" "D:/Dropbox/_Innlandet/Game_Design/CubeLord_Adrian/CubeLord_Adrian.uproject"  -IgnoreJunk]
[2021.02.19-15.31.01:689][529]Warning: Starting HotReload took  0.0s.
[2021.02.19-15.31.03:944][769]CompilerResultsLog: New page: Compilation - 19. feb. 2021, 17:31:03
[2021.02.19-15.31.03:944][769]CompilerResultsLog: Building CubeLord_AdrianEditor...
[2021.02.19-15.31.03:944][769]CompilerResultsLog: Using Visual Studio 2019 14.28.29335 toolchain (C:\Program Files (x86)\Microsoft Visual Studio\2019\Community\VC\Tools\MSVC\14.28.29333) and Windows 10.0.18362.0 SDK (C:\Program Files (x86)\Windows Kits\10).
[2021.02.19-15.31.03:944][769]CompilerResultsLog: Building 4 actions with 12 processes...
[2021.02.19-15.31.03:944][769]CompilerResultsLog:   [1/4] MyCameraPawn.cpp
[2021.02.19-15.31.03:944][769]CompilerResultsLog:   [2/4] UE4Editor-CubeLord_Adrian-8898.lib
[2021.02.19-15.31.03:944][769]CompilerResultsLog:      Creating library D:\Dropbox\_Innlandet\Game_Design\CubeLord_Adrian\Intermediate\Build\Win64\UE4Editor\Development\CubeLord_Adrian\UE4Editor-CubeLord_Adrian-8898.lib and object D:\Dropbox\_Innlandet\Game_Design\CubeLord_Adrian\Intermediate\Build\Win64\UE4Editor\Development\CubeLord_Adrian\UE4Editor-CubeLord_Adrian-8898.exp
[2021.02.19-15.31.03:944][769]CompilerResultsLog:   [3/4] UE4Editor-CubeLord_Adrian-8898.dll
[2021.02.19-15.31.03:944][769]CompilerResultsLog:      Creating library D:\Dropbox\_Innlandet\Game_Design\CubeLord_Adrian\Intermediate\Build\Win64\UE4Editor\Development\CubeLord_Adrian\UE4Editor-CubeLord_Adrian-8898.suppressed.lib and object D:\Dropbox\_Innlandet\Game_Design\CubeLord_Adrian\Intermediate\Build\Win64\UE4Editor\Development\CubeLord_Adrian\UE4Editor-CubeLord_Adrian-8898.suppressed.exp
[2021.02.19-15.31.03:944][769]CompilerResultsLog:   [4/4] CubeLord_AdrianEditor.target
[2021.02.19-15.31.03:944][769]CompilerResultsLog: Total time in Parallel executor: 1,61 seconds
[2021.02.19-15.31.03:944][769]CompilerResultsLog: Total execution time: 2,16 seconds
[2021.02.19-15.31.03:944][769]LogMainFrame: MainFrame: Module compiling took 2.259 seconds
[2021.02.19-15.31.03:978][769]LogContentBrowser: Native class hierarchy updated for 'CubeLord_Adrian' in 0.0003 seconds. Added 7 classes and 3 folders.
[2021.02.19-15.31.03:979][769]Display: HotReload successful (0 functions remapped  0 scriptstructs remapped)
[2021.02.19-15.31.04:018][769]LogContentBrowser: Native class hierarchy populated in 0.0102 seconds. Added 3434 classes and 824 folders.
[2021.02.19-15.31.04:018][769]Display: HotReload took  2.3s.
[2021.02.19-15.31.08:624][320]Candidate modules for hot reload:
[2021.02.19-15.31.08:624][320]  CubeLord_Adrian
[2021.02.19-15.31.08:624][320]Launching UnrealBuildTool... [D:/EpicGames/UE_4.25/Engine/Binaries/DotNET/UnrealBuildTool.exe  -ModuleWithSuffix=CubeLord_Adrian,960 CubeLord_AdrianEditor Win64 Development -Project="D:/Dropbox/_Innlandet/Game_Design/CubeLord_Adrian/CubeLord_Adrian.uproject" "D:/Dropbox/_Innlandet/Game_Design/CubeLord_Adrian/CubeLord_Adrian.uproject"  -IgnoreJunk]
[2021.02.19-15.31.08:625][320]Warning: Starting HotReload took  0.0s.
[2021.02.19-15.31.10:628][530]CompilerResultsLog: New page: Compilation - 19. feb. 2021, 17:31:10
[2021.02.19-15.31.10:628][530]CompilerResultsLog: Building CubeLord_AdrianEditor...
[2021.02.19-15.31.10:628][530]CompilerResultsLog: Using Visual Studio 2019 14.28.29335 toolchain (C:\Program Files (x86)\Microsoft Visual Studio\2019\Community\VC\Tools\MSVC\14.28.29333) and Windows 10.0.18362.0 SDK (C:\Program Files (x86)\Windows Kits\10).
[2021.02.19-15.31.10:628][530]CompilerResultsLog: Building 3 actions with 12 processes...
[2021.02.19-15.31.10:628][530]CompilerResultsLog:   [1/3] UE4Editor-CubeLord_Adrian-0960.lib
[2021.02.19-15.31.10:628][530]CompilerResultsLog:      Creating library D:\Dropbox\_Innlandet\Game_Design\CubeLord_Adrian\Intermediate\Build\Win64\UE4Editor\Development\CubeLord_Adrian\UE4Editor-CubeLord_Adrian-0960.lib and object D:\Dropbox\_Innlandet\Game_Design\CubeLord_Adrian\Intermediate\Build\Win64\UE4Editor\Development\CubeLord_Adrian\UE4Editor-CubeLord_Adrian-0960.exp
[2021.02.19-15.31.10:628][530]CompilerResultsLog:   [2/3] UE4Editor-CubeLord_Adrian-0960.dll
[2021.02.19-15.31.10:628][530]CompilerResultsLog:      Creating library D:\Dropbox\_Innlandet\Game_Design\CubeLord_Adrian\Intermediate\Build\Win64\UE4Editor\Development\CubeLord_Adrian\UE4Editor-CubeLord_Adrian-0960.suppressed.lib and object D:\Dropbox\_Innlandet\Game_Design\CubeLord_Adrian\Intermediate\Build\Win64\UE4Editor\Development\CubeLord_Adrian\UE4Editor-CubeLord_Adrian-0960.suppressed.exp
[2021.02.19-15.31.10:628][530]CompilerResultsLog:   [3/3] CubeLord_AdrianEditor.target
[2021.02.19-15.31.10:628][530]CompilerResultsLog: Total time in Parallel executor: 1,37 seconds
[2021.02.19-15.31.10:628][530]CompilerResultsLog: Total execution time: 1,92 seconds
[2021.02.19-15.31.10:628][530]LogMainFrame: MainFrame: Module compiling took 2.006 seconds
[2021.02.19-15.31.10:645][530]LogContentBrowser: Native class hierarchy populated in 0.0100 seconds. Added 3434 classes and 824 folders.
[2021.02.19-15.31.10:645][530]Display: HotReload took  2.0s.
[2021.02.19-15.31.14:856][ 34]LogTemp: Repeating last play command: Selected Viewport
[2021.02.19-15.31.14:873][ 34]LogPlayLevel: PlayLevel: No blueprints needed recompiling
[2021.02.19-15.31.14:873][ 34]PIE: New page: PIE session: Movement (19. feb. 2021, 17:31:14)
[2021.02.19-15.31.14:873][ 34]LogPlayLevel: Creating play world package: /Game/Maps/UEDPIE_0_Movement
[2021.02.19-15.31.14:875][ 34]LogPlayLevel: PIE: StaticDuplicateObject took: (0.001826s)
[2021.02.19-15.31.14:876][ 34]LogAIModule: Creating AISystem for world Movement
[2021.02.19-15.31.14:876][ 34]LogAISub: UAISubsystem::UAISubsystem EnvQueryManager (0000014D625FAC00), frame # 14034
[2021.02.19-15.31.14:877][ 34]LogAISub: UAISubsystem::UAISubsystem AIPerceptionSystem (0000014D618F6E80), frame # 14034
[2021.02.19-15.31.14:877][ 34]LogPlayLevel: PIE: World Init took: (0.001346s)
[2021.02.19-15.31.14:877][ 34]LogPlayLevel: PIE: Created PIE world by copying editor world from /Game/Maps/Movement.Movement to /Game/Maps/UEDPIE_0_Movement.Movement (0.003301s)
[2021.02.19-15.31.14:887][ 34]LogUObjectHash: Compacting FUObjectHashTables data took   0.45ms
[2021.02.19-15.31.14:888][ 34]LogAudioMixer: Display: Audio Mixer Platform Settings:
[2021.02.19-15.31.14:888][ 34]LogAudioMixer: Display: 	Sample Rate:						  48000
[2021.02.19-15.31.14:888][ 34]LogAudioMixer: Display: 	Callback Buffer Frame Size Requested: 1024
[2021.02.19-15.31.14:888][ 34]LogAudioMixer: Display: 	Callback Buffer Frame Size To Use:	  1024
[2021.02.19-15.31.14:888][ 34]LogAudioMixer: Display: 	Number of buffers to queue:			  2
[2021.02.19-15.31.14:888][ 34]LogAudioMixer: Display: 	Max Channels (voices):				  32
[2021.02.19-15.31.14:888][ 34]LogAudioMixer: Display: 	Number of Async Source Workers:		  0
[2021.02.19-15.31.14:888][ 34]LogAudio: Display: AudioDevice MaxSources: 32
[2021.02.19-15.31.14:889][ 34]LogAudio: Display: Using built-in audio occlusion.
[2021.02.19-15.31.14:889][ 34]LogAudioMixer: Display: Initializing audio mixer.
[2021.02.19-15.31.14:892][ 34]LogAudioMixer: Display: 0: FrontLeft
[2021.02.19-15.31.14:892][ 34]LogAudioMixer: Display: 1: FrontRight
[2021.02.19-15.31.14:905][ 34]LogAudioMixer: Display: Using Audio Device Headphones (2- Arctis 7 Game)
[2021.02.19-15.31.14:906][ 34]LogAudioMixer: Display: Initializing Sound Submixes...
[2021.02.19-15.31.14:906][ 34]LogAudioMixer: Display: Creating Master Submix 'MasterSubmixDefault'
[2021.02.19-15.31.14:906][ 34]LogAudioMixer: Display: Creating Master Submix 'MasterReverbSubmixDefault'
[2021.02.19-15.31.14:906][ 34]LogAudioMixer: Display: Creating Master Submix 'MasterEQSubmixDefault'
[2021.02.19-15.31.14:907][ 34]LogInit: FAudioDevice initialized.
[2021.02.19-15.31.14:920][ 34]LogLoad: Game class is 'BP_MyCubeLord_AdrianGameModeBase_C'
[2021.02.19-15.31.14:921][ 34]LogWorld: Bringing World /Game/Maps/UEDPIE_0_Movement.Movement up for play (max tick rate 0) at 2021.02.19-16.31.14
[2021.02.19-15.31.14:921][ 34]LogWorld: Bringing up level for play took: 0.000507
[2021.02.19-15.31.14:921][ 34]LogOnline: OSS: Creating online subsystem instance for: :Context_5
[2021.02.19-15.31.14:922][ 34]PIE: Server logged in
[2021.02.19-15.31.14:923][ 34]PIE: Play in editor total start time 0,053 seconds.
[2021.02.19-15.31.16:213][188]LogTemp: Warning: CamMode1
[2021.02.19-15.31.16:721][249]LogTemp: Warning: CamMode2
[2021.02.19-15.31.16:722][249]LogTemp: Warning: Testing works
[2021.02.19-15.31.21:456][249]LogWindows: Error: === Critical error: ===
[2021.02.19-15.31.21:456][249]LogWindows: Error: 
[2021.02.19-15.31.21:456][249]LogWindows: Error: Fatal error!
[2021.02.19-15.31.21:456][249]LogWindows: Error: 
[2021.02.19-15.31.21:456][249]LogWindows: Error: Unhandled Exception: EXCEPTION_ACCESS_VIOLATION writing address 0x00000338
[2021.02.19-15.31.21:456][249]LogWindows: Error: 
[2021.02.19-15.31.21:456][249]LogWindows: Error: [Callstack] 0x00007ffb0f0d58c8 UE4Editor-CubeLord_Adrian-8898.dll!UnknownFunction [D:\Dropbox\_Innlandet\Game_Design\CubeLord_Adrian\Source\CubeLord_Adrian\MyCameraPawn.cpp:63]
[2021.02.19-15.31.21:456][249]LogWindows: Error: [Callstack] 0x00007ffb233491fa UE4Editor-Engine.dll!FInputActionUnifiedDelegate::Execute() [D:\Build\++UE4\Sync\Engine\Source\Runtime\Engine\Classes\Components\InputComponent.h:288]
[2021.02.19-15.31.21:456][249]LogWindows: Error: [Callstack] 0x00007ffb2337514e UE4Editor-Engine.dll!UPlayerInput::ProcessInputStack() [D:\Build\++UE4\Sync\Engine\Source\Runtime\Engine\Private\UserInterface\PlayerInput.cpp:1321]
[2021.02.19-15.31.21:456][249]LogWindows: Error: [Callstack] 0x00007ffb22e7b988 UE4Editor-Engine.dll!APlayerController::ProcessPlayerInput() [D:\Build\++UE4\Sync\Engine\Source\Runtime\Engine\Private\PlayerController.cpp:2567]
[2021.02.19-15.31.21:456][249]LogWindows: Error: [Callstack] 0x00007ffb22e8f1b4 UE4Editor-Engine.dll!APlayerController::TickPlayerInput() [D:\Build\++UE4\Sync\Engine\Source\Runtime\Engine\Private\PlayerController.cpp:4580]
[2021.02.19-15.31.21:456][249]LogWindows: Error: [Callstack] 0x00007ffb22e79a1b UE4Editor-Engine.dll!APlayerController::PlayerTick() [D:\Build\++UE4\Sync\Engine\Source\Runtime\Engine\Private\PlayerController.cpp:2228]
[2021.02.19-15.31.21:456][249]LogWindows: Error: [Callstack] 0x00007ffb22e8d681 UE4Editor-Engine.dll!APlayerController::TickActor() [D:\Build\++UE4\Sync\Engine\Source\Runtime\Engine\Private\PlayerController.cpp:4726]
[2021.02.19-15.31.21:456][249]LogWindows: Error: [Callstack] 0x00007ffb22169f84 UE4Editor-Engine.dll!FActorTickFunction::ExecuteTick() [D:\Build\++UE4\Sync\Engine\Source\Runtime\Engine\Private\Actor.cpp:171]
[2021.02.19-15.31.21:456][249]LogWindows: Error: [Callstack] 0x00007ffb2322936f UE4Editor-Engine.dll!FTickFunctionTask::DoTask() [D:\Build\++UE4\Sync\Engine\Source\Runtime\Engine\Private\TickTaskManager.cpp:283]
[2021.02.19-15.31.21:456][249]LogWindows: Error: [Callstack] 0x00007ffb2322e3c7 UE4Editor-Engine.dll!TGraphTask<FTickFunctionTask>::ExecuteTask() [D:\Build\++UE4\Sync\Engine\Source\Runtime\Core\Public\Async\TaskGraphInterfaces.h:849]
[2021.02.19-15.31.21:456][249]LogWindows: Error: [Callstack] 0x00007ffb24e287d8 UE4Editor-Core.dll!FNamedTaskThread::ProcessTasksNamedThread() [D:\Build\++UE4\Sync\Engine\Source\Runtime\Core\Private\Async\TaskGraph.cpp:692]
[2021.02.19-15.31.21:456][249]LogWindows: Error: [Callstack] 0x00007ffb24e28aa3 UE4Editor-Core.dll!FNamedTaskThread::ProcessTasksUntilQuit() [D:\Build\++UE4\Sync\Engine\Source\Runtime\Core\Private\Async\TaskGraph.cpp:587]
[2021.02.19-15.31.21:457][249]LogWindows: Error: [Callstack] 0x00007ffb24e3f027 UE4Editor-Core.dll!FTaskGraphImplementation::WaitUntilTasksComplete() [D:\Build\++UE4\Sync\Engine\Source\Runtime\Core\Private\Async\TaskGraph.cpp:1478]
[2021.02.19-15.31.21:457][249]LogWindows: Error: [Callstack] 0x00007ffb2324a402 UE4Editor-Engine.dll!FTickTaskSequencer::ReleaseTickGroup() [D:\Build\++UE4\Sync\Engine\Source\Runtime\Engine\Private\TickTaskManager.cpp:558]
[2021.02.19-15.31.21:457][249]LogWindows: Error: [Callstack] 0x00007ffb2324f6ca UE4Editor-Engine.dll!FTickTaskManager::RunTickGroup() [D:\Build\++UE4\Sync\Engine\Source\Runtime\Engine\Private\TickTaskManager.cpp:1523]
[2021.02.19-15.31.21:457][249]LogWindows: Error: [Callstack] 0x00007ffb22a0d0bf UE4Editor-Engine.dll!UWorld::RunTickGroup() [D:\Build\++UE4\Sync\Engine\Source\Runtime\Engine\Private\LevelTick.cpp:783]
[2021.02.19-15.31.21:457][249]LogWindows: Error: [Callstack] 0x00007ffb22a17957 UE4Editor-Engine.dll!UWorld::Tick() [D:\Build\++UE4\Sync\Engine\Source\Runtime\Engine\Private\LevelTick.cpp:1558]
[2021.02.19-15.31.21:457][249]LogWindows: Error: [Callstack] 0x00007ffb2065af57 UE4Editor-UnrealEd.dll!UEditorEngine::Tick() [D:\Build\++UE4\Sync\Engine\Source\Editor\UnrealEd\Private\EditorEngine.cpp:1693]
[2021.02.19-15.31.21:457][249]LogWindows: Error: [Callstack] 0x00007ffb20f337e6 UE4Editor-UnrealEd.dll!UUnrealEdEngine::Tick() [D:\Build\++UE4\Sync\Engine\Source\Editor\UnrealEd\Private\UnrealEdEngine.cpp:414]
[2021.02.19-15.31.21:457][249]LogWindows: Error: [Callstack] 0x00007ff791067800 UE4Editor.exe!FEngineLoop::Tick() [D:\Build\++UE4\Sync\Engine\Source\Runtime\Launch\Private\LaunchEngineLoop.cpp:4850]
[2021.02.19-15.31.21:457][249]LogWindows: Error: [Callstack] 0x00007ff79107ba7c UE4Editor.exe!GuardedMain() [D:\Build\++UE4\Sync\Engine\Source\Runtime\Launch\Private\Launch.cpp:169]
[2021.02.19-15.31.21:457][249]LogWindows: Error: [Callstack] 0x00007ff79107bb5a UE4Editor.exe!GuardedMainWrapper() [D:\Build\++UE4\Sync\Engine\Source\Runtime\Launch\Private\Windows\LaunchWindows.cpp:137]
[2021.02.19-15.31.21:457][249]LogWindows: Error: [Callstack] 0x00007ff79108e31d UE4Editor.exe!WinMain() [D:\Build\++UE4\Sync\Engine\Source\Runtime\Launch\Private\Windows\LaunchWindows.cpp:268]
[2021.02.19-15.31.21:457][249]LogWindows: Error: [Callstack] 0x00007ff79109145a UE4Editor.exe!__scrt_common_main_seh() [d:\agent\_work\5\s\src\vctools\crt\vcstartup\src\startup\exe_common.inl:288]
[2021.02.19-15.31.21:457][249]LogWindows: Error: [Callstack] 0x00007ffb88587034 KERNEL32.DLL!UnknownFunction []
[2021.02.19-15.31.21:457][249]LogWindows: Error: [Callstack] 0x00007ffb8891d241 ntdll.dll!UnknownFunction []
[2021.02.19-15.31.21:457][249]LogWindows: Error: 
[2021.02.19-15.31.21:465][249]LogExit: Executing StaticShutdownAfterError
[2021.02.19-15.31.21:468][249]LogWindows: FPlatformMisc::RequestExit(1)
[2021.02.19-15.31.21:468][249]LogCore: Engine exit requested (reason: Win RequestExit)
[2021.02.19-15.31.21:529][249]Log file closed, 02/19/21 16:31:21
